Flow report for avalon
Mon Nov 14 11:38:40 2022
Quartus Prime Version 18.1.0 Build 625 09/12/2018 SJ Lite Edition


---------------------
; Table of Contents ;
---------------------
  1. Legal Notice
  2. Flow Summary
  3. Flow Settings
  4. Flow Non-Default Global Settings
  5. Flow Elapsed Time
  6. Flow OS Summary
  7. Flow Log
  8. Flow Messages
  9. Flow Suppressed Messages



----------------
; Legal Notice ;
----------------
Copyright (C) 2018  Intel Corporation. All rights reserved.
Your use of Intel Corporation's design tools, logic functions 
and other software and tools, and its AMPP partner logic 
functions, and any output files from any of the foregoing 
(including device programming or simulation files), and any 
associated documentation or information are expressly subject 
to the terms and conditions of the Intel Program License 
Subscription Agreement, the Intel Quartus Prime License Agreement,
the Intel FPGA IP License Agreement, or other applicable license
agreement, including, without limitation, that your use is for
the sole purpose of programming logic devices manufactured by
Intel and sold by Intel or its authorized distributors.  Please
refer to the applicable agreement for further details.



+----------------------------------------------------------------------------------+
; Flow Summary                                                                     ;
+------------------------------------+---------------------------------------------+
; Flow Status                        ; Successful - Mon Nov 14 11:38:40 2022       ;
; Quartus Prime Version              ; 18.1.0 Build 625 09/12/2018 SJ Lite Edition ;
; Revision Name                      ; avalon                                      ;
; Top-level Entity Name              ; avalon_anemometre                           ;
; Family                             ; Cyclone IV E                                ;
; Device                             ; EP4CE22F17C6                                ;
; Timing Models                      ; Final                                       ;
; Total logic elements               ; 1,833 / 22,320 ( 8 % )                      ;
;     Total combinational functions  ; 1,717 / 22,320 ( 8 % )                      ;
;     Dedicated logic registers      ; 961 / 22,320 ( 4 % )                        ;
; Total registers                    ; 961                                         ;
; Total pins                         ; 12 / 154 ( 8 % )                            ;
; Total virtual pins                 ; 0                                           ;
; Total memory bits                  ; 171,264 / 608,256 ( 28 % )                  ;
; Embedded Multiplier 9-bit elements ; 0 / 132 ( 0 % )                             ;
; Total PLLs                         ; 0 / 4 ( 0 % )                               ;
+------------------------------------+---------------------------------------------+


+-----------------------------------------+
; Flow Settings                           ;
+-------------------+---------------------+
; Option            ; Setting             ;
+-------------------+---------------------+
; Start date & time ; 11/14/2022 11:37:18 ;
; Main task         ; Compilation         ;
; Revision Name     ; avalon              ;
+-------------------+---------------------+


+-----------------------------------------------------------------------------------------------------------------------------------------------------------+
; Flow Non-Default Global Settings                                                                                                                          ;
+-------------------------------------+----------------------------------------------------------------+---------------+-------------------+----------------+
; Assignment Name                     ; Value                                                          ; Default Value ; Entity Name       ; Section Id     ;
+-------------------------------------+----------------------------------------------------------------+---------------+-------------------+----------------+
; COMPILER_SIGNATURE_ID               ; 257763412138031.166842223707276                                ; --            ; --                ; --             ;
; EDA_OUTPUT_DATA_FORMAT              ; Vhdl                                                           ; --            ; --                ; eda_simulation ;
; EDA_SIMULATION_TOOL                 ; ModelSim-Altera (VHDL)                                         ; <None>        ; --                ; --             ;
; EDA_TIME_SCALE                      ; 1 ps                                                           ; --            ; --                ; eda_simulation ;
; MAX_CORE_JUNCTION_TEMP              ; 85                                                             ; --            ; --                ; --             ;
; MIN_CORE_JUNCTION_TEMP              ; 0                                                              ; --            ; --                ; --             ;
; MISC_FILE                           ; avalon_anemo/synthesis/../avalon_anemo.cmp                     ; --            ; --                ; --             ;
; MISC_FILE                           ; avalon_anemo/synthesis/../../avalon_anemo.qsys                 ; --            ; --                ; --             ;
; NOMINAL_CORE_SUPPLY_VOLTAGE         ; 1.2V                                                           ; --            ; --                ; --             ;
; PARTITION_COLOR                     ; -- (Not supported for targeted family)                         ; --            ; avalon_anemometre ; Top            ;
; PARTITION_FITTER_PRESERVATION_LEVEL ; -- (Not supported for targeted family)                         ; --            ; avalon_anemometre ; Top            ;
; PARTITION_NETLIST_TYPE              ; -- (Not supported for targeted family)                         ; --            ; avalon_anemometre ; Top            ;
; POWER_BOARD_THERMAL_MODEL           ; None (CONSERVATIVE)                                            ; --            ; --                ; --             ;
; POWER_PRESET_COOLING_SOLUTION       ; 23 MM HEAT SINK WITH 200 LFPM AIRFLOW                          ; --            ; --                ; --             ;
; PROJECT_OUTPUT_DIRECTORY            ; output_files                                                   ; --            ; --                ; --             ;
; SLD_FILE                            ; avalon_anemo/synthesis/avalon_anemo.regmap                     ; --            ; --                ; --             ;
; SLD_FILE                            ; avalon_anemo/synthesis/avalon_anemo.debuginfo                  ; --            ; --                ; --             ;
; SLD_INFO                            ; QSYS_NAME avalon_anemo HAS_SOPCINFO 1 GENERATION_ID 1668414883 ; --            ; avalon_anemo      ; --             ;
; SOPCINFO_FILE                       ; avalon_anemo/synthesis/../../avalon_anemo.sopcinfo             ; --            ; --                ; --             ;
; SYNTHESIS_ONLY_QIP                  ; On                                                             ; --            ; --                ; --             ;
; TOP_LEVEL_ENTITY                    ; avalon_anemometre                                              ; avalon        ; --                ; --             ;
+-------------------------------------+----------------------------------------------------------------+---------------+-------------------+----------------+


+--------------------------------------------------------------------------------------------------------------------------+
; Flow Elapsed Time                                                                                                        ;
+----------------------+--------------+-------------------------+---------------------+------------------------------------+
; Module Name          ; Elapsed Time ; Average Processors Used ; Peak Virtual Memory ; Total CPU Time (on all processors) ;
+----------------------+--------------+-------------------------+---------------------+------------------------------------+
; Analysis & Synthesis ; 00:00:48     ; 1.0                     ; 4893 MB             ; 00:01:21                           ;
; Fitter               ; 00:00:12     ; 1.1                     ; 5551 MB             ; 00:00:16                           ;
; Assembler            ; 00:00:03     ; 1.0                     ; 4681 MB             ; 00:00:02                           ;
; Timing Analyzer      ; 00:00:04     ; 1.1                     ; 4800 MB             ; 00:00:04                           ;
; EDA Netlist Writer   ; 00:00:07     ; 1.0                     ; 4672 MB             ; 00:00:06                           ;
; Total                ; 00:01:14     ; --                      ; --                  ; 00:01:49                           ;
+----------------------+--------------+-------------------------+---------------------+------------------------------------+


+------------------------------------------------------------------------------------+
; Flow OS Summary                                                                    ;
+----------------------+------------------+------------+------------+----------------+
; Module Name          ; Machine Hostname ; OS Name    ; OS Version ; Processor type ;
+----------------------+------------------+------------+------------+----------------+
; Analysis & Synthesis ; Hp               ; Windows 10 ; 10.0       ; x86_64         ;
; Fitter               ; Hp               ; Windows 10 ; 10.0       ; x86_64         ;
; Assembler            ; Hp               ; Windows 10 ; 10.0       ; x86_64         ;
; Timing Analyzer      ; Hp               ; Windows 10 ; 10.0       ; x86_64         ;
; EDA Netlist Writer   ; Hp               ; Windows 10 ; 10.0       ; x86_64         ;
+----------------------+------------------+------------+------------+----------------+


------------
; Flow Log ;
------------
quartus_map --read_settings_files=on --write_settings_files=off avalon -c avalon
quartus_fit --read_settings_files=off --write_settings_files=off avalon -c avalon
quartus_asm --read_settings_files=off --write_settings_files=off avalon -c avalon
quartus_sta avalon -c avalon
quartus_eda --read_settings_files=off --write_settings_files=off avalon -c avalon



