Flow report for verin_avalon
Mon Dec 12 21:17:54 2022
Quartus Prime Version 18.1.0 Build 625 09/12/2018 SJ Lite Edition


---------------------
; Table of Contents ;
---------------------
  1. Legal Notice
  2. Flow Summary
  3. Flow Settings
  4. Flow Non-Default Global Settings
  5. Flow Elapsed Time
  6. Flow OS Summary
  7. Flow Log
  8. Flow Messages
  9. Flow Suppressed Messages



----------------
; Legal Notice ;
----------------
Copyright (C) 2018  Intel Corporation. All rights reserved.
Your use of Intel Corporation's design tools, logic functions 
and other software and tools, and its AMPP partner logic 
functions, and any output files from any of the foregoing 
(including device programming or simulation files), and any 
associated documentation or information are expressly subject 
to the terms and conditions of the Intel Program License 
Subscription Agreement, the Intel Quartus Prime License Agreement,
the Intel FPGA IP License Agreement, or other applicable license
agreement, including, without limitation, that your use is for
the sole purpose of programming logic devices manufactured by
Intel and sold by Intel or its authorized distributors.  Please
refer to the applicable agreement for further details.



+----------------------------------------------------------------------------------+
; Flow Summary                                                                     ;
+------------------------------------+---------------------------------------------+
; Flow Status                        ; Successful - Mon Dec 12 21:17:41 2022       ;
; Quartus Prime Version              ; 18.1.0 Build 625 09/12/2018 SJ Lite Edition ;
; Revision Name                      ; verin_avalon                                ;
; Top-level Entity Name              ; avalon_block                                ;
; Family                             ; Cyclone IV E                                ;
; Device                             ; EP4CE22F17C6                                ;
; Timing Models                      ; Final                                       ;
; Total logic elements               ; 2,231 / 22,320 ( 10 % )                     ;
;     Total combinational functions  ; 2,094 / 22,320 ( 9 % )                      ;
;     Dedicated logic registers      ; 1,186 / 22,320 ( 5 % )                      ;
; Total registers                    ; 1186                                        ;
; Total pins                         ; 8 / 154 ( 5 % )                             ;
; Total virtual pins                 ; 0                                           ;
; Total memory bits                  ; 171,264 / 608,256 ( 28 % )                  ;
; Embedded Multiplier 9-bit elements ; 0 / 132 ( 0 % )                             ;
; Total PLLs                         ; 0 / 4 ( 0 % )                               ;
+------------------------------------+---------------------------------------------+


+-----------------------------------------+
; Flow Settings                           ;
+-------------------+---------------------+
; Option            ; Setting             ;
+-------------------+---------------------+
; Start date & time ; 12/12/2022 21:15:45 ;
; Main task         ; Compilation         ;
; Revision Name     ; verin_avalon        ;
+-------------------+---------------------+


+----------------------------------------------------------------------------------------------------------------------------------------------------+
; Flow Non-Default Global Settings                                                                                                                   ;
+-------------------------------------+-----------------------------------------------------------------+---------------+---------------+------------+
; Assignment Name                     ; Value                                                           ; Default Value ; Entity Name   ; Section Id ;
+-------------------------------------+-----------------------------------------------------------------+---------------+---------------+------------+
; COMPILER_SIGNATURE_ID               ; 257763412138031.167087614419508                                 ; --            ; --            ; --         ;
; MAX_CORE_JUNCTION_TEMP              ; 85                                                              ; --            ; --            ; --         ;
; MIN_CORE_JUNCTION_TEMP              ; 0                                                               ; --            ; --            ; --         ;
; MISC_FILE                           ; verin_avalon2/synthesis/../verin_avalon2.cmp                    ; --            ; --            ; --         ;
; MISC_FILE                           ; verin_avalon2/synthesis/../../verin_avalon2.qsys                ; --            ; --            ; --         ;
; NOMINAL_CORE_SUPPLY_VOLTAGE         ; 1.2V                                                            ; --            ; --            ; --         ;
; PARTITION_COLOR                     ; -- (Not supported for targeted family)                          ; --            ; avalon_block  ; Top        ;
; PARTITION_FITTER_PRESERVATION_LEVEL ; -- (Not supported for targeted family)                          ; --            ; avalon_block  ; Top        ;
; PARTITION_NETLIST_TYPE              ; -- (Not supported for targeted family)                          ; --            ; avalon_block  ; Top        ;
; POWER_BOARD_THERMAL_MODEL           ; None (CONSERVATIVE)                                             ; --            ; --            ; --         ;
; POWER_PRESET_COOLING_SOLUTION       ; 23 MM HEAT SINK WITH 200 LFPM AIRFLOW                           ; --            ; --            ; --         ;
; PROJECT_OUTPUT_DIRECTORY            ; output_files                                                    ; --            ; --            ; --         ;
; SLD_FILE                            ; verin_avalon2/synthesis/verin_avalon2.regmap                    ; --            ; --            ; --         ;
; SLD_FILE                            ; verin_avalon2/synthesis/verin_avalon2.debuginfo                 ; --            ; --            ; --         ;
; SLD_INFO                            ; QSYS_NAME verin_avalon2 HAS_SOPCINFO 1 GENERATION_ID 1670875998 ; --            ; verin_avalon2 ; --         ;
; SOPCINFO_FILE                       ; verin_avalon2/synthesis/../../verin_avalon2.sopcinfo            ; --            ; --            ; --         ;
; SYNTHESIS_ONLY_QIP                  ; On                                                              ; --            ; --            ; --         ;
; TOP_LEVEL_ENTITY                    ; avalon_block                                                    ; verin_avalon  ; --            ; --         ;
+-------------------------------------+-----------------------------------------------------------------+---------------+---------------+------------+


+--------------------------------------------------------------------------------------------------------------------------+
; Flow Elapsed Time                                                                                                        ;
+----------------------+--------------+-------------------------+---------------------+------------------------------------+
; Module Name          ; Elapsed Time ; Average Processors Used ; Peak Virtual Memory ; Total CPU Time (on all processors) ;
+----------------------+--------------+-------------------------+---------------------+------------------------------------+
; Analysis & Synthesis ; 00:01:14     ; 1.0                     ; 4889 MB             ; 00:01:43                           ;
; Fitter               ; 00:00:25     ; 1.1                     ; 5554 MB             ; 00:00:24                           ;
; Assembler            ; 00:00:05     ; 1.0                     ; 4680 MB             ; 00:00:05                           ;
; Timing Analyzer      ; 00:00:11     ; 1.1                     ; 4806 MB             ; 00:00:08                           ;
; Total                ; 00:01:55     ; --                      ; --                  ; 00:02:20                           ;
+----------------------+--------------+-------------------------+---------------------+------------------------------------+


+------------------------------------------------------------------------------------+
; Flow OS Summary                                                                    ;
+----------------------+------------------+------------+------------+----------------+
; Module Name          ; Machine Hostname ; OS Name    ; OS Version ; Processor type ;
+----------------------+------------------+------------+------------+----------------+
; Analysis & Synthesis ; Hp               ; Windows 10 ; 10.0       ; x86_64         ;
; Fitter               ; Hp               ; Windows 10 ; 10.0       ; x86_64         ;
; Assembler            ; Hp               ; Windows 10 ; 10.0       ; x86_64         ;
; Timing Analyzer      ; Hp               ; Windows 10 ; 10.0       ; x86_64         ;
+----------------------+------------------+------------+------------+----------------+


------------
; Flow Log ;
------------
quartus_map --read_settings_files=on --write_settings_files=off verin_avalon -c verin_avalon
quartus_fit --read_settings_files=off --write_settings_files=off verin_avalon -c verin_avalon
quartus_asm --read_settings_files=off --write_settings_files=off verin_avalon -c verin_avalon
quartus_sta verin_avalon -c verin_avalon



