Classic Timing Analyzer report for s
Tue Sep 13 10:36:44 2022
Quartus II Version 9.0 Build 235 06/17/2009 Service Pack 2 SJ Web Edition


---------------------
; Table of Contents ;
---------------------
  1. Legal Notice
  2. Timing Analyzer Summary
  3. Timing Analyzer Settings
  4. Clock Settings Summary
  5. Parallel Compilation
  6. Clock Setup: 'clk'
  7. tsu
  8. tco
  9. th
 10. Timing Analyzer Messages



----------------
; Legal Notice ;
----------------
Copyright (C) 1991-2009 Altera Corporation
Your use of Altera Corporation's design tools, logic functions 
and other software and tools, and its AMPP partner logic 
functions, and any output files from any of the foregoing 
(including device programming or simulation files), and any 
associated documentation or information are expressly subject 
to the terms and conditions of the Altera Program License 
Subscription Agreement, Altera MegaCore Function License 
Agreement, or other applicable license agreement, including, 
without limitation, that your use is for the sole purpose of 
programming logic devices manufactured by Altera and sold by 
Altera or its authorized distributors.  Please refer to the 
applicable agreement for further details.



+-----------------------------------------------------------------------------------------------------------------------------------------------------------------------+
; Timing Analyzer Summary                                                                                                                                               ;
+------------------------------+-------+---------------+----------------------------------+------------------+-------------------+------------+----------+--------------+
; Type                         ; Slack ; Required Time ; Actual Time                      ; From             ; To                ; From Clock ; To Clock ; Failed Paths ;
+------------------------------+-------+---------------+----------------------------------+------------------+-------------------+------------+----------+--------------+
; Worst-case tsu               ; N/A   ; None          ; 1.426 ns                         ; data[0]          ; comp:inst1|p[0]   ; --         ; clk      ; 0            ;
; Worst-case tco               ; N/A   ; None          ; 11.160 ns                        ; comp:inst1|p[2]  ; seg[6]            ; clk        ; --       ; 0            ;
; Worst-case th                ; N/A   ; None          ; 2.544 ns                         ; load             ; comp:inst1|p[2]   ; --         ; clk      ; 0            ;
; Clock Setup: 'clk'           ; N/A   ; None          ; 230.52 MHz ( period = 4.338 ns ) ; frq:inst2|cnt[0] ; frq:inst2|cnt[24] ; clk        ; clk      ; 0            ;
; Total number of failed paths ;       ;               ;                                  ;                  ;                   ;            ;          ; 0            ;
+------------------------------+-------+---------------+----------------------------------+------------------+-------------------+------------+----------+--------------+


+--------------------------------------------------------------------------------------------------------------------+
; Timing Analyzer Settings                                                                                           ;
+---------------------------------------------------------------------+--------------------+------+----+-------------+
; Option                                                              ; Setting            ; From ; To ; Entity Name ;
+---------------------------------------------------------------------+--------------------+------+----+-------------+
; Device Name                                                         ; EP2C35F672C6       ;      ;    ;             ;
; Timing Models                                                       ; Final              ;      ;    ;             ;
; Default hold multicycle                                             ; Same as Multicycle ;      ;    ;             ;
; Cut paths between unrelated clock domains                           ; On                 ;      ;    ;             ;
; Cut off read during write signal paths                              ; On                 ;      ;    ;             ;
; Cut off feedback from I/O pins                                      ; On                 ;      ;    ;             ;
; Report Combined Fast/Slow Timing                                    ; Off                ;      ;    ;             ;
; Ignore Clock Settings                                               ; Off                ;      ;    ;             ;
; Analyze latches as synchronous elements                             ; On                 ;      ;    ;             ;
; Enable Recovery/Removal analysis                                    ; Off                ;      ;    ;             ;
; Enable Clock Latency                                                ; Off                ;      ;    ;             ;
; Use TimeQuest Timing Analyzer                                       ; Off                ;      ;    ;             ;
; Minimum Core Junction Temperature                                   ; 0                  ;      ;    ;             ;
; Maximum Core Junction Temperature                                   ; 85                 ;      ;    ;             ;
; Number of source nodes to report per destination node               ; 10                 ;      ;    ;             ;
; Number of destination nodes to report                               ; 10                 ;      ;    ;             ;
; Number of paths to report                                           ; 200                ;      ;    ;             ;
; Report Minimum Timing Checks                                        ; Off                ;      ;    ;             ;
; Use Fast Timing Models                                              ; Off                ;      ;    ;             ;
; Report IO Paths Separately                                          ; Off                ;      ;    ;             ;
; Perform Multicorner Analysis                                        ; On                 ;      ;    ;             ;
; Reports the worst-case path for each clock domain and analysis      ; Off                ;      ;    ;             ;
; Removes common clock path pessimism (CCPP) during slack computation ; Off                ;      ;    ;             ;
; Output I/O Timing Endpoint                                          ; Near End           ;      ;    ;             ;
+---------------------------------------------------------------------+--------------------+------+----+-------------+


+------------------------------------------------------------------------------------------------------------------------------------------------------------------------------------+
; Clock Settings Summary                                                                                                                                                             ;
+-----------------+--------------------+----------+------------------+---------------+--------------+----------+-----------------------+---------------------+--------+--------------+
; Clock Node Name ; Clock Setting Name ; Type     ; Fmax Requirement ; Early Latency ; Late Latency ; Based on ; Multiply Base Fmax by ; Divide Base Fmax by ; Offset ; Phase offset ;
+-----------------+--------------------+----------+------------------+---------------+--------------+----------+-----------------------+---------------------+--------+--------------+
; clk             ;                    ; User Pin ; None             ; 0.000 ns      ; 0.000 ns     ; --       ; N/A                   ; N/A                 ; N/A    ;              ;
+-----------------+--------------------+----------+------------------+---------------+--------------+----------+-----------------------+---------------------+--------+--------------+


Parallel compilation was disabled, but you have multiple processors available. Enable parallel compilation to reduce compilation time.
+-------------------------------------+
; Parallel Compilation                ;
+----------------------------+--------+
; Processors                 ; Number ;
+----------------------------+--------+
; Number detected on machine ; 4      ;
; Maximum allowed            ; 1      ;
+----------------------------+--------+


+---------------------------------------------------------------------------------------------------------------------------------------------------------------------------------------------------------------------------------------------------+
; Clock Setup: 'clk'                                                                                                                                                                                                                                ;
+-----------------------------------------+-----------------------------------------------------+-------------------+-------------------+------------+----------+-----------------------------+---------------------------+-------------------------+
; Slack                                   ; Actual fmax (period)                                ; From              ; To                ; From Clock ; To Clock ; Required Setup Relationship ; Required Longest P2P Time ; Actual Longest P2P Time ;
+-----------------------------------------+-----------------------------------------------------+-------------------+-------------------+------------+----------+-----------------------------+---------------------------+-------------------------+
; N/A                                     ; 230.52 MHz ( period = 4.338 ns )                    ; frq:inst2|cnt[0]  ; frq:inst2|cnt[24] ; clk        ; clk      ; None                        ; None                      ; 4.130 ns                ;
; N/A                                     ; 235.07 MHz ( period = 4.254 ns )                    ; frq:inst2|cnt[0]  ; frq:inst2|cnt[31] ; clk        ; clk      ; None                        ; None                      ; 4.044 ns                ;
; N/A                                     ; 236.02 MHz ( period = 4.237 ns )                    ; frq:inst2|cnt[0]  ; frq:inst2|cnt[22] ; clk        ; clk      ; None                        ; None                      ; 4.023 ns                ;
; N/A                                     ; 238.95 MHz ( period = 4.185 ns )                    ; frq:inst2|cnt[0]  ; frq:inst2|cnt[21] ; clk        ; clk      ; None                        ; None                      ; 3.971 ns                ;
; N/A                                     ; 239.06 MHz ( period = 4.183 ns )                    ; frq:inst2|cnt[0]  ; frq:inst2|cnt[30] ; clk        ; clk      ; None                        ; None                      ; 3.973 ns                ;
; N/A                                     ; 243.13 MHz ( period = 4.113 ns )                    ; frq:inst2|cnt[0]  ; frq:inst2|cnt[20] ; clk        ; clk      ; None                        ; None                      ; 3.899 ns                ;
; N/A                                     ; 243.19 MHz ( period = 4.112 ns )                    ; frq:inst2|cnt[0]  ; frq:inst2|cnt[29] ; clk        ; clk      ; None                        ; None                      ; 3.902 ns                ;
; N/A                                     ; 244.80 MHz ( period = 4.085 ns )                    ; frq:inst2|cnt[0]  ; frq:inst2|cnt[19] ; clk        ; clk      ; None                        ; None                      ; 3.871 ns                ;
; N/A                                     ; 247.46 MHz ( period = 4.041 ns )                    ; frq:inst2|cnt[0]  ; frq:inst2|cnt[28] ; clk        ; clk      ; None                        ; None                      ; 3.831 ns                ;
; N/A                                     ; 251.89 MHz ( period = 3.970 ns )                    ; frq:inst2|cnt[0]  ; frq:inst2|cnt[27] ; clk        ; clk      ; None                        ; None                      ; 3.760 ns                ;
; N/A                                     ; 255.56 MHz ( period = 3.913 ns )                    ; frq:inst2|cnt[6]  ; frq:inst2|cnt[24] ; clk        ; clk      ; None                        ; None                      ; 3.699 ns                ;
; N/A                                     ; 256.48 MHz ( period = 3.899 ns )                    ; frq:inst2|cnt[0]  ; frq:inst2|cnt[26] ; clk        ; clk      ; None                        ; None                      ; 3.689 ns                ;
; N/A                                     ; 258.20 MHz ( period = 3.873 ns )                    ; frq:inst2|cnt[0]  ; frq:inst2|cnt[13] ; clk        ; clk      ; None                        ; None                      ; 3.659 ns                ;
; N/A                                     ; 261.16 MHz ( period = 3.829 ns )                    ; frq:inst2|cnt[6]  ; frq:inst2|cnt[31] ; clk        ; clk      ; None                        ; None                      ; 3.613 ns                ;
; N/A                                     ; 261.16 MHz ( period = 3.829 ns )                    ; frq:inst2|cnt[0]  ; frq:inst2|cnt[18] ; clk        ; clk      ; None                        ; None                      ; 3.615 ns                ;
; N/A                                     ; 261.23 MHz ( period = 3.828 ns )                    ; frq:inst2|cnt[0]  ; frq:inst2|cnt[25] ; clk        ; clk      ; None                        ; None                      ; 3.618 ns                ;
; N/A                                     ; 261.30 MHz ( period = 3.827 ns )                    ; frq:inst2|cnt[0]  ; frq:inst2|cnt[16] ; clk        ; clk      ; None                        ; None                      ; 3.613 ns                ;
; N/A                                     ; 262.33 MHz ( period = 3.812 ns )                    ; frq:inst2|cnt[6]  ; frq:inst2|cnt[22] ; clk        ; clk      ; None                        ; None                      ; 3.592 ns                ;
; N/A                                     ; 263.02 MHz ( period = 3.802 ns )                    ; frq:inst2|cnt[0]  ; frq:inst2|cnt[12] ; clk        ; clk      ; None                        ; None                      ; 3.588 ns                ;
; N/A                                     ; 263.09 MHz ( period = 3.801 ns )                    ; frq:inst2|cnt[1]  ; frq:inst2|cnt[24] ; clk        ; clk      ; None                        ; None                      ; 3.595 ns                ;
; N/A                                     ; 265.96 MHz ( period = 3.760 ns )                    ; frq:inst2|cnt[6]  ; frq:inst2|cnt[21] ; clk        ; clk      ; None                        ; None                      ; 3.540 ns                ;
; N/A                                     ; 266.10 MHz ( period = 3.758 ns )                    ; frq:inst2|cnt[6]  ; frq:inst2|cnt[30] ; clk        ; clk      ; None                        ; None                      ; 3.542 ns                ;
; N/A                                     ; 266.81 MHz ( period = 3.748 ns )                    ; frq:inst2|cnt[0]  ; frq:inst2|cnt[14] ; clk        ; clk      ; None                        ; None                      ; 3.534 ns                ;
; N/A                                     ; 267.67 MHz ( period = 3.736 ns )                    ; frq:inst2|cnt[2]  ; frq:inst2|cnt[24] ; clk        ; clk      ; None                        ; None                      ; 3.530 ns                ;
; N/A                                     ; 269.03 MHz ( period = 3.717 ns )                    ; frq:inst2|cnt[1]  ; frq:inst2|cnt[31] ; clk        ; clk      ; None                        ; None                      ; 3.509 ns                ;
; N/A                                     ; 270.27 MHz ( period = 3.700 ns )                    ; frq:inst2|cnt[1]  ; frq:inst2|cnt[22] ; clk        ; clk      ; None                        ; None                      ; 3.488 ns                ;
; N/A                                     ; 270.49 MHz ( period = 3.697 ns )                    ; frq:inst2|cnt[3]  ; frq:inst2|cnt[24] ; clk        ; clk      ; None                        ; None                      ; 3.491 ns                ;
; N/A                                     ; 271.15 MHz ( period = 3.688 ns )                    ; frq:inst2|cnt[6]  ; frq:inst2|cnt[20] ; clk        ; clk      ; None                        ; None                      ; 3.468 ns                ;
; N/A                                     ; 271.22 MHz ( period = 3.687 ns )                    ; frq:inst2|cnt[6]  ; frq:inst2|cnt[29] ; clk        ; clk      ; None                        ; None                      ; 3.471 ns                ;
; N/A                                     ; 273.22 MHz ( period = 3.660 ns )                    ; frq:inst2|cnt[6]  ; frq:inst2|cnt[19] ; clk        ; clk      ; None                        ; None                      ; 3.440 ns                ;
; N/A                                     ; 273.82 MHz ( period = 3.652 ns )                    ; frq:inst2|cnt[2]  ; frq:inst2|cnt[31] ; clk        ; clk      ; None                        ; None                      ; 3.444 ns                ;
; N/A                                     ; 274.12 MHz ( period = 3.648 ns )                    ; frq:inst2|cnt[1]  ; frq:inst2|cnt[21] ; clk        ; clk      ; None                        ; None                      ; 3.436 ns                ;
; N/A                                     ; 274.27 MHz ( period = 3.646 ns )                    ; frq:inst2|cnt[1]  ; frq:inst2|cnt[30] ; clk        ; clk      ; None                        ; None                      ; 3.438 ns                ;
; N/A                                     ; 274.50 MHz ( period = 3.643 ns )                    ; frq:inst2|cnt[14] ; frq:inst2|cnt[11] ; clk        ; clk      ; None                        ; None                      ; 3.429 ns                ;
; N/A                                     ; 274.65 MHz ( period = 3.641 ns )                    ; frq:inst2|cnt[14] ; frq:inst2|cnt[19] ; clk        ; clk      ; None                        ; None                      ; 3.427 ns                ;
; N/A                                     ; 274.80 MHz ( period = 3.639 ns )                    ; frq:inst2|cnt[11] ; frq:inst2|cnt[11] ; clk        ; clk      ; None                        ; None                      ; 3.425 ns                ;
; N/A                                     ; 274.95 MHz ( period = 3.637 ns )                    ; frq:inst2|cnt[11] ; frq:inst2|cnt[19] ; clk        ; clk      ; None                        ; None                      ; 3.423 ns                ;
; N/A                                     ; 275.03 MHz ( period = 3.636 ns )                    ; frq:inst2|cnt[14] ; frq:inst2|cnt[18] ; clk        ; clk      ; None                        ; None                      ; 3.422 ns                ;
; N/A                                     ; 275.10 MHz ( period = 3.635 ns )                    ; frq:inst2|cnt[2]  ; frq:inst2|cnt[22] ; clk        ; clk      ; None                        ; None                      ; 3.423 ns                ;
; N/A                                     ; 275.25 MHz ( period = 3.633 ns )                    ; frq:inst2|cnt[14] ; frq:inst2|cnt[12] ; clk        ; clk      ; None                        ; None                      ; 3.419 ns                ;
; N/A                                     ; 275.25 MHz ( period = 3.633 ns )                    ; frq:inst2|cnt[14] ; frq:inst2|cnt[14] ; clk        ; clk      ; None                        ; None                      ; 3.419 ns                ;
; N/A                                     ; 275.33 MHz ( period = 3.632 ns )                    ; frq:inst2|cnt[11] ; frq:inst2|cnt[18] ; clk        ; clk      ; None                        ; None                      ; 3.418 ns                ;
; N/A                                     ; 275.33 MHz ( period = 3.632 ns )                    ; frq:inst2|cnt[14] ; frq:inst2|cnt[13] ; clk        ; clk      ; None                        ; None                      ; 3.418 ns                ;
; N/A                                     ; 275.56 MHz ( period = 3.629 ns )                    ; frq:inst2|cnt[11] ; frq:inst2|cnt[12] ; clk        ; clk      ; None                        ; None                      ; 3.415 ns                ;
; N/A                                     ; 275.56 MHz ( period = 3.629 ns )                    ; frq:inst2|cnt[11] ; frq:inst2|cnt[14] ; clk        ; clk      ; None                        ; None                      ; 3.415 ns                ;
; N/A                                     ; 275.63 MHz ( period = 3.628 ns )                    ; frq:inst2|cnt[11] ; frq:inst2|cnt[13] ; clk        ; clk      ; None                        ; None                      ; 3.414 ns                ;
; N/A                                     ; 276.55 MHz ( period = 3.616 ns )                    ; frq:inst2|cnt[6]  ; frq:inst2|cnt[28] ; clk        ; clk      ; None                        ; None                      ; 3.400 ns                ;
; N/A                                     ; 276.78 MHz ( period = 3.613 ns )                    ; frq:inst2|cnt[3]  ; frq:inst2|cnt[31] ; clk        ; clk      ; None                        ; None                      ; 3.405 ns                ;
; N/A                                     ; 277.93 MHz ( period = 3.598 ns )                    ; frq:inst2|cnt[0]  ; frq:inst2|cnt[23] ; clk        ; clk      ; None                        ; None                      ; 3.388 ns                ;
; N/A                                     ; 278.09 MHz ( period = 3.596 ns )                    ; frq:inst2|cnt[3]  ; frq:inst2|cnt[22] ; clk        ; clk      ; None                        ; None                      ; 3.384 ns                ;
; N/A                                     ; 278.24 MHz ( period = 3.594 ns )                    ; frq:inst2|cnt[4]  ; frq:inst2|cnt[24] ; clk        ; clk      ; None                        ; None                      ; 3.388 ns                ;
; N/A                                     ; 279.10 MHz ( period = 3.583 ns )                    ; frq:inst2|cnt[2]  ; frq:inst2|cnt[21] ; clk        ; clk      ; None                        ; None                      ; 3.371 ns                ;
; N/A                                     ; 279.25 MHz ( period = 3.581 ns )                    ; frq:inst2|cnt[2]  ; frq:inst2|cnt[30] ; clk        ; clk      ; None                        ; None                      ; 3.373 ns                ;
; N/A                                     ; 279.33 MHz ( period = 3.580 ns )                    ; frq:inst2|cnt[9]  ; frq:inst2|cnt[11] ; clk        ; clk      ; None                        ; None                      ; 3.368 ns                ;
; N/A                                     ; 279.49 MHz ( period = 3.578 ns )                    ; frq:inst2|cnt[9]  ; frq:inst2|cnt[19] ; clk        ; clk      ; None                        ; None                      ; 3.366 ns                ;
; N/A                                     ; 279.64 MHz ( period = 3.576 ns )                    ; frq:inst2|cnt[1]  ; frq:inst2|cnt[20] ; clk        ; clk      ; None                        ; None                      ; 3.364 ns                ;
; N/A                                     ; 279.72 MHz ( period = 3.575 ns )                    ; frq:inst2|cnt[1]  ; frq:inst2|cnt[29] ; clk        ; clk      ; None                        ; None                      ; 3.367 ns                ;
; N/A                                     ; 279.88 MHz ( period = 3.573 ns )                    ; frq:inst2|cnt[9]  ; frq:inst2|cnt[18] ; clk        ; clk      ; None                        ; None                      ; 3.361 ns                ;
; N/A                                     ; 280.11 MHz ( period = 3.570 ns )                    ; frq:inst2|cnt[9]  ; frq:inst2|cnt[12] ; clk        ; clk      ; None                        ; None                      ; 3.358 ns                ;
; N/A                                     ; 280.11 MHz ( period = 3.570 ns )                    ; frq:inst2|cnt[9]  ; frq:inst2|cnt[14] ; clk        ; clk      ; None                        ; None                      ; 3.358 ns                ;
; N/A                                     ; 280.19 MHz ( period = 3.569 ns )                    ; frq:inst2|cnt[9]  ; frq:inst2|cnt[13] ; clk        ; clk      ; None                        ; None                      ; 3.357 ns                ;
; N/A                                     ; 281.29 MHz ( period = 3.555 ns )                    ; frq:inst2|cnt[5]  ; frq:inst2|cnt[24] ; clk        ; clk      ; None                        ; None                      ; 3.349 ns                ;
; N/A                                     ; 281.85 MHz ( period = 3.548 ns )                    ; frq:inst2|cnt[1]  ; frq:inst2|cnt[19] ; clk        ; clk      ; None                        ; None                      ; 3.336 ns                ;
; N/A                                     ; 282.09 MHz ( period = 3.545 ns )                    ; frq:inst2|cnt[6]  ; frq:inst2|cnt[27] ; clk        ; clk      ; None                        ; None                      ; 3.329 ns                ;
; N/A                                     ; 282.17 MHz ( period = 3.544 ns )                    ; frq:inst2|cnt[3]  ; frq:inst2|cnt[21] ; clk        ; clk      ; None                        ; None                      ; 3.332 ns                ;
; N/A                                     ; 282.33 MHz ( period = 3.542 ns )                    ; frq:inst2|cnt[3]  ; frq:inst2|cnt[30] ; clk        ; clk      ; None                        ; None                      ; 3.334 ns                ;
; N/A                                     ; 283.45 MHz ( period = 3.528 ns )                    ; frq:inst2|cnt[0]  ; frq:inst2|cnt[11] ; clk        ; clk      ; None                        ; None                      ; 3.314 ns                ;
; N/A                                     ; 284.82 MHz ( period = 3.511 ns )                    ; frq:inst2|cnt[2]  ; frq:inst2|cnt[20] ; clk        ; clk      ; None                        ; None                      ; 3.299 ns                ;
; N/A                                     ; 284.90 MHz ( period = 3.510 ns )                    ; frq:inst2|cnt[2]  ; frq:inst2|cnt[29] ; clk        ; clk      ; None                        ; None                      ; 3.302 ns                ;
; N/A                                     ; 284.90 MHz ( period = 3.510 ns )                    ; frq:inst2|cnt[4]  ; frq:inst2|cnt[31] ; clk        ; clk      ; None                        ; None                      ; 3.302 ns                ;
; N/A                                     ; 285.39 MHz ( period = 3.504 ns )                    ; frq:inst2|cnt[1]  ; frq:inst2|cnt[28] ; clk        ; clk      ; None                        ; None                      ; 3.296 ns                ;
; N/A                                     ; 286.29 MHz ( period = 3.493 ns )                    ; frq:inst2|cnt[4]  ; frq:inst2|cnt[22] ; clk        ; clk      ; None                        ; None                      ; 3.281 ns                ;
; N/A                                     ; 287.11 MHz ( period = 3.483 ns )                    ; frq:inst2|cnt[2]  ; frq:inst2|cnt[19] ; clk        ; clk      ; None                        ; None                      ; 3.271 ns                ;
; N/A                                     ; 287.85 MHz ( period = 3.474 ns )                    ; frq:inst2|cnt[6]  ; frq:inst2|cnt[26] ; clk        ; clk      ; None                        ; None                      ; 3.258 ns                ;
; N/A                                     ; 288.02 MHz ( period = 3.472 ns )                    ; frq:inst2|cnt[3]  ; frq:inst2|cnt[20] ; clk        ; clk      ; None                        ; None                      ; 3.260 ns                ;
; N/A                                     ; 288.10 MHz ( period = 3.471 ns )                    ; frq:inst2|cnt[3]  ; frq:inst2|cnt[29] ; clk        ; clk      ; None                        ; None                      ; 3.263 ns                ;
; N/A                                     ; 288.10 MHz ( period = 3.471 ns )                    ; frq:inst2|cnt[5]  ; frq:inst2|cnt[31] ; clk        ; clk      ; None                        ; None                      ; 3.263 ns                ;
; N/A                                     ; 289.27 MHz ( period = 3.457 ns )                    ; frq:inst2|cnt[20] ; frq:inst2|cnt[22] ; clk        ; clk      ; None                        ; None                      ; 3.243 ns                ;
; N/A                                     ; 289.44 MHz ( period = 3.455 ns )                    ; frq:inst2|cnt[20] ; frq:inst2|cnt[0]  ; clk        ; clk      ; None                        ; None                      ; 3.241 ns                ;
; N/A                                     ; 289.52 MHz ( period = 3.454 ns )                    ; frq:inst2|cnt[5]  ; frq:inst2|cnt[22] ; clk        ; clk      ; None                        ; None                      ; 3.242 ns                ;
; N/A                                     ; 289.77 MHz ( period = 3.451 ns )                    ; frq:inst2|cnt[20] ; frq:inst2|cnt[16] ; clk        ; clk      ; None                        ; None                      ; 3.237 ns                ;
; N/A                                     ; 290.02 MHz ( period = 3.448 ns )                    ; frq:inst2|cnt[6]  ; frq:inst2|cnt[13] ; clk        ; clk      ; None                        ; None                      ; 3.228 ns                ;
; N/A                                     ; 290.19 MHz ( period = 3.446 ns )                    ; frq:inst2|cnt[20] ; frq:inst2|cnt[21] ; clk        ; clk      ; None                        ; None                      ; 3.232 ns                ;
; N/A                                     ; 290.36 MHz ( period = 3.444 ns )                    ; frq:inst2|cnt[3]  ; frq:inst2|cnt[19] ; clk        ; clk      ; None                        ; None                      ; 3.232 ns                ;
; N/A                                     ; 290.36 MHz ( period = 3.444 ns )                    ; frq:inst2|cnt[20] ; frq:inst2|cnt[20] ; clk        ; clk      ; None                        ; None                      ; 3.230 ns                ;
; N/A                                     ; 290.53 MHz ( period = 3.442 ns )                    ; frq:inst2|cnt[12] ; frq:inst2|cnt[24] ; clk        ; clk      ; None                        ; None                      ; 3.234 ns                ;
; N/A                                     ; 290.61 MHz ( period = 3.441 ns )                    ; frq:inst2|cnt[4]  ; frq:inst2|cnt[21] ; clk        ; clk      ; None                        ; None                      ; 3.229 ns                ;
; N/A                                     ; 290.78 MHz ( period = 3.439 ns )                    ; frq:inst2|cnt[4]  ; frq:inst2|cnt[30] ; clk        ; clk      ; None                        ; None                      ; 3.231 ns                ;
; N/A                                     ; 290.78 MHz ( period = 3.439 ns )                    ; frq:inst2|cnt[2]  ; frq:inst2|cnt[28] ; clk        ; clk      ; None                        ; None                      ; 3.231 ns                ;
; N/A                                     ; 291.21 MHz ( period = 3.434 ns )                    ; frq:inst2|cnt[1]  ; frq:inst2|cnt[11] ; clk        ; clk      ; None                        ; None                      ; 3.222 ns                ;
; N/A                                     ; 291.29 MHz ( period = 3.433 ns )                    ; frq:inst2|cnt[1]  ; frq:inst2|cnt[27] ; clk        ; clk      ; None                        ; None                      ; 3.225 ns                ;
; N/A                                     ; 291.80 MHz ( period = 3.427 ns )                    ; frq:inst2|cnt[1]  ; frq:inst2|cnt[18] ; clk        ; clk      ; None                        ; None                      ; 3.215 ns                ;
; N/A                                     ; 292.06 MHz ( period = 3.424 ns )                    ; frq:inst2|cnt[1]  ; frq:inst2|cnt[12] ; clk        ; clk      ; None                        ; None                      ; 3.212 ns                ;
; N/A                                     ; 292.06 MHz ( period = 3.424 ns )                    ; frq:inst2|cnt[1]  ; frq:inst2|cnt[14] ; clk        ; clk      ; None                        ; None                      ; 3.212 ns                ;
; N/A                                     ; 292.14 MHz ( period = 3.423 ns )                    ; frq:inst2|cnt[1]  ; frq:inst2|cnt[13] ; clk        ; clk      ; None                        ; None                      ; 3.211 ns                ;
; N/A                                     ; 293.77 MHz ( period = 3.404 ns )                    ; frq:inst2|cnt[6]  ; frq:inst2|cnt[18] ; clk        ; clk      ; None                        ; None                      ; 3.184 ns                ;
; N/A                                     ; 293.86 MHz ( period = 3.403 ns )                    ; frq:inst2|cnt[6]  ; frq:inst2|cnt[25] ; clk        ; clk      ; None                        ; None                      ; 3.187 ns                ;
; N/A                                     ; 293.94 MHz ( period = 3.402 ns )                    ; frq:inst2|cnt[6]  ; frq:inst2|cnt[16] ; clk        ; clk      ; None                        ; None                      ; 3.182 ns                ;
; N/A                                     ; 293.94 MHz ( period = 3.402 ns )                    ; frq:inst2|cnt[5]  ; frq:inst2|cnt[21] ; clk        ; clk      ; None                        ; None                      ; 3.190 ns                ;
; N/A                                     ; 294.03 MHz ( period = 3.401 ns )                    ; frq:inst2|cnt[14] ; frq:inst2|cnt[22] ; clk        ; clk      ; None                        ; None                      ; 3.187 ns                ;
; N/A                                     ; 294.12 MHz ( period = 3.400 ns )                    ; frq:inst2|cnt[5]  ; frq:inst2|cnt[30] ; clk        ; clk      ; None                        ; None                      ; 3.192 ns                ;
; N/A                                     ; 294.12 MHz ( period = 3.400 ns )                    ; frq:inst2|cnt[3]  ; frq:inst2|cnt[28] ; clk        ; clk      ; None                        ; None                      ; 3.192 ns                ;
; N/A                                     ; 294.20 MHz ( period = 3.399 ns )                    ; frq:inst2|cnt[11] ; frq:inst2|cnt[24] ; clk        ; clk      ; None                        ; None                      ; 3.191 ns                ;
; N/A                                     ; 294.20 MHz ( period = 3.399 ns )                    ; frq:inst2|cnt[14] ; frq:inst2|cnt[0]  ; clk        ; clk      ; None                        ; None                      ; 3.185 ns                ;
; N/A                                     ; 294.38 MHz ( period = 3.397 ns )                    ; frq:inst2|cnt[11] ; frq:inst2|cnt[22] ; clk        ; clk      ; None                        ; None                      ; 3.183 ns                ;
; N/A                                     ; 294.55 MHz ( period = 3.395 ns )                    ; frq:inst2|cnt[11] ; frq:inst2|cnt[0]  ; clk        ; clk      ; None                        ; None                      ; 3.181 ns                ;
; N/A                                     ; 294.72 MHz ( period = 3.393 ns )                    ; frq:inst2|cnt[14] ; frq:inst2|cnt[16] ; clk        ; clk      ; None                        ; None                      ; 3.179 ns                ;
; N/A                                     ; 294.72 MHz ( period = 3.393 ns )                    ; frq:inst2|cnt[14] ; frq:inst2|cnt[20] ; clk        ; clk      ; None                        ; None                      ; 3.179 ns                ;
; N/A                                     ; 294.81 MHz ( period = 3.392 ns )                    ; frq:inst2|cnt[14] ; frq:inst2|cnt[21] ; clk        ; clk      ; None                        ; None                      ; 3.178 ns                ;
; N/A                                     ; 295.07 MHz ( period = 3.389 ns )                    ; frq:inst2|cnt[11] ; frq:inst2|cnt[16] ; clk        ; clk      ; None                        ; None                      ; 3.175 ns                ;
; N/A                                     ; 295.07 MHz ( period = 3.389 ns )                    ; frq:inst2|cnt[11] ; frq:inst2|cnt[20] ; clk        ; clk      ; None                        ; None                      ; 3.175 ns                ;
; N/A                                     ; 295.16 MHz ( period = 3.388 ns )                    ; frq:inst2|cnt[11] ; frq:inst2|cnt[21] ; clk        ; clk      ; None                        ; None                      ; 3.174 ns                ;
; N/A                                     ; 295.42 MHz ( period = 3.385 ns )                    ; frq:inst2|cnt[7]  ; frq:inst2|cnt[24] ; clk        ; clk      ; None                        ; None                      ; 3.179 ns                ;
; N/A                                     ; 296.12 MHz ( period = 3.377 ns )                    ; frq:inst2|cnt[6]  ; frq:inst2|cnt[12] ; clk        ; clk      ; None                        ; None                      ; 3.157 ns                ;
; N/A                                     ; 296.82 MHz ( period = 3.369 ns )                    ; frq:inst2|cnt[4]  ; frq:inst2|cnt[20] ; clk        ; clk      ; None                        ; None                      ; 3.157 ns                ;
; N/A                                     ; 296.91 MHz ( period = 3.368 ns )                    ; frq:inst2|cnt[4]  ; frq:inst2|cnt[29] ; clk        ; clk      ; None                        ; None                      ; 3.160 ns                ;
; N/A                                     ; 296.91 MHz ( period = 3.368 ns )                    ; frq:inst2|cnt[2]  ; frq:inst2|cnt[27] ; clk        ; clk      ; None                        ; None                      ; 3.160 ns                ;
; N/A                                     ; 297.44 MHz ( period = 3.362 ns )                    ; frq:inst2|cnt[1]  ; frq:inst2|cnt[26] ; clk        ; clk      ; None                        ; None                      ; 3.154 ns                ;
; N/A                                     ; 297.80 MHz ( period = 3.358 ns )                    ; frq:inst2|cnt[12] ; frq:inst2|cnt[31] ; clk        ; clk      ; None                        ; None                      ; 3.148 ns                ;
; N/A                                     ; 299.31 MHz ( period = 3.341 ns )                    ; frq:inst2|cnt[4]  ; frq:inst2|cnt[19] ; clk        ; clk      ; None                        ; None                      ; 3.129 ns                ;
; N/A                                     ; 299.31 MHz ( period = 3.341 ns )                    ; frq:inst2|cnt[12] ; frq:inst2|cnt[22] ; clk        ; clk      ; None                        ; None                      ; 3.127 ns                ;
; N/A                                     ; 299.58 MHz ( period = 3.338 ns )                    ; frq:inst2|cnt[9]  ; frq:inst2|cnt[22] ; clk        ; clk      ; None                        ; None                      ; 3.126 ns                ;
; N/A                                     ; 299.76 MHz ( period = 3.336 ns )                    ; frq:inst2|cnt[9]  ; frq:inst2|cnt[0]  ; clk        ; clk      ; None                        ; None                      ; 3.124 ns                ;
; N/A                                     ; 300.30 MHz ( period = 3.330 ns )                    ; frq:inst2|cnt[9]  ; frq:inst2|cnt[16] ; clk        ; clk      ; None                        ; None                      ; 3.118 ns                ;
; N/A                                     ; 300.30 MHz ( period = 3.330 ns )                    ; frq:inst2|cnt[9]  ; frq:inst2|cnt[20] ; clk        ; clk      ; None                        ; None                      ; 3.118 ns                ;
; N/A                                     ; 300.30 MHz ( period = 3.330 ns )                    ; frq:inst2|cnt[5]  ; frq:inst2|cnt[20] ; clk        ; clk      ; None                        ; None                      ; 3.118 ns                ;
; N/A                                     ; 300.39 MHz ( period = 3.329 ns )                    ; frq:inst2|cnt[5]  ; frq:inst2|cnt[29] ; clk        ; clk      ; None                        ; None                      ; 3.121 ns                ;
; N/A                                     ; 300.39 MHz ( period = 3.329 ns )                    ; frq:inst2|cnt[3]  ; frq:inst2|cnt[27] ; clk        ; clk      ; None                        ; None                      ; 3.121 ns                ;
; N/A                                     ; 300.39 MHz ( period = 3.329 ns )                    ; frq:inst2|cnt[9]  ; frq:inst2|cnt[21] ; clk        ; clk      ; None                        ; None                      ; 3.117 ns                ;
; N/A                                     ; 300.48 MHz ( period = 3.328 ns )                    ; frq:inst2|cnt[13] ; frq:inst2|cnt[24] ; clk        ; clk      ; None                        ; None                      ; 3.120 ns                ;
; N/A                                     ; 300.66 MHz ( period = 3.326 ns )                    ; frq:inst2|cnt[29] ; frq:inst2|cnt[22] ; clk        ; clk      ; None                        ; None                      ; 3.108 ns                ;
; N/A                                     ; 300.84 MHz ( period = 3.324 ns )                    ; frq:inst2|cnt[29] ; frq:inst2|cnt[0]  ; clk        ; clk      ; None                        ; None                      ; 3.106 ns                ;
; N/A                                     ; 300.93 MHz ( period = 3.323 ns )                    ; frq:inst2|cnt[6]  ; frq:inst2|cnt[14] ; clk        ; clk      ; None                        ; None                      ; 3.103 ns                ;
; N/A                                     ; 301.20 MHz ( period = 3.320 ns )                    ; frq:inst2|cnt[29] ; frq:inst2|cnt[16] ; clk        ; clk      ; None                        ; None                      ; 3.102 ns                ;
; N/A                                     ; 301.48 MHz ( period = 3.317 ns )                    ; frq:inst2|cnt[19] ; frq:inst2|cnt[22] ; clk        ; clk      ; None                        ; None                      ; 3.103 ns                ;
; N/A                                     ; 301.66 MHz ( period = 3.315 ns )                    ; frq:inst2|cnt[11] ; frq:inst2|cnt[31] ; clk        ; clk      ; None                        ; None                      ; 3.105 ns                ;
; N/A                                     ; 301.66 MHz ( period = 3.315 ns )                    ; frq:inst2|cnt[29] ; frq:inst2|cnt[21] ; clk        ; clk      ; None                        ; None                      ; 3.097 ns                ;
; N/A                                     ; 301.66 MHz ( period = 3.315 ns )                    ; frq:inst2|cnt[19] ; frq:inst2|cnt[0]  ; clk        ; clk      ; None                        ; None                      ; 3.101 ns                ;
; N/A                                     ; 301.84 MHz ( period = 3.313 ns )                    ; frq:inst2|cnt[29] ; frq:inst2|cnt[20] ; clk        ; clk      ; None                        ; None                      ; 3.095 ns                ;
; N/A                                     ; 302.02 MHz ( period = 3.311 ns )                    ; frq:inst2|cnt[19] ; frq:inst2|cnt[16] ; clk        ; clk      ; None                        ; None                      ; 3.097 ns                ;
; N/A                                     ; 302.48 MHz ( period = 3.306 ns )                    ; frq:inst2|cnt[19] ; frq:inst2|cnt[21] ; clk        ; clk      ; None                        ; None                      ; 3.092 ns                ;
; N/A                                     ; 302.66 MHz ( period = 3.304 ns )                    ; frq:inst2|cnt[19] ; frq:inst2|cnt[20] ; clk        ; clk      ; None                        ; None                      ; 3.090 ns                ;
; N/A                                     ; 302.85 MHz ( period = 3.302 ns )                    ; frq:inst2|cnt[5]  ; frq:inst2|cnt[19] ; clk        ; clk      ; None                        ; None                      ; 3.090 ns                ;
; N/A                                     ; 302.94 MHz ( period = 3.301 ns )                    ; frq:inst2|cnt[7]  ; frq:inst2|cnt[31] ; clk        ; clk      ; None                        ; None                      ; 3.093 ns                ;
; N/A                                     ; 303.31 MHz ( period = 3.297 ns )                    ; frq:inst2|cnt[4]  ; frq:inst2|cnt[28] ; clk        ; clk      ; None                        ; None                      ; 3.089 ns                ;
; N/A                                     ; 303.31 MHz ( period = 3.297 ns )                    ; frq:inst2|cnt[2]  ; frq:inst2|cnt[26] ; clk        ; clk      ; None                        ; None                      ; 3.089 ns                ;
; N/A                                     ; 303.31 MHz ( period = 3.297 ns )                    ; frq:inst2|cnt[2]  ; frq:inst2|cnt[11] ; clk        ; clk      ; None                        ; None                      ; 3.085 ns                ;
; N/A                                     ; 303.86 MHz ( period = 3.291 ns )                    ; frq:inst2|cnt[1]  ; frq:inst2|cnt[25] ; clk        ; clk      ; None                        ; None                      ; 3.083 ns                ;
; N/A                                     ; 303.95 MHz ( period = 3.290 ns )                    ; frq:inst2|cnt[2]  ; frq:inst2|cnt[18] ; clk        ; clk      ; None                        ; None                      ; 3.078 ns                ;
; N/A                                     ; 303.95 MHz ( period = 3.290 ns )                    ; frq:inst2|cnt[1]  ; frq:inst2|cnt[16] ; clk        ; clk      ; None                        ; None                      ; 3.078 ns                ;
; N/A                                     ; 304.04 MHz ( period = 3.289 ns )                    ; frq:inst2|cnt[12] ; frq:inst2|cnt[21] ; clk        ; clk      ; None                        ; None                      ; 3.075 ns                ;
; N/A                                     ; 304.14 MHz ( period = 3.288 ns )                    ; frq:inst2|cnt[18] ; frq:inst2|cnt[22] ; clk        ; clk      ; None                        ; None                      ; 3.074 ns                ;
; N/A                                     ; 304.23 MHz ( period = 3.287 ns )                    ; frq:inst2|cnt[12] ; frq:inst2|cnt[30] ; clk        ; clk      ; None                        ; None                      ; 3.077 ns                ;
; N/A                                     ; 304.23 MHz ( period = 3.287 ns )                    ; frq:inst2|cnt[2]  ; frq:inst2|cnt[12] ; clk        ; clk      ; None                        ; None                      ; 3.075 ns                ;
; N/A                                     ; 304.23 MHz ( period = 3.287 ns )                    ; frq:inst2|cnt[2]  ; frq:inst2|cnt[14] ; clk        ; clk      ; None                        ; None                      ; 3.075 ns                ;
; N/A                                     ; 304.32 MHz ( period = 3.286 ns )                    ; frq:inst2|cnt[2]  ; frq:inst2|cnt[13] ; clk        ; clk      ; None                        ; None                      ; 3.074 ns                ;
; N/A                                     ; 304.32 MHz ( period = 3.286 ns )                    ; frq:inst2|cnt[18] ; frq:inst2|cnt[0]  ; clk        ; clk      ; None                        ; None                      ; 3.072 ns                ;
; N/A                                     ; 304.41 MHz ( period = 3.285 ns )                    ; frq:inst2|cnt[20] ; frq:inst2|cnt[11] ; clk        ; clk      ; None                        ; None                      ; 3.071 ns                ;
; N/A                                     ; 304.41 MHz ( period = 3.285 ns )                    ; frq:inst2|cnt[12] ; frq:inst2|cnt[11] ; clk        ; clk      ; None                        ; None                      ; 3.071 ns                ;
; N/A                                     ; 304.51 MHz ( period = 3.284 ns )                    ; frq:inst2|cnt[7]  ; frq:inst2|cnt[22] ; clk        ; clk      ; None                        ; None                      ; 3.072 ns                ;
; N/A                                     ; 304.60 MHz ( period = 3.283 ns )                    ; frq:inst2|cnt[12] ; frq:inst2|cnt[19] ; clk        ; clk      ; None                        ; None                      ; 3.069 ns                ;
; N/A                                     ; 304.69 MHz ( period = 3.282 ns )                    ; frq:inst2|cnt[18] ; frq:inst2|cnt[16] ; clk        ; clk      ; None                        ; None                      ; 3.068 ns                ;
; N/A                                     ; 304.88 MHz ( period = 3.280 ns )                    ; frq:inst2|cnt[20] ; frq:inst2|cnt[19] ; clk        ; clk      ; None                        ; None                      ; 3.066 ns                ;
; N/A                                     ; 305.06 MHz ( period = 3.278 ns )                    ; frq:inst2|cnt[20] ; frq:inst2|cnt[18] ; clk        ; clk      ; None                        ; None                      ; 3.064 ns                ;
; N/A                                     ; 305.06 MHz ( period = 3.278 ns )                    ; frq:inst2|cnt[12] ; frq:inst2|cnt[18] ; clk        ; clk      ; None                        ; None                      ; 3.064 ns                ;
; N/A                                     ; 305.16 MHz ( period = 3.277 ns )                    ; frq:inst2|cnt[18] ; frq:inst2|cnt[21] ; clk        ; clk      ; None                        ; None                      ; 3.063 ns                ;
; N/A                                     ; 305.34 MHz ( period = 3.275 ns )                    ; frq:inst2|cnt[18] ; frq:inst2|cnt[20] ; clk        ; clk      ; None                        ; None                      ; 3.061 ns                ;
; N/A                                     ; 305.34 MHz ( period = 3.275 ns )                    ; frq:inst2|cnt[12] ; frq:inst2|cnt[12] ; clk        ; clk      ; None                        ; None                      ; 3.061 ns                ;
; N/A                                     ; 305.34 MHz ( period = 3.275 ns )                    ; frq:inst2|cnt[20] ; frq:inst2|cnt[14] ; clk        ; clk      ; None                        ; None                      ; 3.061 ns                ;
; N/A                                     ; 305.34 MHz ( period = 3.275 ns )                    ; frq:inst2|cnt[12] ; frq:inst2|cnt[14] ; clk        ; clk      ; None                        ; None                      ; 3.061 ns                ;
; N/A                                     ; 305.34 MHz ( period = 3.275 ns )                    ; frq:inst2|cnt[15] ; frq:inst2|cnt[11] ; clk        ; clk      ; None                        ; None                      ; 3.063 ns                ;
; N/A                                     ; 305.44 MHz ( period = 3.274 ns )                    ; frq:inst2|cnt[20] ; frq:inst2|cnt[13] ; clk        ; clk      ; None                        ; None                      ; 3.060 ns                ;
; N/A                                     ; 305.44 MHz ( period = 3.274 ns )                    ; frq:inst2|cnt[12] ; frq:inst2|cnt[13] ; clk        ; clk      ; None                        ; None                      ; 3.060 ns                ;
; N/A                                     ; 305.53 MHz ( period = 3.273 ns )                    ; frq:inst2|cnt[15] ; frq:inst2|cnt[19] ; clk        ; clk      ; None                        ; None                      ; 3.061 ns                ;
; N/A                                     ; 305.53 MHz ( period = 3.273 ns )                    ; frq:inst2|cnt[20] ; frq:inst2|cnt[12] ; clk        ; clk      ; None                        ; None                      ; 3.059 ns                ;
; N/A                                     ; 306.00 MHz ( period = 3.268 ns )                    ; frq:inst2|cnt[15] ; frq:inst2|cnt[18] ; clk        ; clk      ; None                        ; None                      ; 3.056 ns                ;
; N/A                                     ; 306.18 MHz ( period = 3.266 ns )                    ; frq:inst2|cnt[7]  ; frq:inst2|cnt[11] ; clk        ; clk      ; None                        ; None                      ; 3.054 ns                ;
; N/A                                     ; 306.28 MHz ( period = 3.265 ns )                    ; frq:inst2|cnt[15] ; frq:inst2|cnt[12] ; clk        ; clk      ; None                        ; None                      ; 3.053 ns                ;
; N/A                                     ; 306.28 MHz ( period = 3.265 ns )                    ; frq:inst2|cnt[15] ; frq:inst2|cnt[14] ; clk        ; clk      ; None                        ; None                      ; 3.053 ns                ;
; N/A                                     ; 306.37 MHz ( period = 3.264 ns )                    ; frq:inst2|cnt[7]  ; frq:inst2|cnt[19] ; clk        ; clk      ; None                        ; None                      ; 3.052 ns                ;
; N/A                                     ; 306.37 MHz ( period = 3.264 ns )                    ; frq:inst2|cnt[15] ; frq:inst2|cnt[13] ; clk        ; clk      ; None                        ; None                      ; 3.052 ns                ;
; N/A                                     ; 306.84 MHz ( period = 3.259 ns )                    ; frq:inst2|cnt[7]  ; frq:inst2|cnt[18] ; clk        ; clk      ; None                        ; None                      ; 3.047 ns                ;
; N/A                                     ; 306.94 MHz ( period = 3.258 ns )                    ; frq:inst2|cnt[5]  ; frq:inst2|cnt[28] ; clk        ; clk      ; None                        ; None                      ; 3.050 ns                ;
; N/A                                     ; 306.94 MHz ( period = 3.258 ns )                    ; frq:inst2|cnt[3]  ; frq:inst2|cnt[26] ; clk        ; clk      ; None                        ; None                      ; 3.050 ns                ;
; N/A                                     ; 307.13 MHz ( period = 3.256 ns )                    ; frq:inst2|cnt[7]  ; frq:inst2|cnt[12] ; clk        ; clk      ; None                        ; None                      ; 3.044 ns                ;
; N/A                                     ; 307.13 MHz ( period = 3.256 ns )                    ; frq:inst2|cnt[7]  ; frq:inst2|cnt[14] ; clk        ; clk      ; None                        ; None                      ; 3.044 ns                ;
; N/A                                     ; 307.22 MHz ( period = 3.255 ns )                    ; frq:inst2|cnt[7]  ; frq:inst2|cnt[13] ; clk        ; clk      ; None                        ; None                      ; 3.043 ns                ;
; N/A                                     ; 307.31 MHz ( period = 3.254 ns )                    ; frq:inst2|cnt[8]  ; frq:inst2|cnt[24] ; clk        ; clk      ; None                        ; None                      ; 3.048 ns                ;
; N/A                                     ; 307.88 MHz ( period = 3.248 ns )                    ; frq:inst2|cnt[14] ; frq:inst2|cnt[24] ; clk        ; clk      ; None                        ; None                      ; 3.040 ns                ;
; N/A                                     ; 307.98 MHz ( period = 3.247 ns )                    ; frq:inst2|cnt[10] ; frq:inst2|cnt[11] ; clk        ; clk      ; None                        ; None                      ; 3.035 ns                ;
; N/A                                     ; 308.17 MHz ( period = 3.245 ns )                    ; frq:inst2|cnt[10] ; frq:inst2|cnt[19] ; clk        ; clk      ; None                        ; None                      ; 3.033 ns                ;
; N/A                                     ; 308.26 MHz ( period = 3.244 ns )                    ; frq:inst2|cnt[11] ; frq:inst2|cnt[30] ; clk        ; clk      ; None                        ; None                      ; 3.034 ns                ;
; N/A                                     ; 308.26 MHz ( period = 3.244 ns )                    ; frq:inst2|cnt[13] ; frq:inst2|cnt[31] ; clk        ; clk      ; None                        ; None                      ; 3.034 ns                ;
; N/A                                     ; 308.64 MHz ( period = 3.240 ns )                    ; frq:inst2|cnt[10] ; frq:inst2|cnt[18] ; clk        ; clk      ; None                        ; None                      ; 3.028 ns                ;
; N/A                                     ; 308.93 MHz ( period = 3.237 ns )                    ; frq:inst2|cnt[10] ; frq:inst2|cnt[12] ; clk        ; clk      ; None                        ; None                      ; 3.025 ns                ;
; N/A                                     ; 308.93 MHz ( period = 3.237 ns )                    ; frq:inst2|cnt[10] ; frq:inst2|cnt[14] ; clk        ; clk      ; None                        ; None                      ; 3.025 ns                ;
; N/A                                     ; 309.02 MHz ( period = 3.236 ns )                    ; frq:inst2|cnt[10] ; frq:inst2|cnt[13] ; clk        ; clk      ; None                        ; None                      ; 3.024 ns                ;
; N/A                                     ; 309.41 MHz ( period = 3.232 ns )                    ; frq:inst2|cnt[7]  ; frq:inst2|cnt[21] ; clk        ; clk      ; None                        ; None                      ; 3.020 ns                ;
; N/A                                     ; 309.41 MHz ( period = 3.232 ns )                    ; frq:inst2|cnt[3]  ; frq:inst2|cnt[13] ; clk        ; clk      ; None                        ; None                      ; 3.020 ns                ;
; N/A                                     ; 309.60 MHz ( period = 3.230 ns )                    ; frq:inst2|cnt[7]  ; frq:inst2|cnt[30] ; clk        ; clk      ; None                        ; None                      ; 3.022 ns                ;
; Timing analysis restricted to 200 rows. ; To change the limit use Settings (Assignments menu) ;                   ;                   ;            ;          ;                             ;                           ;                         ;
+-----------------------------------------+-----------------------------------------------------+-------------------+-------------------+------------+----------+-----------------------------+---------------------------+-------------------------+


+--------------------------------------------------------------------------+
; tsu                                                                      ;
+-------+--------------+------------+---------+-----------------+----------+
; Slack ; Required tsu ; Actual tsu ; From    ; To              ; To Clock ;
+-------+--------------+------------+---------+-----------------+----------+
; N/A   ; None         ; 1.426 ns   ; data[0] ; comp:inst1|p[0] ; clk      ;
; N/A   ; None         ; 1.291 ns   ; data[1] ; comp:inst1|p[1] ; clk      ;
; N/A   ; None         ; 1.267 ns   ; data[2] ; comp:inst1|p[2] ; clk      ;
; N/A   ; None         ; 1.112 ns   ; data[3] ; comp:inst1|p[3] ; clk      ;
; N/A   ; None         ; -1.468 ns  ; c       ; comp:inst1|p[3] ; clk      ;
; N/A   ; None         ; -1.534 ns  ; load    ; comp:inst1|p[1] ; clk      ;
; N/A   ; None         ; -1.534 ns  ; load    ; comp:inst1|p[2] ; clk      ;
; N/A   ; None         ; -1.646 ns  ; c       ; comp:inst1|p[1] ; clk      ;
; N/A   ; None         ; -1.646 ns  ; c       ; comp:inst1|p[2] ; clk      ;
; N/A   ; None         ; -1.916 ns  ; load    ; comp:inst1|p[3] ; clk      ;
; N/A   ; None         ; -1.918 ns  ; load    ; comp:inst1|p[0] ; clk      ;
; N/A   ; None         ; -2.071 ns  ; c       ; comp:inst1|p[0] ; clk      ;
+-------+--------------+------------+---------+-----------------+----------+


+---------------------------------------------------------------------------+
; tco                                                                       ;
+-------+--------------+------------+-----------------+--------+------------+
; Slack ; Required tco ; Actual tco ; From            ; To     ; From Clock ;
+-------+--------------+------------+-----------------+--------+------------+
; N/A   ; None         ; 11.160 ns  ; comp:inst1|p[2] ; seg[6] ; clk        ;
; N/A   ; None         ; 11.128 ns  ; comp:inst1|p[2] ; seg[5] ; clk        ;
; N/A   ; None         ; 11.113 ns  ; comp:inst1|p[2] ; seg[4] ; clk        ;
; N/A   ; None         ; 10.918 ns  ; comp:inst1|p[3] ; seg[6] ; clk        ;
; N/A   ; None         ; 10.911 ns  ; comp:inst1|p[2] ; seg[3] ; clk        ;
; N/A   ; None         ; 10.910 ns  ; comp:inst1|p[1] ; seg[6] ; clk        ;
; N/A   ; None         ; 10.898 ns  ; comp:inst1|p[3] ; seg[4] ; clk        ;
; N/A   ; None         ; 10.892 ns  ; comp:inst1|p[1] ; seg[4] ; clk        ;
; N/A   ; None         ; 10.882 ns  ; comp:inst1|p[3] ; seg[5] ; clk        ;
; N/A   ; None         ; 10.873 ns  ; comp:inst1|p[1] ; seg[2] ; clk        ;
; N/A   ; None         ; 10.873 ns  ; comp:inst1|p[1] ; seg[5] ; clk        ;
; N/A   ; None         ; 10.869 ns  ; comp:inst1|p[1] ; seg[0] ; clk        ;
; N/A   ; None         ; 10.864 ns  ; comp:inst1|p[1] ; seg[1] ; clk        ;
; N/A   ; None         ; 10.670 ns  ; comp:inst1|p[3] ; seg[3] ; clk        ;
; N/A   ; None         ; 10.663 ns  ; comp:inst1|p[1] ; seg[3] ; clk        ;
; N/A   ; None         ; 10.621 ns  ; comp:inst1|p[0] ; seg[2] ; clk        ;
; N/A   ; None         ; 10.614 ns  ; comp:inst1|p[0] ; seg[0] ; clk        ;
; N/A   ; None         ; 10.609 ns  ; comp:inst1|p[0] ; seg[1] ; clk        ;
; N/A   ; None         ; 10.558 ns  ; comp:inst1|p[0] ; seg[6] ; clk        ;
; N/A   ; None         ; 10.538 ns  ; comp:inst1|p[0] ; seg[4] ; clk        ;
; N/A   ; None         ; 10.527 ns  ; comp:inst1|p[0] ; seg[5] ; clk        ;
; N/A   ; None         ; 10.448 ns  ; comp:inst1|p[3] ; seg[2] ; clk        ;
; N/A   ; None         ; 10.436 ns  ; comp:inst1|p[3] ; seg[1] ; clk        ;
; N/A   ; None         ; 10.411 ns  ; comp:inst1|p[3] ; seg[0] ; clk        ;
; N/A   ; None         ; 10.353 ns  ; comp:inst1|p[2] ; seg[2] ; clk        ;
; N/A   ; None         ; 10.346 ns  ; comp:inst1|p[2] ; seg[0] ; clk        ;
; N/A   ; None         ; 10.342 ns  ; comp:inst1|p[2] ; seg[1] ; clk        ;
; N/A   ; None         ; 10.310 ns  ; comp:inst1|p[0] ; seg[3] ; clk        ;
+-------+--------------+------------+-----------------+--------+------------+


+--------------------------------------------------------------------------------+
; th                                                                             ;
+---------------+-------------+-----------+---------+-----------------+----------+
; Minimum Slack ; Required th ; Actual th ; From    ; To              ; To Clock ;
+---------------+-------------+-----------+---------+-----------------+----------+
; N/A           ; None        ; 2.544 ns  ; load    ; comp:inst1|p[2] ; clk      ;
; N/A           ; None        ; 2.373 ns  ; load    ; comp:inst1|p[1] ; clk      ;
; N/A           ; None        ; 2.372 ns  ; load    ; comp:inst1|p[0] ; clk      ;
; N/A           ; None        ; 2.371 ns  ; load    ; comp:inst1|p[3] ; clk      ;
; N/A           ; None        ; 2.301 ns  ; c       ; comp:inst1|p[0] ; clk      ;
; N/A           ; None        ; 2.299 ns  ; c       ; comp:inst1|p[3] ; clk      ;
; N/A           ; None        ; 2.285 ns  ; c       ; comp:inst1|p[2] ; clk      ;
; N/A           ; None        ; 2.283 ns  ; c       ; comp:inst1|p[1] ; clk      ;
; N/A           ; None        ; -0.882 ns ; data[3] ; comp:inst1|p[3] ; clk      ;
; N/A           ; None        ; -1.037 ns ; data[2] ; comp:inst1|p[2] ; clk      ;
; N/A           ; None        ; -1.061 ns ; data[1] ; comp:inst1|p[1] ; clk      ;
; N/A           ; None        ; -1.196 ns ; data[0] ; comp:inst1|p[0] ; clk      ;
+---------------+-------------+-----------+---------+-----------------+----------+


+--------------------------+
; Timing Analyzer Messages ;
+--------------------------+
Info: *******************************************************************
Info: Running Quartus II Classic Timing Analyzer
    Info: Version 9.0 Build 235 06/17/2009 Service Pack 2 SJ Web Edition
    Info: Processing started: Tue Sep 13 10:36:44 2022
Info: Command: quartus_tan --read_settings_files=off --write_settings_files=off s -c s --timing_analysis_only
Warning: Found pins functioning as undefined clocks and/or memory enables
    Info: Assuming node "clk" is an undefined clock
Warning: Found 1 node(s) in clock paths which may be acting as ripple and/or gated clocks -- node(s) analyzed as buffer(s) resulting in clock skew
    Info: Detected ripple clock "frq:inst2|tmp" as buffer
Info: Clock "clk" has Internal fmax of 230.52 MHz between source register "frq:inst2|cnt[0]" and destination register "frq:inst2|cnt[24]" (period= 4.338 ns)
    Info: + Longest register to register delay is 4.130 ns
        Info: 1: + IC(0.000 ns) + CELL(0.000 ns) = 0.000 ns; Loc. = LCFF_X1_Y24_N11; Fanout = 3; REG Node = 'frq:inst2|cnt[0]'
        Info: 2: + IC(0.755 ns) + CELL(0.414 ns) = 1.169 ns; Loc. = LCCOMB_X2_Y25_N0; Fanout = 2; COMB Node = 'frq:inst2|Add0~1'
        Info: 3: + IC(0.000 ns) + CELL(0.071 ns) = 1.240 ns; Loc. = LCCOMB_X2_Y25_N2; Fanout = 2; COMB Node = 'frq:inst2|Add0~3'
        Info: 4: + IC(0.000 ns) + CELL(0.071 ns) = 1.311 ns; Loc. = LCCOMB_X2_Y25_N4; Fanout = 2; COMB Node = 'frq:inst2|Add0~5'
        Info: 5: + IC(0.000 ns) + CELL(0.071 ns) = 1.382 ns; Loc. = LCCOMB_X2_Y25_N6; Fanout = 2; COMB Node = 'frq:inst2|Add0~7'
        Info: 6: + IC(0.000 ns) + CELL(0.071 ns) = 1.453 ns; Loc. = LCCOMB_X2_Y25_N8; Fanout = 2; COMB Node = 'frq:inst2|Add0~9'
        Info: 7: + IC(0.000 ns) + CELL(0.071 ns) = 1.524 ns; Loc. = LCCOMB_X2_Y25_N10; Fanout = 2; COMB Node = 'frq:inst2|Add0~11'
        Info: 8: + IC(0.000 ns) + CELL(0.071 ns) = 1.595 ns; Loc. = LCCOMB_X2_Y25_N12; Fanout = 2; COMB Node = 'frq:inst2|Add0~13'
        Info: 9: + IC(0.000 ns) + CELL(0.159 ns) = 1.754 ns; Loc. = LCCOMB_X2_Y25_N14; Fanout = 2; COMB Node = 'frq:inst2|Add0~15'
        Info: 10: + IC(0.000 ns) + CELL(0.071 ns) = 1.825 ns; Loc. = LCCOMB_X2_Y25_N16; Fanout = 2; COMB Node = 'frq:inst2|Add0~17'
        Info: 11: + IC(0.000 ns) + CELL(0.071 ns) = 1.896 ns; Loc. = LCCOMB_X2_Y25_N18; Fanout = 2; COMB Node = 'frq:inst2|Add0~19'
        Info: 12: + IC(0.000 ns) + CELL(0.071 ns) = 1.967 ns; Loc. = LCCOMB_X2_Y25_N20; Fanout = 2; COMB Node = 'frq:inst2|Add0~21'
        Info: 13: + IC(0.000 ns) + CELL(0.071 ns) = 2.038 ns; Loc. = LCCOMB_X2_Y25_N22; Fanout = 2; COMB Node = 'frq:inst2|Add0~23'
        Info: 14: + IC(0.000 ns) + CELL(0.071 ns) = 2.109 ns; Loc. = LCCOMB_X2_Y25_N24; Fanout = 2; COMB Node = 'frq:inst2|Add0~25'
        Info: 15: + IC(0.000 ns) + CELL(0.071 ns) = 2.180 ns; Loc. = LCCOMB_X2_Y25_N26; Fanout = 2; COMB Node = 'frq:inst2|Add0~27'
        Info: 16: + IC(0.000 ns) + CELL(0.071 ns) = 2.251 ns; Loc. = LCCOMB_X2_Y25_N28; Fanout = 2; COMB Node = 'frq:inst2|Add0~29'
        Info: 17: + IC(0.000 ns) + CELL(0.146 ns) = 2.397 ns; Loc. = LCCOMB_X2_Y25_N30; Fanout = 2; COMB Node = 'frq:inst2|Add0~31'
        Info: 18: + IC(0.000 ns) + CELL(0.071 ns) = 2.468 ns; Loc. = LCCOMB_X2_Y24_N0; Fanout = 2; COMB Node = 'frq:inst2|Add0~33'
        Info: 19: + IC(0.000 ns) + CELL(0.071 ns) = 2.539 ns; Loc. = LCCOMB_X2_Y24_N2; Fanout = 2; COMB Node = 'frq:inst2|Add0~35'
        Info: 20: + IC(0.000 ns) + CELL(0.071 ns) = 2.610 ns; Loc. = LCCOMB_X2_Y24_N4; Fanout = 2; COMB Node = 'frq:inst2|Add0~37'
        Info: 21: + IC(0.000 ns) + CELL(0.071 ns) = 2.681 ns; Loc. = LCCOMB_X2_Y24_N6; Fanout = 2; COMB Node = 'frq:inst2|Add0~39'
        Info: 22: + IC(0.000 ns) + CELL(0.071 ns) = 2.752 ns; Loc. = LCCOMB_X2_Y24_N8; Fanout = 2; COMB Node = 'frq:inst2|Add0~41'
        Info: 23: + IC(0.000 ns) + CELL(0.071 ns) = 2.823 ns; Loc. = LCCOMB_X2_Y24_N10; Fanout = 2; COMB Node = 'frq:inst2|Add0~43'
        Info: 24: + IC(0.000 ns) + CELL(0.071 ns) = 2.894 ns; Loc. = LCCOMB_X2_Y24_N12; Fanout = 2; COMB Node = 'frq:inst2|Add0~45'
        Info: 25: + IC(0.000 ns) + CELL(0.159 ns) = 3.053 ns; Loc. = LCCOMB_X2_Y24_N14; Fanout = 2; COMB Node = 'frq:inst2|Add0~47'
        Info: 26: + IC(0.000 ns) + CELL(0.410 ns) = 3.463 ns; Loc. = LCCOMB_X2_Y24_N16; Fanout = 1; COMB Node = 'frq:inst2|Add0~48'
        Info: 27: + IC(0.433 ns) + CELL(0.150 ns) = 4.046 ns; Loc. = LCCOMB_X3_Y24_N2; Fanout = 1; COMB Node = 'frq:inst2|cnt~44'
        Info: 28: + IC(0.000 ns) + CELL(0.084 ns) = 4.130 ns; Loc. = LCFF_X3_Y24_N3; Fanout = 3; REG Node = 'frq:inst2|cnt[24]'
        Info: Total cell delay = 2.942 ns ( 71.23 % )
        Info: Total interconnect delay = 1.188 ns ( 28.77 % )
    Info: - Smallest clock skew is 0.006 ns
        Info: + Shortest clock path from clock "clk" to destination register is 2.666 ns
            Info: 1: + IC(0.000 ns) + CELL(0.999 ns) = 0.999 ns; Loc. = PIN_N2; Fanout = 2; CLK Node = 'clk'
            Info: 2: + IC(0.118 ns) + CELL(0.000 ns) = 1.117 ns; Loc. = CLKCTRL_G2; Fanout = 32; COMB Node = 'clk~clkctrl'
            Info: 3: + IC(1.012 ns) + CELL(0.537 ns) = 2.666 ns; Loc. = LCFF_X3_Y24_N3; Fanout = 3; REG Node = 'frq:inst2|cnt[24]'
            Info: Total cell delay = 1.536 ns ( 57.61 % )
            Info: Total interconnect delay = 1.130 ns ( 42.39 % )
        Info: - Longest clock path from clock "clk" to source register is 2.660 ns
            Info: 1: + IC(0.000 ns) + CELL(0.999 ns) = 0.999 ns; Loc. = PIN_N2; Fanout = 2; CLK Node = 'clk'
            Info: 2: + IC(0.118 ns) + CELL(0.000 ns) = 1.117 ns; Loc. = CLKCTRL_G2; Fanout = 32; COMB Node = 'clk~clkctrl'
            Info: 3: + IC(1.006 ns) + CELL(0.537 ns) = 2.660 ns; Loc. = LCFF_X1_Y24_N11; Fanout = 3; REG Node = 'frq:inst2|cnt[0]'
            Info: Total cell delay = 1.536 ns ( 57.74 % )
            Info: Total interconnect delay = 1.124 ns ( 42.26 % )
    Info: + Micro clock to output delay of source is 0.250 ns
    Info: + Micro setup delay of destination is -0.036 ns
Info: tsu for register "comp:inst1|p[0]" (data pin = "data[0]", clock pin = "clk") is 1.426 ns
    Info: + Longest pin to register delay is 7.531 ns
        Info: 1: + IC(0.000 ns) + CELL(0.842 ns) = 0.842 ns; Loc. = PIN_U3; Fanout = 1; PIN Node = 'data[0]'
        Info: 2: + IC(6.185 ns) + CELL(0.420 ns) = 7.447 ns; Loc. = LCCOMB_X27_Y1_N24; Fanout = 1; COMB Node = 'comp:inst1|p[0]~18'
        Info: 3: + IC(0.000 ns) + CELL(0.084 ns) = 7.531 ns; Loc. = LCFF_X27_Y1_N25; Fanout = 10; REG Node = 'comp:inst1|p[0]'
        Info: Total cell delay = 1.346 ns ( 17.87 % )
        Info: Total interconnect delay = 6.185 ns ( 82.13 % )
    Info: + Micro setup delay of destination is -0.036 ns
    Info: - Shortest clock path from clock "clk" to destination register is 6.069 ns
        Info: 1: + IC(0.000 ns) + CELL(0.999 ns) = 0.999 ns; Loc. = PIN_N2; Fanout = 2; CLK Node = 'clk'
        Info: 2: + IC(1.329 ns) + CELL(0.787 ns) = 3.115 ns; Loc. = LCFF_X3_Y24_N21; Fanout = 2; REG Node = 'frq:inst2|tmp'
        Info: 3: + IC(1.363 ns) + CELL(0.000 ns) = 4.478 ns; Loc. = CLKCTRL_G3; Fanout = 4; COMB Node = 'frq:inst2|tmp~clkctrl'
        Info: 4: + IC(1.054 ns) + CELL(0.537 ns) = 6.069 ns; Loc. = LCFF_X27_Y1_N25; Fanout = 10; REG Node = 'comp:inst1|p[0]'
        Info: Total cell delay = 2.323 ns ( 38.28 % )
        Info: Total interconnect delay = 3.746 ns ( 61.72 % )
Info: tco from clock "clk" to destination pin "seg[6]" through register "comp:inst1|p[2]" is 11.160 ns
    Info: + Longest clock path from clock "clk" to source register is 6.069 ns
        Info: 1: + IC(0.000 ns) + CELL(0.999 ns) = 0.999 ns; Loc. = PIN_N2; Fanout = 2; CLK Node = 'clk'
        Info: 2: + IC(1.329 ns) + CELL(0.787 ns) = 3.115 ns; Loc. = LCFF_X3_Y24_N21; Fanout = 2; REG Node = 'frq:inst2|tmp'
        Info: 3: + IC(1.363 ns) + CELL(0.000 ns) = 4.478 ns; Loc. = CLKCTRL_G3; Fanout = 4; COMB Node = 'frq:inst2|tmp~clkctrl'
        Info: 4: + IC(1.054 ns) + CELL(0.537 ns) = 6.069 ns; Loc. = LCFF_X27_Y1_N29; Fanout = 10; REG Node = 'comp:inst1|p[2]'
        Info: Total cell delay = 2.323 ns ( 38.28 % )
        Info: Total interconnect delay = 3.746 ns ( 61.72 % )
    Info: + Micro clock to output delay of source is 0.250 ns
    Info: + Longest register to pin delay is 4.841 ns
        Info: 1: + IC(0.000 ns) + CELL(0.000 ns) = 0.000 ns; Loc. = LCFF_X27_Y1_N29; Fanout = 10; REG Node = 'comp:inst1|p[2]'
        Info: 2: + IC(0.805 ns) + CELL(0.420 ns) = 1.225 ns; Loc. = LCCOMB_X27_Y1_N16; Fanout = 1; COMB Node = 'seg:inst|Mux0~0'
        Info: 3: + IC(0.818 ns) + CELL(2.798 ns) = 4.841 ns; Loc. = PIN_AF10; Fanout = 0; PIN Node = 'seg[6]'
        Info: Total cell delay = 3.218 ns ( 66.47 % )
        Info: Total interconnect delay = 1.623 ns ( 33.53 % )
Info: th for register "comp:inst1|p[2]" (data pin = "load", clock pin = "clk") is 2.544 ns
    Info: + Longest clock path from clock "clk" to destination register is 6.069 ns
        Info: 1: + IC(0.000 ns) + CELL(0.999 ns) = 0.999 ns; Loc. = PIN_N2; Fanout = 2; CLK Node = 'clk'
        Info: 2: + IC(1.329 ns) + CELL(0.787 ns) = 3.115 ns; Loc. = LCFF_X3_Y24_N21; Fanout = 2; REG Node = 'frq:inst2|tmp'
        Info: 3: + IC(1.363 ns) + CELL(0.000 ns) = 4.478 ns; Loc. = CLKCTRL_G3; Fanout = 4; COMB Node = 'frq:inst2|tmp~clkctrl'
        Info: 4: + IC(1.054 ns) + CELL(0.537 ns) = 6.069 ns; Loc. = LCFF_X27_Y1_N29; Fanout = 10; REG Node = 'comp:inst1|p[2]'
        Info: Total cell delay = 2.323 ns ( 38.28 % )
        Info: Total interconnect delay = 3.746 ns ( 61.72 % )
    Info: + Micro hold delay of destination is 0.266 ns
    Info: - Shortest pin to register delay is 3.791 ns
        Info: 1: + IC(0.000 ns) + CELL(0.999 ns) = 0.999 ns; Loc. = PIN_P25; Fanout = 6; PIN Node = 'load'
        Info: 2: + IC(2.433 ns) + CELL(0.275 ns) = 3.707 ns; Loc. = LCCOMB_X27_Y1_N28; Fanout = 1; COMB Node = 'comp:inst1|p~22'
        Info: 3: + IC(0.000 ns) + CELL(0.084 ns) = 3.791 ns; Loc. = LCFF_X27_Y1_N29; Fanout = 10; REG Node = 'comp:inst1|p[2]'
        Info: Total cell delay = 1.358 ns ( 35.82 % )
        Info: Total interconnect delay = 2.433 ns ( 64.18 % )
Info: Quartus II Classic Timing Analyzer was successful. 0 errors, 2 warnings
    Info: Peak virtual memory: 173 megabytes
    Info: Processing ended: Tue Sep 13 10:36:44 2022
    Info: Elapsed time: 00:00:00
    Info: Total CPU time (on all processors): 00:00:00


