17:14:24 **** Incremental Build of configuration Nios II for project anemo_avl ****
make all 
Info: Building ../anemo_avl_bsp/
C:/intelFPGA_lite/18.1/nios2eds/bin/gnu/H-x86_64-mingw32/bin/make --no-print-directory -C ../anemo_avl_bsp/
[BSP build complete]
Info: Compiling hello_world_small.c to obj/default/hello_world_small.o
nios2-elf-gcc -xc -MP -MMD -c -I../anemo_avl_bsp//HAL/inc -I../anemo_avl_bsp/ -I../anemo_avl_bsp//drivers/inc  -pipe -D__hal__ -DALT_NO_C_PLUS_PLUS -DALT_NO_CLEAN_EXIT -D'exit(a)=_exit(a)' -DALT_NO_EXIT -DALT_USE_DIRECT_DRIVERS -DALT_NO_INSTRUCTION_EMULATION -DALT_USE_SMALL_DRIVERS -DSMALL_C_LIB -DALT_SINGLE_THREADED    -Os -g -Wall   -mno-hw-div -mno-hw-mul -mno-hw-mulx -mgpopt=global  -o obj/default/hello_world_small.o hello_world_small.c
hello_world_small.c: In function 'main':
hello_world_small.c:30:15: warning: comparison between pointer and integer
    if (button != 3 ){
               ^
Info: Linking anemo_avl.elf
nios2-elf-g++  -T'../anemo_avl_bsp//linker.x' -msys-crt0='../anemo_avl_bsp//obj/HAL/src/crt0.o' -msys-lib=hal_bsp -L../anemo_avl_bsp/  -msmallc  -Wl,-Map=anemo_avl.map   -Os -g -Wall   -mno-hw-div -mno-hw-mul -mno-hw-mulx -mgpopt=global  -o anemo_avl.elf obj/default/hello_world_small.o -lm -msys-lib=m
nios2-elf-insert anemo_avl.elf --thread_model hal --cpu_name cpu --qsys true --simulation_enabled false --stderr_dev Jtag --stdin_dev Jtag --stdout_dev Jtag --sopc_system_name avalon_anemo --quartus_project_dir "C:/Users/utilisateur/Desktop/FPGA/BE/anemometre_avalon" --jdi ../..//output_files/avalon.jdi --sopcinfo C:/Users/utilisateur/Desktop/FPGA/BE/anemometre_avalon/software/anemo_avl_bsp/../../avalon_anemo.sopcinfo
Info: (anemo_avl.elf) 3736 Bytes program size (code + initialized data).
Info:                 15 KBytes free for stack + heap.
Info: Creating anemo_avl.objdump
nios2-elf-objdump --disassemble --syms --all-header --source anemo_avl.elf >anemo_avl.objdump
[anemo_avl build complete]

17:14:27 Build Finished (took 2s.833ms)

