Info: Starting: Create block symbol file (.bsf)
Info: qsys-generate C:\Users\Etudiant\Documents\Lamine\SOPC\LED\Bp_Led.qsys --block-symbol-file --output-directory=C:\Users\Etudiant\Documents\Lamine\SOPC\LED\Bp_Led --family="Cyclone IV E" --part=EP4CE22F17C6
Progress: Loading LED/Bp_Led.qsys
Progress: Reading input file
Progress: Adding Bp [altera_avalon_pio 18.1]
Progress: Parameterizing module Bp
Progress: Adding CPU [altera_nios2_gen2 18.1]
Progress: Parameterizing module CPU
Progress: Adding Led [altera_avalon_pio 18.1]
Progress: Parameterizing module Led
Progress: Adding RAM [altera_avalon_onchip_memory2 18.1]
Progress: Parameterizing module RAM
Progress: Adding clk_0 [clock_source 18.1]
Progress: Parameterizing module clk_0
Progress: Adding jtag_uart_0 [altera_avalon_jtag_uart 18.1]
Progress: Parameterizing module jtag_uart_0
Progress: Adding pwm_0 [pwm 1.0]
Progress: Parameterizing module pwm_0
Progress: Building connections
Progress: Parameterizing connections
Progress: Validating
Progress: Done reading input file
Info: Bp_Led.Bp: PIO inputs are not hardwired in test bench. Undefined values will be read from PIO inputs during simulation.
Info: Bp_Led.jtag_uart_0: JTAG UART IP input clock need to be at least double (2x) the operating frequency of JTAG TCK on board
Info: qsys-generate succeeded.
Info: Finished: Create block symbol file (.bsf)
Info: 
Info: Starting: Create HDL design files for synthesis
Info: qsys-generate C:\Users\Etudiant\Documents\Lamine\SOPC\LED\Bp_Led.qsys --synthesis=VHDL --output-directory=C:\Users\Etudiant\Documents\Lamine\SOPC\LED\Bp_Led\synthesis --family="Cyclone IV E" --part=EP4CE22F17C6
Progress: Loading LED/Bp_Led.qsys
Progress: Reading input file
Progress: Adding Bp [altera_avalon_pio 18.1]
Progress: Parameterizing module Bp
Progress: Adding CPU [altera_nios2_gen2 18.1]
Progress: Parameterizing module CPU
Progress: Adding Led [altera_avalon_pio 18.1]
Progress: Parameterizing module Led
Progress: Adding RAM [altera_avalon_onchip_memory2 18.1]
Progress: Parameterizing module RAM
Progress: Adding clk_0 [clock_source 18.1]
Progress: Parameterizing module clk_0
Progress: Adding jtag_uart_0 [altera_avalon_jtag_uart 18.1]
Progress: Parameterizing module jtag_uart_0
Progress: Adding pwm_0 [pwm 1.0]
Progress: Parameterizing module pwm_0
Progress: Building connections
Progress: Parameterizing connections
Progress: Validating
Progress: Done reading input file
Info: Bp_Led.Bp: PIO inputs are not hardwired in test bench. Undefined values will be read from PIO inputs during simulation.
Info: Bp_Led.jtag_uart_0: JTAG UART IP input clock need to be at least double (2x) the operating frequency of JTAG TCK on board
Info: Bp_Led: Generating Bp_Led "Bp_Led" for QUARTUS_SYNTH
Info: Bp: Starting RTL generation for module 'Bp_Led_Bp'
Info: Bp:   Generation command is [exec C:/intelfpga_lite/18.1/quartus/bin64/perl/bin/perl.exe -I C:/intelfpga_lite/18.1/quartus/bin64/perl/lib -I C:/intelfpga_lite/18.1/quartus/sopc_builder/bin/europa -I C:/intelfpga_lite/18.1/quartus/sopc_builder/bin/perl_lib -I C:/intelfpga_lite/18.1/quartus/sopc_builder/bin -I C:/intelfpga_lite/18.1/quartus/../ip/altera/sopc_builder_ip/common -I C:/intelfpga_lite/18.1/quartus/../ip/altera/sopc_builder_ip/altera_avalon_pio -- C:/intelfpga_lite/18.1/quartus/../ip/altera/sopc_builder_ip/altera_avalon_pio/generate_rtl.pl --name=Bp_Led_Bp --dir=C:/Users/Etudiant/AppData/Local/Temp/alt9272_5356308095772280190.dir/0054_Bp_gen/ --quartus_dir=C:/intelfpga_lite/18.1/quartus --verilog --config=C:/Users/Etudiant/AppData/Local/Temp/alt9272_5356308095772280190.dir/0054_Bp_gen//Bp_Led_Bp_component_configuration.pl  --do_build_sim=0  ]
Info: Bp: Done RTL generation for module 'Bp_Led_Bp'
Info: Bp: "Bp_Led" instantiated altera_avalon_pio "Bp"
Info: CPU: "Bp_Led" instantiated altera_nios2_gen2 "CPU"
Info: Led: Starting RTL generation for module 'Bp_Led_Led'
Info: Led:   Generation command is [exec C:/intelfpga_lite/18.1/quartus/bin64/perl/bin/perl.exe -I C:/intelfpga_lite/18.1/quartus/bin64/perl/lib -I C:/intelfpga_lite/18.1/quartus/sopc_builder/bin/europa -I C:/intelfpga_lite/18.1/quartus/sopc_builder/bin/perl_lib -I C:/intelfpga_lite/18.1/quartus/sopc_builder/bin -I C:/intelfpga_lite/18.1/quartus/../ip/altera/sopc_builder_ip/common -I C:/intelfpga_lite/18.1/quartus/../ip/altera/sopc_builder_ip/altera_avalon_pio -- C:/intelfpga_lite/18.1/quartus/../ip/altera/sopc_builder_ip/altera_avalon_pio/generate_rtl.pl --name=Bp_Led_Led --dir=C:/Users/Etudiant/AppData/Local/Temp/alt9272_5356308095772280190.dir/0055_Led_gen/ --quartus_dir=C:/intelfpga_lite/18.1/quartus --verilog --config=C:/Users/Etudiant/AppData/Local/Temp/alt9272_5356308095772280190.dir/0055_Led_gen//Bp_Led_Led_component_configuration.pl  --do_build_sim=0  ]
Info: Led: Done RTL generation for module 'Bp_Led_Led'
Info: Led: "Bp_Led" instantiated altera_avalon_pio "Led"
Info: RAM: Starting RTL generation for module 'Bp_Led_RAM'
Info: RAM:   Generation command is [exec C:/intelfpga_lite/18.1/quartus/bin64/perl/bin/perl.exe -I C:/intelfpga_lite/18.1/quartus/bin64/perl/lib -I C:/intelfpga_lite/18.1/quartus/sopc_builder/bin/europa -I C:/intelfpga_lite/18.1/quartus/sopc_builder/bin/perl_lib -I C:/intelfpga_lite/18.1/quartus/sopc_builder/bin -I C:/intelfpga_lite/18.1/quartus/../ip/altera/sopc_builder_ip/common -I C:/intelfpga_lite/18.1/quartus/../ip/altera/sopc_builder_ip/altera_avalon_onchip_memory2 -- C:/intelfpga_lite/18.1/quartus/../ip/altera/sopc_builder_ip/altera_avalon_onchip_memory2/generate_rtl.pl --name=Bp_Led_RAM --dir=C:/Users/Etudiant/AppData/Local/Temp/alt9272_5356308095772280190.dir/0056_RAM_gen/ --quartus_dir=C:/intelfpga_lite/18.1/quartus --verilog --config=C:/Users/Etudiant/AppData/Local/Temp/alt9272_5356308095772280190.dir/0056_RAM_gen//Bp_Led_RAM_component_configuration.pl  --do_build_sim=0  ]
Info: RAM: Done RTL generation for module 'Bp_Led_RAM'
Info: RAM: "Bp_Led" instantiated altera_avalon_onchip_memory2 "RAM"
Info: jtag_uart_0: Starting RTL generation for module 'Bp_Led_jtag_uart_0'
Info: jtag_uart_0:   Generation command is [exec C:/intelfpga_lite/18.1/quartus/bin64/perl/bin/perl.exe -I C:/intelfpga_lite/18.1/quartus/bin64/perl/lib -I C:/intelfpga_lite/18.1/quartus/sopc_builder/bin/europa -I C:/intelfpga_lite/18.1/quartus/sopc_builder/bin/perl_lib -I C:/intelfpga_lite/18.1/quartus/sopc_builder/bin -I C:/intelfpga_lite/18.1/quartus/../ip/altera/sopc_builder_ip/common -I C:/intelfpga_lite/18.1/quartus/../ip/altera/sopc_builder_ip/altera_avalon_jtag_uart -- C:/intelfpga_lite/18.1/quartus/../ip/altera/sopc_builder_ip/altera_avalon_jtag_uart/generate_rtl.pl --name=Bp_Led_jtag_uart_0 --dir=C:/Users/Etudiant/AppData/Local/Temp/alt9272_5356308095772280190.dir/0057_jtag_uart_0_gen/ --quartus_dir=C:/intelfpga_lite/18.1/quartus --verilog --config=C:/Users/Etudiant/AppData/Local/Temp/alt9272_5356308095772280190.dir/0057_jtag_uart_0_gen//Bp_Led_jtag_uart_0_component_configuration.pl  --do_build_sim=0  ]
Info: jtag_uart_0: Done RTL generation for module 'Bp_Led_jtag_uart_0'
Info: jtag_uart_0: "Bp_Led" instantiated altera_avalon_jtag_uart "jtag_uart_0"
Info: pwm_0: "Bp_Led" instantiated pwm "pwm_0"
Info: avalon_st_adapter: Inserting error_adapter: error_adapter_0
Info: avalon_st_adapter_001: Inserting error_adapter: error_adapter_0
Info: avalon_st_adapter_002: Inserting error_adapter: error_adapter_0
Info: avalon_st_adapter_003: Inserting error_adapter: error_adapter_0
Info: avalon_st_adapter_004: Inserting error_adapter: error_adapter_0
Info: avalon_st_adapter_005: Inserting error_adapter: error_adapter_0
Info: mm_interconnect_0: "Bp_Led" instantiated altera_mm_interconnect "mm_interconnect_0"
Info: irq_mapper: "Bp_Led" instantiated altera_irq_mapper "irq_mapper"
Info: rst_controller: "Bp_Led" instantiated altera_reset_controller "rst_controller"
Info: cpu: Starting RTL generation for module 'Bp_Led_CPU_cpu'
Info: cpu:   Generation command is [exec C:/intelFPGA_lite/18.1/quartus/bin64//eperlcmd.exe -I C:/intelFPGA_lite/18.1/quartus/bin64//perl/lib -I C:/intelfpga_lite/18.1/quartus/sopc_builder/bin/europa -I C:/intelfpga_lite/18.1/quartus/sopc_builder/bin/perl_lib -I C:/intelfpga_lite/18.1/quartus/sopc_builder/bin -I C:/intelfpga_lite/18.1/quartus/../ip/altera/nios2_ip/altera_nios2_gen2/cpu_lib -I C:/intelfpga_lite/18.1/quartus/../ip/altera/nios2_ip/altera_nios2_gen2/nios_lib -I C:/intelfpga_lite/18.1/quartus/../ip/altera/nios2_ip/altera_nios2_gen2 -I C:/intelfpga_lite/18.1/quartus/../ip/altera/nios2_ip/altera_nios2_gen2 -- C:/intelfpga_lite/18.1/quartus/../ip/altera/nios2_ip/altera_nios2_gen2/generate_rtl.epl --name=Bp_Led_CPU_cpu --dir=C:/Users/Etudiant/AppData/Local/Temp/alt9272_5356308095772280190.dir/0061_cpu_gen/ --quartus_bindir=C:/intelFPGA_lite/18.1/quartus/bin64/ --verilog --config=C:/Users/Etudiant/AppData/Local/Temp/alt9272_5356308095772280190.dir/0061_cpu_gen//Bp_Led_CPU_cpu_processor_configuration.pl  --do_build_sim=0  ]
Info: cpu: # 2022.10.07 11:04:24 (*) Starting Nios II generation
Info: cpu: # 2022.10.07 11:04:24 (*)   Checking for plaintext license.
Info: cpu: # 2022.10.07 11:04:24 (*)   Couldn't query license setup in Quartus directory C:/intelFPGA_lite/18.1/quartus/bin64/
Info: cpu: # 2022.10.07 11:04:24 (*)   Defaulting to contents of LM_LICENSE_FILE environment variable
Info: cpu: # 2022.10.07 11:04:24 (*)   LM_LICENSE_FILE environment variable is empty
Info: cpu: # 2022.10.07 11:04:24 (*)   Plaintext license not found.
Info: cpu: # 2022.10.07 11:04:24 (*)   No license required to generate encrypted Nios II/e.
Info: cpu: # 2022.10.07 11:04:24 (*)   Elaborating CPU configuration settings
Info: cpu: # 2022.10.07 11:04:24 (*)   Creating all objects for CPU
Info: cpu: # 2022.10.07 11:04:25 (*)   Generating RTL from CPU objects
Info: cpu: # 2022.10.07 11:04:25 (*)   Creating plain-text RTL
Info: cpu: # 2022.10.07 11:04:26 (*) Done Nios II generation
Info: cpu: Done RTL generation for module 'Bp_Led_CPU_cpu'
Info: cpu: "CPU" instantiated altera_nios2_gen2_unit "cpu"
Info: CPU_data_master_translator: "mm_interconnect_0" instantiated altera_merlin_master_translator "CPU_data_master_translator"
Info: jtag_uart_0_avalon_jtag_slave_translator: "mm_interconnect_0" instantiated altera_merlin_slave_translator "jtag_uart_0_avalon_jtag_slave_translator"
Info: CPU_data_master_agent: "mm_interconnect_0" instantiated altera_merlin_master_agent "CPU_data_master_agent"
Info: jtag_uart_0_avalon_jtag_slave_agent: "mm_interconnect_0" instantiated altera_merlin_slave_agent "jtag_uart_0_avalon_jtag_slave_agent"
Info: jtag_uart_0_avalon_jtag_slave_agent_rsp_fifo: "mm_interconnect_0" instantiated altera_avalon_sc_fifo "jtag_uart_0_avalon_jtag_slave_agent_rsp_fifo"
Info: router: "mm_interconnect_0" instantiated altera_merlin_router "router"
Info: router_001: "mm_interconnect_0" instantiated altera_merlin_router "router_001"
Info: router_002: "mm_interconnect_0" instantiated altera_merlin_router "router_002"
Info: router_005: "mm_interconnect_0" instantiated altera_merlin_router "router_005"
Info: cmd_demux: "mm_interconnect_0" instantiated altera_merlin_demultiplexer "cmd_demux"
Info: cmd_demux_001: "mm_interconnect_0" instantiated altera_merlin_demultiplexer "cmd_demux_001"
Info: cmd_mux: "mm_interconnect_0" instantiated altera_merlin_multiplexer "cmd_mux"
Info: cmd_mux_003: "mm_interconnect_0" instantiated altera_merlin_multiplexer "cmd_mux_003"
Info: Reusing file C:/Users/Etudiant/Documents/Lamine/SOPC/LED/Bp_Led/synthesis/submodules/altera_merlin_arbitrator.sv
Info: rsp_demux: "mm_interconnect_0" instantiated altera_merlin_demultiplexer "rsp_demux"
Info: rsp_demux_003: "mm_interconnect_0" instantiated altera_merlin_demultiplexer "rsp_demux_003"
Info: rsp_mux: "mm_interconnect_0" instantiated altera_merlin_multiplexer "rsp_mux"
Info: Reusing file C:/Users/Etudiant/Documents/Lamine/SOPC/LED/Bp_Led/synthesis/submodules/altera_merlin_arbitrator.sv
Info: rsp_mux_001: "mm_interconnect_0" instantiated altera_merlin_multiplexer "rsp_mux_001"
Info: Reusing file C:/Users/Etudiant/Documents/Lamine/SOPC/LED/Bp_Led/synthesis/submodules/altera_merlin_arbitrator.sv
Info: avalon_st_adapter: "mm_interconnect_0" instantiated altera_avalon_st_adapter "avalon_st_adapter"
Info: error_adapter_0: "avalon_st_adapter" instantiated error_adapter "error_adapter_0"
Info: Bp_Led: Done "Bp_Led" with 30 modules, 43 files
Info: qsys-generate succeeded.
Info: Finished: Create HDL design files for synthesis
