Classic Timing Analyzer report for frq
Tue Sep 13 08:46:41 2022
Quartus II Version 9.0 Build 235 06/17/2009 Service Pack 2 SJ Web Edition


---------------------
; Table of Contents ;
---------------------
  1. Legal Notice
  2. Timing Analyzer Summary
  3. Timing Analyzer Settings
  4. Clock Settings Summary
  5. Parallel Compilation
  6. Clock Setup: 'clk'
  7. tco
  8. Timing Analyzer Messages



----------------
; Legal Notice ;
----------------
Copyright (C) 1991-2009 Altera Corporation
Your use of Altera Corporation's design tools, logic functions 
and other software and tools, and its AMPP partner logic 
functions, and any output files from any of the foregoing 
(including device programming or simulation files), and any 
associated documentation or information are expressly subject 
to the terms and conditions of the Altera Program License 
Subscription Agreement, Altera MegaCore Function License 
Agreement, or other applicable license agreement, including, 
without limitation, that your use is for the sole purpose of 
programming logic devices manufactured by Altera and sold by 
Altera or its authorized distributors.  Please refer to the 
applicable agreement for further details.



+---------------------------------------------------------------------------------------------------------------------------------------------------+
; Timing Analyzer Summary                                                                                                                           ;
+------------------------------+-------+---------------+----------------------------------+--------+---------+------------+----------+--------------+
; Type                         ; Slack ; Required Time ; Actual Time                      ; From   ; To      ; From Clock ; To Clock ; Failed Paths ;
+------------------------------+-------+---------------+----------------------------------+--------+---------+------------+----------+--------------+
; Worst-case tco               ; N/A   ; None          ; 8.420 ns                         ; tmp    ; hz      ; clk        ; --       ; 0            ;
; Clock Setup: 'clk'           ; N/A   ; None          ; 222.67 MHz ( period = 4.491 ns ) ; cnt[0] ; cnt[24] ; clk        ; clk      ; 0            ;
; Total number of failed paths ;       ;               ;                                  ;        ;         ;            ;          ; 0            ;
+------------------------------+-------+---------------+----------------------------------+--------+---------+------------+----------+--------------+


+--------------------------------------------------------------------------------------------------------------------+
; Timing Analyzer Settings                                                                                           ;
+---------------------------------------------------------------------+--------------------+------+----+-------------+
; Option                                                              ; Setting            ; From ; To ; Entity Name ;
+---------------------------------------------------------------------+--------------------+------+----+-------------+
; Device Name                                                         ; EP2C35F672C6       ;      ;    ;             ;
; Timing Models                                                       ; Final              ;      ;    ;             ;
; Default hold multicycle                                             ; Same as Multicycle ;      ;    ;             ;
; Cut paths between unrelated clock domains                           ; On                 ;      ;    ;             ;
; Cut off read during write signal paths                              ; On                 ;      ;    ;             ;
; Cut off feedback from I/O pins                                      ; On                 ;      ;    ;             ;
; Report Combined Fast/Slow Timing                                    ; Off                ;      ;    ;             ;
; Ignore Clock Settings                                               ; Off                ;      ;    ;             ;
; Analyze latches as synchronous elements                             ; On                 ;      ;    ;             ;
; Enable Recovery/Removal analysis                                    ; Off                ;      ;    ;             ;
; Enable Clock Latency                                                ; Off                ;      ;    ;             ;
; Use TimeQuest Timing Analyzer                                       ; Off                ;      ;    ;             ;
; Minimum Core Junction Temperature                                   ; 0                  ;      ;    ;             ;
; Maximum Core Junction Temperature                                   ; 85                 ;      ;    ;             ;
; Number of source nodes to report per destination node               ; 10                 ;      ;    ;             ;
; Number of destination nodes to report                               ; 10                 ;      ;    ;             ;
; Number of paths to report                                           ; 200                ;      ;    ;             ;
; Report Minimum Timing Checks                                        ; Off                ;      ;    ;             ;
; Use Fast Timing Models                                              ; Off                ;      ;    ;             ;
; Report IO Paths Separately                                          ; Off                ;      ;    ;             ;
; Perform Multicorner Analysis                                        ; On                 ;      ;    ;             ;
; Reports the worst-case path for each clock domain and analysis      ; Off                ;      ;    ;             ;
; Removes common clock path pessimism (CCPP) during slack computation ; Off                ;      ;    ;             ;
; Output I/O Timing Endpoint                                          ; Near End           ;      ;    ;             ;
+---------------------------------------------------------------------+--------------------+------+----+-------------+


+------------------------------------------------------------------------------------------------------------------------------------------------------------------------------------+
; Clock Settings Summary                                                                                                                                                             ;
+-----------------+--------------------+----------+------------------+---------------+--------------+----------+-----------------------+---------------------+--------+--------------+
; Clock Node Name ; Clock Setting Name ; Type     ; Fmax Requirement ; Early Latency ; Late Latency ; Based on ; Multiply Base Fmax by ; Divide Base Fmax by ; Offset ; Phase offset ;
+-----------------+--------------------+----------+------------------+---------------+--------------+----------+-----------------------+---------------------+--------+--------------+
; clk             ;                    ; User Pin ; None             ; 0.000 ns      ; 0.000 ns     ; --       ; N/A                   ; N/A                 ; N/A    ;              ;
+-----------------+--------------------+----------+------------------+---------------+--------------+----------+-----------------------+---------------------+--------+--------------+


Parallel compilation was disabled, but you have multiple processors available. Enable parallel compilation to reduce compilation time.
+-------------------------------------+
; Parallel Compilation                ;
+----------------------------+--------+
; Processors                 ; Number ;
+----------------------------+--------+
; Number detected on machine ; 4      ;
; Maximum allowed            ; 1      ;
+----------------------------+--------+


+-------------------------------------------------------------------------------------------------------------------------------------------------------------------------------------------------------------------------------+
; Clock Setup: 'clk'                                                                                                                                                                                                            ;
+-----------------------------------------+-----------------------------------------------------+---------+---------+------------+----------+-----------------------------+---------------------------+-------------------------+
; Slack                                   ; Actual fmax (period)                                ; From    ; To      ; From Clock ; To Clock ; Required Setup Relationship ; Required Longest P2P Time ; Actual Longest P2P Time ;
+-----------------------------------------+-----------------------------------------------------+---------+---------+------------+----------+-----------------------------+---------------------------+-------------------------+
; N/A                                     ; 222.67 MHz ( period = 4.491 ns )                    ; cnt[0]  ; cnt[24] ; clk        ; clk      ; None                        ; None                      ; 4.277 ns                ;
; N/A                                     ; 236.24 MHz ( period = 4.233 ns )                    ; cnt[1]  ; cnt[24] ; clk        ; clk      ; None                        ; None                      ; 4.018 ns                ;
; N/A                                     ; 239.92 MHz ( period = 4.168 ns )                    ; cnt[2]  ; cnt[24] ; clk        ; clk      ; None                        ; None                      ; 3.953 ns                ;
; N/A                                     ; 242.19 MHz ( period = 4.129 ns )                    ; cnt[3]  ; cnt[24] ; clk        ; clk      ; None                        ; None                      ; 3.914 ns                ;
; N/A                                     ; 245.94 MHz ( period = 4.066 ns )                    ; cnt[6]  ; cnt[24] ; clk        ; clk      ; None                        ; None                      ; 3.852 ns                ;
; N/A                                     ; 248.39 MHz ( period = 4.026 ns )                    ; cnt[4]  ; cnt[24] ; clk        ; clk      ; None                        ; None                      ; 3.811 ns                ;
; N/A                                     ; 250.63 MHz ( period = 3.990 ns )                    ; cnt[0]  ; cnt[31] ; clk        ; clk      ; None                        ; None                      ; 3.768 ns                ;
; N/A                                     ; 250.82 MHz ( period = 3.987 ns )                    ; cnt[5]  ; cnt[24] ; clk        ; clk      ; None                        ; None                      ; 3.772 ns                ;
; N/A                                     ; 251.95 MHz ( period = 3.969 ns )                    ; cnt[0]  ; cnt[22] ; clk        ; clk      ; None                        ; None                      ; 3.746 ns                ;
; N/A                                     ; 255.17 MHz ( period = 3.919 ns )                    ; cnt[0]  ; cnt[30] ; clk        ; clk      ; None                        ; None                      ; 3.697 ns                ;
; N/A                                     ; 255.49 MHz ( period = 3.914 ns )                    ; cnt[0]  ; cnt[21] ; clk        ; clk      ; None                        ; None                      ; 3.691 ns                ;
; N/A                                     ; 258.20 MHz ( period = 3.873 ns )                    ; cnt[0]  ; cnt[14] ; clk        ; clk      ; None                        ; None                      ; 3.650 ns                ;
; N/A                                     ; 259.88 MHz ( period = 3.848 ns )                    ; cnt[0]  ; cnt[29] ; clk        ; clk      ; None                        ; None                      ; 3.626 ns                ;
; N/A                                     ; 260.15 MHz ( period = 3.844 ns )                    ; cnt[0]  ; cnt[20] ; clk        ; clk      ; None                        ; None                      ; 3.621 ns                ;
; N/A                                     ; 261.99 MHz ( period = 3.817 ns )                    ; cnt[7]  ; cnt[24] ; clk        ; clk      ; None                        ; None                      ; 3.602 ns                ;
; N/A                                     ; 264.76 MHz ( period = 3.777 ns )                    ; cnt[0]  ; cnt[28] ; clk        ; clk      ; None                        ; None                      ; 3.555 ns                ;
; N/A                                     ; 267.95 MHz ( period = 3.732 ns )                    ; cnt[1]  ; cnt[31] ; clk        ; clk      ; None                        ; None                      ; 3.509 ns                ;
; N/A                                     ; 269.47 MHz ( period = 3.711 ns )                    ; cnt[1]  ; cnt[22] ; clk        ; clk      ; None                        ; None                      ; 3.487 ns                ;
; N/A                                     ; 269.83 MHz ( period = 3.706 ns )                    ; cnt[0]  ; cnt[27] ; clk        ; clk      ; None                        ; None                      ; 3.484 ns                ;
; N/A                                     ; 271.30 MHz ( period = 3.686 ns )                    ; cnt[8]  ; cnt[24] ; clk        ; clk      ; None                        ; None                      ; 3.471 ns                ;
; N/A                                     ; 272.70 MHz ( period = 3.667 ns )                    ; cnt[2]  ; cnt[31] ; clk        ; clk      ; None                        ; None                      ; 3.444 ns                ;
; N/A                                     ; 273.15 MHz ( period = 3.661 ns )                    ; cnt[1]  ; cnt[30] ; clk        ; clk      ; None                        ; None                      ; 3.438 ns                ;
; N/A                                     ; 273.52 MHz ( period = 3.656 ns )                    ; cnt[1]  ; cnt[21] ; clk        ; clk      ; None                        ; None                      ; 3.432 ns                ;
; N/A                                     ; 274.27 MHz ( period = 3.646 ns )                    ; cnt[2]  ; cnt[22] ; clk        ; clk      ; None                        ; None                      ; 3.422 ns                ;
; N/A                                     ; 275.10 MHz ( period = 3.635 ns )                    ; cnt[0]  ; cnt[26] ; clk        ; clk      ; None                        ; None                      ; 3.413 ns                ;
; N/A                                     ; 275.33 MHz ( period = 3.632 ns )                    ; cnt[0]  ; cnt[19] ; clk        ; clk      ; None                        ; None                      ; 3.409 ns                ;
; N/A                                     ; 275.63 MHz ( period = 3.628 ns )                    ; cnt[3]  ; cnt[31] ; clk        ; clk      ; None                        ; None                      ; 3.405 ns                ;
; N/A                                     ; 276.63 MHz ( period = 3.615 ns )                    ; cnt[1]  ; cnt[14] ; clk        ; clk      ; None                        ; None                      ; 3.391 ns                ;
; N/A                                     ; 276.70 MHz ( period = 3.614 ns )                    ; cnt[30] ; cnt[21] ; clk        ; clk      ; None                        ; None                      ; 3.399 ns                ;
; N/A                                     ; 276.70 MHz ( period = 3.614 ns )                    ; cnt[30] ; cnt[20] ; clk        ; clk      ; None                        ; None                      ; 3.399 ns                ;
; N/A                                     ; 276.85 MHz ( period = 3.612 ns )                    ; cnt[30] ; cnt[16] ; clk        ; clk      ; None                        ; None                      ; 3.397 ns                ;
; N/A                                     ; 277.01 MHz ( period = 3.610 ns )                    ; cnt[14] ; cnt[24] ; clk        ; clk      ; None                        ; None                      ; 3.405 ns                ;
; N/A                                     ; 277.09 MHz ( period = 3.609 ns )                    ; cnt[30] ; cnt[22] ; clk        ; clk      ; None                        ; None                      ; 3.394 ns                ;
; N/A                                     ; 277.16 MHz ( period = 3.608 ns )                    ; cnt[31] ; cnt[21] ; clk        ; clk      ; None                        ; None                      ; 3.393 ns                ;
; N/A                                     ; 277.16 MHz ( period = 3.608 ns )                    ; cnt[31] ; cnt[20] ; clk        ; clk      ; None                        ; None                      ; 3.393 ns                ;
; N/A                                     ; 277.16 MHz ( period = 3.608 ns )                    ; cnt[11] ; cnt[24] ; clk        ; clk      ; None                        ; None                      ; 3.394 ns                ;
; N/A                                     ; 277.24 MHz ( period = 3.607 ns )                    ; cnt[3]  ; cnt[22] ; clk        ; clk      ; None                        ; None                      ; 3.383 ns                ;
; N/A                                     ; 277.24 MHz ( period = 3.607 ns )                    ; cnt[30] ; cnt[14] ; clk        ; clk      ; None                        ; None                      ; 3.392 ns                ;
; N/A                                     ; 277.32 MHz ( period = 3.606 ns )                    ; cnt[31] ; cnt[16] ; clk        ; clk      ; None                        ; None                      ; 3.391 ns                ;
; N/A                                     ; 277.55 MHz ( period = 3.603 ns )                    ; cnt[31] ; cnt[22] ; clk        ; clk      ; None                        ; None                      ; 3.388 ns                ;
; N/A                                     ; 277.70 MHz ( period = 3.601 ns )                    ; cnt[31] ; cnt[14] ; clk        ; clk      ; None                        ; None                      ; 3.386 ns                ;
; N/A                                     ; 278.09 MHz ( period = 3.596 ns )                    ; cnt[2]  ; cnt[30] ; clk        ; clk      ; None                        ; None                      ; 3.373 ns                ;
; N/A                                     ; 278.47 MHz ( period = 3.591 ns )                    ; cnt[2]  ; cnt[21] ; clk        ; clk      ; None                        ; None                      ; 3.367 ns                ;
; N/A                                     ; 278.55 MHz ( period = 3.590 ns )                    ; cnt[1]  ; cnt[29] ; clk        ; clk      ; None                        ; None                      ; 3.367 ns                ;
; N/A                                     ; 278.86 MHz ( period = 3.586 ns )                    ; cnt[1]  ; cnt[20] ; clk        ; clk      ; None                        ; None                      ; 3.362 ns                ;
; N/A                                     ; 279.49 MHz ( period = 3.578 ns )                    ; cnt[9]  ; cnt[24] ; clk        ; clk      ; None                        ; None                      ; 3.363 ns                ;
; N/A                                     ; 279.49 MHz ( period = 3.578 ns )                    ; cnt[12] ; cnt[24] ; clk        ; clk      ; None                        ; None                      ; 3.364 ns                ;
; N/A                                     ; 279.88 MHz ( period = 3.573 ns )                    ; cnt[17] ; cnt[21] ; clk        ; clk      ; None                        ; None                      ; 3.358 ns                ;
; N/A                                     ; 279.88 MHz ( period = 3.573 ns )                    ; cnt[17] ; cnt[20] ; clk        ; clk      ; None                        ; None                      ; 3.358 ns                ;
; N/A                                     ; 280.03 MHz ( period = 3.571 ns )                    ; cnt[17] ; cnt[16] ; clk        ; clk      ; None                        ; None                      ; 3.356 ns                ;
; N/A                                     ; 280.27 MHz ( period = 3.568 ns )                    ; cnt[17] ; cnt[22] ; clk        ; clk      ; None                        ; None                      ; 3.353 ns                ;
; N/A                                     ; 280.43 MHz ( period = 3.566 ns )                    ; cnt[17] ; cnt[14] ; clk        ; clk      ; None                        ; None                      ; 3.351 ns                ;
; N/A                                     ; 280.50 MHz ( period = 3.565 ns )                    ; cnt[6]  ; cnt[31] ; clk        ; clk      ; None                        ; None                      ; 3.343 ns                ;
; N/A                                     ; 280.58 MHz ( period = 3.564 ns )                    ; cnt[0]  ; cnt[25] ; clk        ; clk      ; None                        ; None                      ; 3.342 ns                ;
; N/A                                     ; 280.74 MHz ( period = 3.562 ns )                    ; cnt[0]  ; cnt[18] ; clk        ; clk      ; None                        ; None                      ; 3.339 ns                ;
; N/A                                     ; 280.90 MHz ( period = 3.560 ns )                    ; cnt[0]  ; cnt[16] ; clk        ; clk      ; None                        ; None                      ; 3.337 ns                ;
; N/A                                     ; 281.14 MHz ( period = 3.557 ns )                    ; cnt[3]  ; cnt[30] ; clk        ; clk      ; None                        ; None                      ; 3.334 ns                ;
; N/A                                     ; 281.53 MHz ( period = 3.552 ns )                    ; cnt[3]  ; cnt[21] ; clk        ; clk      ; None                        ; None                      ; 3.328 ns                ;
; N/A                                     ; 281.69 MHz ( period = 3.550 ns )                    ; cnt[2]  ; cnt[14] ; clk        ; clk      ; None                        ; None                      ; 3.326 ns                ;
; N/A                                     ; 282.17 MHz ( period = 3.544 ns )                    ; cnt[6]  ; cnt[22] ; clk        ; clk      ; None                        ; None                      ; 3.321 ns                ;
; N/A                                     ; 282.17 MHz ( period = 3.544 ns )                    ; cnt[10] ; cnt[24] ; clk        ; clk      ; None                        ; None                      ; 3.329 ns                ;
; N/A                                     ; 283.29 MHz ( period = 3.530 ns )                    ; cnt[27] ; cnt[21] ; clk        ; clk      ; None                        ; None                      ; 3.315 ns                ;
; N/A                                     ; 283.29 MHz ( period = 3.530 ns )                    ; cnt[27] ; cnt[20] ; clk        ; clk      ; None                        ; None                      ; 3.315 ns                ;
; N/A                                     ; 283.45 MHz ( period = 3.528 ns )                    ; cnt[27] ; cnt[16] ; clk        ; clk      ; None                        ; None                      ; 3.313 ns                ;
; N/A                                     ; 283.61 MHz ( period = 3.526 ns )                    ; cnt[16] ; cnt[21] ; clk        ; clk      ; None                        ; None                      ; 3.312 ns                ;
; N/A                                     ; 283.61 MHz ( period = 3.526 ns )                    ; cnt[16] ; cnt[20] ; clk        ; clk      ; None                        ; None                      ; 3.312 ns                ;
; N/A                                     ; 283.69 MHz ( period = 3.525 ns )                    ; cnt[4]  ; cnt[31] ; clk        ; clk      ; None                        ; None                      ; 3.302 ns                ;
; N/A                                     ; 283.69 MHz ( period = 3.525 ns )                    ; cnt[2]  ; cnt[29] ; clk        ; clk      ; None                        ; None                      ; 3.302 ns                ;
; N/A                                     ; 283.69 MHz ( period = 3.525 ns )                    ; cnt[27] ; cnt[22] ; clk        ; clk      ; None                        ; None                      ; 3.310 ns                ;
; N/A                                     ; 283.77 MHz ( period = 3.524 ns )                    ; cnt[16] ; cnt[16] ; clk        ; clk      ; None                        ; None                      ; 3.310 ns                ;
; N/A                                     ; 283.85 MHz ( period = 3.523 ns )                    ; cnt[27] ; cnt[14] ; clk        ; clk      ; None                        ; None                      ; 3.308 ns                ;
; N/A                                     ; 284.01 MHz ( period = 3.521 ns )                    ; cnt[16] ; cnt[22] ; clk        ; clk      ; None                        ; None                      ; 3.307 ns                ;
; N/A                                     ; 284.01 MHz ( period = 3.521 ns )                    ; cnt[2]  ; cnt[20] ; clk        ; clk      ; None                        ; None                      ; 3.297 ns                ;
; N/A                                     ; 284.17 MHz ( period = 3.519 ns )                    ; cnt[1]  ; cnt[28] ; clk        ; clk      ; None                        ; None                      ; 3.296 ns                ;
; N/A                                     ; 284.17 MHz ( period = 3.519 ns )                    ; cnt[16] ; cnt[14] ; clk        ; clk      ; None                        ; None                      ; 3.305 ns                ;
; N/A                                     ; 284.82 MHz ( period = 3.511 ns )                    ; cnt[3]  ; cnt[14] ; clk        ; clk      ; None                        ; None                      ; 3.287 ns                ;
; N/A                                     ; 285.39 MHz ( period = 3.504 ns )                    ; cnt[4]  ; cnt[22] ; clk        ; clk      ; None                        ; None                      ; 3.280 ns                ;
; N/A                                     ; 285.80 MHz ( period = 3.499 ns )                    ; cnt[18] ; cnt[21] ; clk        ; clk      ; None                        ; None                      ; 3.285 ns                ;
; N/A                                     ; 285.80 MHz ( period = 3.499 ns )                    ; cnt[18] ; cnt[20] ; clk        ; clk      ; None                        ; None                      ; 3.285 ns                ;
; N/A                                     ; 285.96 MHz ( period = 3.497 ns )                    ; cnt[18] ; cnt[16] ; clk        ; clk      ; None                        ; None                      ; 3.283 ns                ;
; N/A                                     ; 286.20 MHz ( period = 3.494 ns )                    ; cnt[6]  ; cnt[30] ; clk        ; clk      ; None                        ; None                      ; 3.272 ns                ;
; N/A                                     ; 286.20 MHz ( period = 3.494 ns )                    ; cnt[18] ; cnt[22] ; clk        ; clk      ; None                        ; None                      ; 3.280 ns                ;
; N/A                                     ; 286.37 MHz ( period = 3.492 ns )                    ; cnt[18] ; cnt[14] ; clk        ; clk      ; None                        ; None                      ; 3.278 ns                ;
; N/A                                     ; 286.62 MHz ( period = 3.489 ns )                    ; cnt[6]  ; cnt[21] ; clk        ; clk      ; None                        ; None                      ; 3.266 ns                ;
; N/A                                     ; 286.86 MHz ( period = 3.486 ns )                    ; cnt[5]  ; cnt[31] ; clk        ; clk      ; None                        ; None                      ; 3.263 ns                ;
; N/A                                     ; 286.86 MHz ( period = 3.486 ns )                    ; cnt[3]  ; cnt[29] ; clk        ; clk      ; None                        ; None                      ; 3.263 ns                ;
; N/A                                     ; 287.19 MHz ( period = 3.482 ns )                    ; cnt[3]  ; cnt[20] ; clk        ; clk      ; None                        ; None                      ; 3.258 ns                ;
; N/A                                     ; 287.85 MHz ( period = 3.474 ns )                    ; cnt[10] ; cnt[19] ; clk        ; clk      ; None                        ; None                      ; 3.250 ns                ;
; N/A                                     ; 288.02 MHz ( period = 3.472 ns )                    ; cnt[30] ; cnt[18] ; clk        ; clk      ; None                        ; None                      ; 3.257 ns                ;
; N/A                                     ; 288.10 MHz ( period = 3.471 ns )                    ; cnt[13] ; cnt[24] ; clk        ; clk      ; None                        ; None                      ; 3.257 ns                ;
; N/A                                     ; 288.18 MHz ( period = 3.470 ns )                    ; cnt[10] ; cnt[18] ; clk        ; clk      ; None                        ; None                      ; 3.246 ns                ;
; N/A                                     ; 288.43 MHz ( period = 3.467 ns )                    ; cnt[30] ; cnt[19] ; clk        ; clk      ; None                        ; None                      ; 3.252 ns                ;
; N/A                                     ; 288.52 MHz ( period = 3.466 ns )                    ; cnt[31] ; cnt[18] ; clk        ; clk      ; None                        ; None                      ; 3.251 ns                ;
; N/A                                     ; 288.60 MHz ( period = 3.465 ns )                    ; cnt[5]  ; cnt[22] ; clk        ; clk      ; None                        ; None                      ; 3.241 ns                ;
; N/A                                     ; 288.93 MHz ( period = 3.461 ns )                    ; cnt[31] ; cnt[19] ; clk        ; clk      ; None                        ; None                      ; 3.246 ns                ;
; N/A                                     ; 289.52 MHz ( period = 3.454 ns )                    ; cnt[4]  ; cnt[30] ; clk        ; clk      ; None                        ; None                      ; 3.231 ns                ;
; N/A                                     ; 289.52 MHz ( period = 3.454 ns )                    ; cnt[2]  ; cnt[28] ; clk        ; clk      ; None                        ; None                      ; 3.231 ns                ;
; N/A                                     ; 289.94 MHz ( period = 3.449 ns )                    ; cnt[4]  ; cnt[21] ; clk        ; clk      ; None                        ; None                      ; 3.225 ns                ;
; N/A                                     ; 290.02 MHz ( period = 3.448 ns )                    ; cnt[1]  ; cnt[27] ; clk        ; clk      ; None                        ; None                      ; 3.225 ns                ;
; N/A                                     ; 290.02 MHz ( period = 3.448 ns )                    ; cnt[6]  ; cnt[14] ; clk        ; clk      ; None                        ; None                      ; 3.225 ns                ;
; N/A                                     ; 291.46 MHz ( period = 3.431 ns )                    ; cnt[17] ; cnt[18] ; clk        ; clk      ; None                        ; None                      ; 3.216 ns                ;
; N/A                                     ; 291.89 MHz ( period = 3.426 ns )                    ; cnt[17] ; cnt[19] ; clk        ; clk      ; None                        ; None                      ; 3.211 ns                ;
; N/A                                     ; 292.14 MHz ( period = 3.423 ns )                    ; cnt[6]  ; cnt[29] ; clk        ; clk      ; None                        ; None                      ; 3.201 ns                ;
; N/A                                     ; 292.48 MHz ( period = 3.419 ns )                    ; cnt[6]  ; cnt[20] ; clk        ; clk      ; None                        ; None                      ; 3.196 ns                ;
; N/A                                     ; 292.83 MHz ( period = 3.415 ns )                    ; cnt[5]  ; cnt[30] ; clk        ; clk      ; None                        ; None                      ; 3.192 ns                ;
; N/A                                     ; 292.83 MHz ( period = 3.415 ns )                    ; cnt[3]  ; cnt[28] ; clk        ; clk      ; None                        ; None                      ; 3.192 ns                ;
; N/A                                     ; 293.26 MHz ( period = 3.410 ns )                    ; cnt[5]  ; cnt[21] ; clk        ; clk      ; None                        ; None                      ; 3.186 ns                ;
; N/A                                     ; 293.43 MHz ( period = 3.408 ns )                    ; cnt[4]  ; cnt[14] ; clk        ; clk      ; None                        ; None                      ; 3.184 ns                ;
; N/A                                     ; 295.16 MHz ( period = 3.388 ns )                    ; cnt[27] ; cnt[18] ; clk        ; clk      ; None                        ; None                      ; 3.173 ns                ;
; N/A                                     ; 295.51 MHz ( period = 3.384 ns )                    ; cnt[16] ; cnt[18] ; clk        ; clk      ; None                        ; None                      ; 3.170 ns                ;
; N/A                                     ; 295.60 MHz ( period = 3.383 ns )                    ; cnt[4]  ; cnt[29] ; clk        ; clk      ; None                        ; None                      ; 3.160 ns                ;
; N/A                                     ; 295.60 MHz ( period = 3.383 ns )                    ; cnt[27] ; cnt[19] ; clk        ; clk      ; None                        ; None                      ; 3.168 ns                ;
; N/A                                     ; 295.60 MHz ( period = 3.383 ns )                    ; cnt[2]  ; cnt[27] ; clk        ; clk      ; None                        ; None                      ; 3.160 ns                ;
; N/A                                     ; 295.95 MHz ( period = 3.379 ns )                    ; cnt[16] ; cnt[19] ; clk        ; clk      ; None                        ; None                      ; 3.165 ns                ;
; N/A                                     ; 295.95 MHz ( period = 3.379 ns )                    ; cnt[4]  ; cnt[20] ; clk        ; clk      ; None                        ; None                      ; 3.155 ns                ;
; N/A                                     ; 296.12 MHz ( period = 3.377 ns )                    ; cnt[1]  ; cnt[26] ; clk        ; clk      ; None                        ; None                      ; 3.154 ns                ;
; N/A                                     ; 296.38 MHz ( period = 3.374 ns )                    ; cnt[1]  ; cnt[19] ; clk        ; clk      ; None                        ; None                      ; 3.150 ns                ;
; N/A                                     ; 296.82 MHz ( period = 3.369 ns )                    ; cnt[5]  ; cnt[14] ; clk        ; clk      ; None                        ; None                      ; 3.145 ns                ;
; N/A                                     ; 297.89 MHz ( period = 3.357 ns )                    ; cnt[18] ; cnt[18] ; clk        ; clk      ; None                        ; None                      ; 3.143 ns                ;
; N/A                                     ; 298.33 MHz ( period = 3.352 ns )                    ; cnt[6]  ; cnt[28] ; clk        ; clk      ; None                        ; None                      ; 3.130 ns                ;
; N/A                                     ; 298.33 MHz ( period = 3.352 ns )                    ; cnt[18] ; cnt[19] ; clk        ; clk      ; None                        ; None                      ; 3.138 ns                ;
; N/A                                     ; 299.04 MHz ( period = 3.344 ns )                    ; cnt[5]  ; cnt[29] ; clk        ; clk      ; None                        ; None                      ; 3.121 ns                ;
; N/A                                     ; 299.04 MHz ( period = 3.344 ns )                    ; cnt[3]  ; cnt[27] ; clk        ; clk      ; None                        ; None                      ; 3.121 ns                ;
; N/A                                     ; 299.40 MHz ( period = 3.340 ns )                    ; cnt[5]  ; cnt[20] ; clk        ; clk      ; None                        ; None                      ; 3.116 ns                ;
; N/A                                     ; 299.94 MHz ( period = 3.334 ns )                    ; cnt[0]  ; cnt[23] ; clk        ; clk      ; None                        ; None                      ; 3.112 ns                ;
; N/A                                     ; 301.57 MHz ( period = 3.316 ns )                    ; cnt[7]  ; cnt[31] ; clk        ; clk      ; None                        ; None                      ; 3.093 ns                ;
; N/A                                     ; 301.93 MHz ( period = 3.312 ns )                    ; cnt[4]  ; cnt[28] ; clk        ; clk      ; None                        ; None                      ; 3.089 ns                ;
; N/A                                     ; 301.93 MHz ( period = 3.312 ns )                    ; cnt[2]  ; cnt[26] ; clk        ; clk      ; None                        ; None                      ; 3.089 ns                ;
; N/A                                     ; 302.21 MHz ( period = 3.309 ns )                    ; cnt[2]  ; cnt[19] ; clk        ; clk      ; None                        ; None                      ; 3.085 ns                ;
; N/A                                     ; 302.48 MHz ( period = 3.306 ns )                    ; cnt[1]  ; cnt[25] ; clk        ; clk      ; None                        ; None                      ; 3.083 ns                ;
; N/A                                     ; 302.66 MHz ( period = 3.304 ns )                    ; cnt[1]  ; cnt[18] ; clk        ; clk      ; None                        ; None                      ; 3.080 ns                ;
; N/A                                     ; 302.85 MHz ( period = 3.302 ns )                    ; cnt[1]  ; cnt[16] ; clk        ; clk      ; None                        ; None                      ; 3.078 ns                ;
; N/A                                     ; 303.49 MHz ( period = 3.295 ns )                    ; cnt[7]  ; cnt[22] ; clk        ; clk      ; None                        ; None                      ; 3.071 ns                ;
; N/A                                     ; 304.79 MHz ( period = 3.281 ns )                    ; cnt[6]  ; cnt[27] ; clk        ; clk      ; None                        ; None                      ; 3.059 ns                ;
; N/A                                     ; 305.16 MHz ( period = 3.277 ns )                    ; cnt[14] ; cnt[19] ; clk        ; clk      ; None                        ; None                      ; 3.063 ns                ;
; N/A                                     ; 305.53 MHz ( period = 3.273 ns )                    ; cnt[5]  ; cnt[28] ; clk        ; clk      ; None                        ; None                      ; 3.050 ns                ;
; N/A                                     ; 305.53 MHz ( period = 3.273 ns )                    ; cnt[14] ; cnt[18] ; clk        ; clk      ; None                        ; None                      ; 3.059 ns                ;
; N/A                                     ; 305.53 MHz ( period = 3.273 ns )                    ; cnt[3]  ; cnt[26] ; clk        ; clk      ; None                        ; None                      ; 3.050 ns                ;
; N/A                                     ; 305.81 MHz ( period = 3.270 ns )                    ; cnt[3]  ; cnt[19] ; clk        ; clk      ; None                        ; None                      ; 3.046 ns                ;
; N/A                                     ; 306.56 MHz ( period = 3.262 ns )                    ; cnt[0]  ; cnt[13] ; clk        ; clk      ; None                        ; None                      ; 3.048 ns                ;
; N/A                                     ; 307.13 MHz ( period = 3.256 ns )                    ; cnt[22] ; cnt[21] ; clk        ; clk      ; None                        ; None                      ; 3.042 ns                ;
; N/A                                     ; 307.13 MHz ( period = 3.256 ns )                    ; cnt[22] ; cnt[20] ; clk        ; clk      ; None                        ; None                      ; 3.042 ns                ;
; N/A                                     ; 307.31 MHz ( period = 3.254 ns )                    ; cnt[22] ; cnt[16] ; clk        ; clk      ; None                        ; None                      ; 3.040 ns                ;
; N/A                                     ; 307.60 MHz ( period = 3.251 ns )                    ; cnt[22] ; cnt[22] ; clk        ; clk      ; None                        ; None                      ; 3.037 ns                ;
; N/A                                     ; 307.79 MHz ( period = 3.249 ns )                    ; cnt[22] ; cnt[14] ; clk        ; clk      ; None                        ; None                      ; 3.035 ns                ;
; N/A                                     ; 308.17 MHz ( period = 3.245 ns )                    ; cnt[7]  ; cnt[30] ; clk        ; clk      ; None                        ; None                      ; 3.022 ns                ;
; N/A                                     ; 308.55 MHz ( period = 3.241 ns )                    ; cnt[4]  ; cnt[27] ; clk        ; clk      ; None                        ; None                      ; 3.018 ns                ;
; N/A                                     ; 308.55 MHz ( period = 3.241 ns )                    ; cnt[2]  ; cnt[25] ; clk        ; clk      ; None                        ; None                      ; 3.018 ns                ;
; N/A                                     ; 308.64 MHz ( period = 3.240 ns )                    ; cnt[7]  ; cnt[21] ; clk        ; clk      ; None                        ; None                      ; 3.016 ns                ;
; N/A                                     ; 308.74 MHz ( period = 3.239 ns )                    ; cnt[2]  ; cnt[18] ; clk        ; clk      ; None                        ; None                      ; 3.015 ns                ;
; N/A                                     ; 308.93 MHz ( period = 3.237 ns )                    ; cnt[2]  ; cnt[16] ; clk        ; clk      ; None                        ; None                      ; 3.013 ns                ;
; N/A                                     ; 309.12 MHz ( period = 3.235 ns )                    ; cnt[28] ; cnt[21] ; clk        ; clk      ; None                        ; None                      ; 3.020 ns                ;
; N/A                                     ; 309.12 MHz ( period = 3.235 ns )                    ; cnt[28] ; cnt[20] ; clk        ; clk      ; None                        ; None                      ; 3.020 ns                ;
; N/A                                     ; 309.21 MHz ( period = 3.234 ns )                    ; cnt[10] ; cnt[14] ; clk        ; clk      ; None                        ; None                      ; 3.010 ns                ;
; N/A                                     ; 309.31 MHz ( period = 3.233 ns )                    ; cnt[28] ; cnt[16] ; clk        ; clk      ; None                        ; None                      ; 3.018 ns                ;
; N/A                                     ; 309.50 MHz ( period = 3.231 ns )                    ; cnt[10] ; cnt[22] ; clk        ; clk      ; None                        ; None                      ; 3.007 ns                ;
; N/A                                     ; 309.60 MHz ( period = 3.230 ns )                    ; cnt[28] ; cnt[22] ; clk        ; clk      ; None                        ; None                      ; 3.015 ns                ;
; N/A                                     ; 309.69 MHz ( period = 3.229 ns )                    ; cnt[10] ; cnt[21] ; clk        ; clk      ; None                        ; None                      ; 3.005 ns                ;
; N/A                                     ; 309.69 MHz ( period = 3.229 ns )                    ; cnt[10] ; cnt[20] ; clk        ; clk      ; None                        ; None                      ; 3.005 ns                ;
; N/A                                     ; 309.79 MHz ( period = 3.228 ns )                    ; cnt[10] ; cnt[16] ; clk        ; clk      ; None                        ; None                      ; 3.004 ns                ;
; N/A                                     ; 309.79 MHz ( period = 3.228 ns )                    ; cnt[28] ; cnt[14] ; clk        ; clk      ; None                        ; None                      ; 3.013 ns                ;
; N/A                                     ; 310.17 MHz ( period = 3.224 ns )                    ; cnt[21] ; cnt[21] ; clk        ; clk      ; None                        ; None                      ; 3.010 ns                ;
; N/A                                     ; 310.17 MHz ( period = 3.224 ns )                    ; cnt[21] ; cnt[20] ; clk        ; clk      ; None                        ; None                      ; 3.010 ns                ;
; N/A                                     ; 310.37 MHz ( period = 3.222 ns )                    ; cnt[21] ; cnt[16] ; clk        ; clk      ; None                        ; None                      ; 3.008 ns                ;
; N/A                                     ; 310.66 MHz ( period = 3.219 ns )                    ; cnt[21] ; cnt[22] ; clk        ; clk      ; None                        ; None                      ; 3.005 ns                ;
; N/A                                     ; 310.85 MHz ( period = 3.217 ns )                    ; cnt[21] ; cnt[14] ; clk        ; clk      ; None                        ; None                      ; 3.003 ns                ;
; N/A                                     ; 311.53 MHz ( period = 3.210 ns )                    ; cnt[9]  ; cnt[19] ; clk        ; clk      ; None                        ; None                      ; 2.986 ns                ;
; N/A                                     ; 311.53 MHz ( period = 3.210 ns )                    ; cnt[6]  ; cnt[26] ; clk        ; clk      ; None                        ; None                      ; 2.988 ns                ;
; N/A                                     ; 311.82 MHz ( period = 3.207 ns )                    ; cnt[6]  ; cnt[19] ; clk        ; clk      ; None                        ; None                      ; 2.984 ns                ;
; N/A                                     ; 311.92 MHz ( period = 3.206 ns )                    ; cnt[9]  ; cnt[18] ; clk        ; clk      ; None                        ; None                      ; 2.982 ns                ;
; N/A                                     ; 312.01 MHz ( period = 3.205 ns )                    ; cnt[25] ; cnt[21] ; clk        ; clk      ; None                        ; None                      ; 2.990 ns                ;
; N/A                                     ; 312.01 MHz ( period = 3.205 ns )                    ; cnt[25] ; cnt[20] ; clk        ; clk      ; None                        ; None                      ; 2.990 ns                ;
; N/A                                     ; 312.21 MHz ( period = 3.203 ns )                    ; cnt[25] ; cnt[16] ; clk        ; clk      ; None                        ; None                      ; 2.988 ns                ;
; N/A                                     ; 312.30 MHz ( period = 3.202 ns )                    ; cnt[5]  ; cnt[27] ; clk        ; clk      ; None                        ; None                      ; 2.979 ns                ;
; N/A                                     ; 312.30 MHz ( period = 3.202 ns )                    ; cnt[3]  ; cnt[25] ; clk        ; clk      ; None                        ; None                      ; 2.979 ns                ;
; N/A                                     ; 312.50 MHz ( period = 3.200 ns )                    ; cnt[3]  ; cnt[18] ; clk        ; clk      ; None                        ; None                      ; 2.976 ns                ;
; N/A                                     ; 312.50 MHz ( period = 3.200 ns )                    ; cnt[25] ; cnt[22] ; clk        ; clk      ; None                        ; None                      ; 2.985 ns                ;
; N/A                                     ; 312.60 MHz ( period = 3.199 ns )                    ; cnt[7]  ; cnt[14] ; clk        ; clk      ; None                        ; None                      ; 2.975 ns                ;
; N/A                                     ; 312.70 MHz ( period = 3.198 ns )                    ; cnt[3]  ; cnt[16] ; clk        ; clk      ; None                        ; None                      ; 2.974 ns                ;
; N/A                                     ; 312.70 MHz ( period = 3.198 ns )                    ; cnt[25] ; cnt[14] ; clk        ; clk      ; None                        ; None                      ; 2.983 ns                ;
; N/A                                     ; 313.77 MHz ( period = 3.187 ns )                    ; cnt[19] ; cnt[21] ; clk        ; clk      ; None                        ; None                      ; 2.973 ns                ;
; N/A                                     ; 313.77 MHz ( period = 3.187 ns )                    ; cnt[19] ; cnt[20] ; clk        ; clk      ; None                        ; None                      ; 2.973 ns                ;
; N/A                                     ; 313.87 MHz ( period = 3.186 ns )                    ; cnt[23] ; cnt[21] ; clk        ; clk      ; None                        ; None                      ; 2.971 ns                ;
; N/A                                     ; 313.87 MHz ( period = 3.186 ns )                    ; cnt[23] ; cnt[20] ; clk        ; clk      ; None                        ; None                      ; 2.971 ns                ;
; N/A                                     ; 313.97 MHz ( period = 3.185 ns )                    ; cnt[8]  ; cnt[31] ; clk        ; clk      ; None                        ; None                      ; 2.962 ns                ;
; N/A                                     ; 313.97 MHz ( period = 3.185 ns )                    ; cnt[19] ; cnt[16] ; clk        ; clk      ; None                        ; None                      ; 2.971 ns                ;
; N/A                                     ; 314.07 MHz ( period = 3.184 ns )                    ; cnt[23] ; cnt[16] ; clk        ; clk      ; None                        ; None                      ; 2.969 ns                ;
; N/A                                     ; 314.17 MHz ( period = 3.183 ns )                    ; cnt[16] ; cnt[24] ; clk        ; clk      ; None                        ; None                      ; 2.978 ns                ;
; N/A                                     ; 314.27 MHz ( period = 3.182 ns )                    ; cnt[19] ; cnt[22] ; clk        ; clk      ; None                        ; None                      ; 2.968 ns                ;
; N/A                                     ; 314.37 MHz ( period = 3.181 ns )                    ; cnt[23] ; cnt[22] ; clk        ; clk      ; None                        ; None                      ; 2.966 ns                ;
; N/A                                     ; 314.47 MHz ( period = 3.180 ns )                    ; cnt[19] ; cnt[14] ; clk        ; clk      ; None                        ; None                      ; 2.966 ns                ;
; N/A                                     ; 314.56 MHz ( period = 3.179 ns )                    ; cnt[23] ; cnt[14] ; clk        ; clk      ; None                        ; None                      ; 2.964 ns                ;
; N/A                                     ; 315.06 MHz ( period = 3.174 ns )                    ; cnt[7]  ; cnt[29] ; clk        ; clk      ; None                        ; None                      ; 2.951 ns                ;
; N/A                                     ; 315.46 MHz ( period = 3.170 ns )                    ; cnt[7]  ; cnt[20] ; clk        ; clk      ; None                        ; None                      ; 2.946 ns                ;
; N/A                                     ; 315.46 MHz ( period = 3.170 ns )                    ; cnt[4]  ; cnt[26] ; clk        ; clk      ; None                        ; None                      ; 2.947 ns                ;
; N/A                                     ; 315.76 MHz ( period = 3.167 ns )                    ; cnt[4]  ; cnt[19] ; clk        ; clk      ; None                        ; None                      ; 2.943 ns                ;
; N/A                                     ; 316.06 MHz ( period = 3.164 ns )                    ; cnt[8]  ; cnt[22] ; clk        ; clk      ; None                        ; None                      ; 2.940 ns                ;
; N/A                                     ; 316.16 MHz ( period = 3.163 ns )                    ; cnt[15] ; cnt[24] ; clk        ; clk      ; None                        ; None                      ; 2.948 ns                ;
; N/A                                     ; 318.07 MHz ( period = 3.144 ns )                    ; cnt[15] ; cnt[19] ; clk        ; clk      ; None                        ; None                      ; 2.920 ns                ;
; N/A                                     ; 318.47 MHz ( period = 3.140 ns )                    ; cnt[15] ; cnt[18] ; clk        ; clk      ; None                        ; None                      ; 2.916 ns                ;
; Timing analysis restricted to 200 rows. ; To change the limit use Settings (Assignments menu) ;         ;         ;            ;          ;                             ;                           ;                         ;
+-----------------------------------------+-----------------------------------------------------+---------+---------+------------+----------+-----------------------------+---------------------------+-------------------------+


+------------------------------------------------------------+
; tco                                                        ;
+-------+--------------+------------+------+----+------------+
; Slack ; Required tco ; Actual tco ; From ; To ; From Clock ;
+-------+--------------+------------+------+----+------------+
; N/A   ; None         ; 8.420 ns   ; tmp  ; hz ; clk        ;
+-------+--------------+------------+------+----+------------+


+--------------------------+
; Timing Analyzer Messages ;
+--------------------------+
Info: *******************************************************************
Info: Running Quartus II Classic Timing Analyzer
    Info: Version 9.0 Build 235 06/17/2009 Service Pack 2 SJ Web Edition
    Info: Processing started: Tue Sep 13 08:46:41 2022
Info: Command: quartus_tan --read_settings_files=off --write_settings_files=off frq -c frq --timing_analysis_only
Warning: Found pins functioning as undefined clocks and/or memory enables
    Info: Assuming node "clk" is an undefined clock
Info: Clock "clk" has Internal fmax of 222.67 MHz between source register "cnt[0]" and destination register "cnt[24]" (period= 4.491 ns)
    Info: + Longest register to register delay is 4.277 ns
        Info: 1: + IC(0.000 ns) + CELL(0.000 ns) = 0.000 ns; Loc. = LCFF_X41_Y11_N25; Fanout = 3; REG Node = 'cnt[0]'
        Info: 2: + IC(0.500 ns) + CELL(0.393 ns) = 0.893 ns; Loc. = LCCOMB_X42_Y11_N0; Fanout = 2; COMB Node = 'Add0~1'
        Info: 3: + IC(0.000 ns) + CELL(0.071 ns) = 0.964 ns; Loc. = LCCOMB_X42_Y11_N2; Fanout = 2; COMB Node = 'Add0~3'
        Info: 4: + IC(0.000 ns) + CELL(0.071 ns) = 1.035 ns; Loc. = LCCOMB_X42_Y11_N4; Fanout = 2; COMB Node = 'Add0~5'
        Info: 5: + IC(0.000 ns) + CELL(0.071 ns) = 1.106 ns; Loc. = LCCOMB_X42_Y11_N6; Fanout = 2; COMB Node = 'Add0~7'
        Info: 6: + IC(0.000 ns) + CELL(0.071 ns) = 1.177 ns; Loc. = LCCOMB_X42_Y11_N8; Fanout = 2; COMB Node = 'Add0~9'
        Info: 7: + IC(0.000 ns) + CELL(0.071 ns) = 1.248 ns; Loc. = LCCOMB_X42_Y11_N10; Fanout = 2; COMB Node = 'Add0~11'
        Info: 8: + IC(0.000 ns) + CELL(0.071 ns) = 1.319 ns; Loc. = LCCOMB_X42_Y11_N12; Fanout = 2; COMB Node = 'Add0~13'
        Info: 9: + IC(0.000 ns) + CELL(0.159 ns) = 1.478 ns; Loc. = LCCOMB_X42_Y11_N14; Fanout = 2; COMB Node = 'Add0~15'
        Info: 10: + IC(0.000 ns) + CELL(0.071 ns) = 1.549 ns; Loc. = LCCOMB_X42_Y11_N16; Fanout = 2; COMB Node = 'Add0~17'
        Info: 11: + IC(0.000 ns) + CELL(0.071 ns) = 1.620 ns; Loc. = LCCOMB_X42_Y11_N18; Fanout = 2; COMB Node = 'Add0~19'
        Info: 12: + IC(0.000 ns) + CELL(0.071 ns) = 1.691 ns; Loc. = LCCOMB_X42_Y11_N20; Fanout = 2; COMB Node = 'Add0~21'
        Info: 13: + IC(0.000 ns) + CELL(0.071 ns) = 1.762 ns; Loc. = LCCOMB_X42_Y11_N22; Fanout = 2; COMB Node = 'Add0~23'
        Info: 14: + IC(0.000 ns) + CELL(0.071 ns) = 1.833 ns; Loc. = LCCOMB_X42_Y11_N24; Fanout = 2; COMB Node = 'Add0~25'
        Info: 15: + IC(0.000 ns) + CELL(0.071 ns) = 1.904 ns; Loc. = LCCOMB_X42_Y11_N26; Fanout = 2; COMB Node = 'Add0~27'
        Info: 16: + IC(0.000 ns) + CELL(0.071 ns) = 1.975 ns; Loc. = LCCOMB_X42_Y11_N28; Fanout = 2; COMB Node = 'Add0~29'
        Info: 17: + IC(0.000 ns) + CELL(0.146 ns) = 2.121 ns; Loc. = LCCOMB_X42_Y11_N30; Fanout = 2; COMB Node = 'Add0~31'
        Info: 18: + IC(0.000 ns) + CELL(0.071 ns) = 2.192 ns; Loc. = LCCOMB_X42_Y10_N0; Fanout = 2; COMB Node = 'Add0~33'
        Info: 19: + IC(0.000 ns) + CELL(0.071 ns) = 2.263 ns; Loc. = LCCOMB_X42_Y10_N2; Fanout = 2; COMB Node = 'Add0~35'
        Info: 20: + IC(0.000 ns) + CELL(0.071 ns) = 2.334 ns; Loc. = LCCOMB_X42_Y10_N4; Fanout = 2; COMB Node = 'Add0~37'
        Info: 21: + IC(0.000 ns) + CELL(0.071 ns) = 2.405 ns; Loc. = LCCOMB_X42_Y10_N6; Fanout = 2; COMB Node = 'Add0~39'
        Info: 22: + IC(0.000 ns) + CELL(0.071 ns) = 2.476 ns; Loc. = LCCOMB_X42_Y10_N8; Fanout = 2; COMB Node = 'Add0~41'
        Info: 23: + IC(0.000 ns) + CELL(0.071 ns) = 2.547 ns; Loc. = LCCOMB_X42_Y10_N10; Fanout = 2; COMB Node = 'Add0~43'
        Info: 24: + IC(0.000 ns) + CELL(0.071 ns) = 2.618 ns; Loc. = LCCOMB_X42_Y10_N12; Fanout = 2; COMB Node = 'Add0~45'
        Info: 25: + IC(0.000 ns) + CELL(0.159 ns) = 2.777 ns; Loc. = LCCOMB_X42_Y10_N14; Fanout = 2; COMB Node = 'Add0~47'
        Info: 26: + IC(0.000 ns) + CELL(0.410 ns) = 3.187 ns; Loc. = LCCOMB_X42_Y10_N16; Fanout = 1; COMB Node = 'Add0~48'
        Info: 27: + IC(0.731 ns) + CELL(0.275 ns) = 4.193 ns; Loc. = LCCOMB_X41_Y11_N16; Fanout = 1; COMB Node = 'cnt~44'
        Info: 28: + IC(0.000 ns) + CELL(0.084 ns) = 4.277 ns; Loc. = LCFF_X41_Y11_N17; Fanout = 3; REG Node = 'cnt[24]'
        Info: Total cell delay = 3.046 ns ( 71.22 % )
        Info: Total interconnect delay = 1.231 ns ( 28.78 % )
    Info: - Smallest clock skew is 0.000 ns
        Info: + Shortest clock path from clock "clk" to destination register is 2.652 ns
            Info: 1: + IC(0.000 ns) + CELL(0.999 ns) = 0.999 ns; Loc. = PIN_N2; Fanout = 1; CLK Node = 'clk'
            Info: 2: + IC(0.118 ns) + CELL(0.000 ns) = 1.117 ns; Loc. = CLKCTRL_G2; Fanout = 33; COMB Node = 'clk~clkctrl'
            Info: 3: + IC(0.998 ns) + CELL(0.537 ns) = 2.652 ns; Loc. = LCFF_X41_Y11_N17; Fanout = 3; REG Node = 'cnt[24]'
            Info: Total cell delay = 1.536 ns ( 57.92 % )
            Info: Total interconnect delay = 1.116 ns ( 42.08 % )
        Info: - Longest clock path from clock "clk" to source register is 2.652 ns
            Info: 1: + IC(0.000 ns) + CELL(0.999 ns) = 0.999 ns; Loc. = PIN_N2; Fanout = 1; CLK Node = 'clk'
            Info: 2: + IC(0.118 ns) + CELL(0.000 ns) = 1.117 ns; Loc. = CLKCTRL_G2; Fanout = 33; COMB Node = 'clk~clkctrl'
            Info: 3: + IC(0.998 ns) + CELL(0.537 ns) = 2.652 ns; Loc. = LCFF_X41_Y11_N25; Fanout = 3; REG Node = 'cnt[0]'
            Info: Total cell delay = 1.536 ns ( 57.92 % )
            Info: Total interconnect delay = 1.116 ns ( 42.08 % )
    Info: + Micro clock to output delay of source is 0.250 ns
    Info: + Micro setup delay of destination is -0.036 ns
Info: tco from clock "clk" to destination pin "hz" through register "tmp" is 8.420 ns
    Info: + Longest clock path from clock "clk" to source register is 2.652 ns
        Info: 1: + IC(0.000 ns) + CELL(0.999 ns) = 0.999 ns; Loc. = PIN_N2; Fanout = 1; CLK Node = 'clk'
        Info: 2: + IC(0.118 ns) + CELL(0.000 ns) = 1.117 ns; Loc. = CLKCTRL_G2; Fanout = 33; COMB Node = 'clk~clkctrl'
        Info: 3: + IC(0.998 ns) + CELL(0.537 ns) = 2.652 ns; Loc. = LCFF_X41_Y11_N1; Fanout = 2; REG Node = 'tmp'
        Info: Total cell delay = 1.536 ns ( 57.92 % )
        Info: Total interconnect delay = 1.116 ns ( 42.08 % )
    Info: + Micro clock to output delay of source is 0.250 ns
    Info: + Longest register to pin delay is 5.518 ns
        Info: 1: + IC(0.000 ns) + CELL(0.000 ns) = 0.000 ns; Loc. = LCFF_X41_Y11_N1; Fanout = 2; REG Node = 'tmp'
        Info: 2: + IC(2.700 ns) + CELL(2.818 ns) = 5.518 ns; Loc. = PIN_AE23; Fanout = 0; PIN Node = 'hz'
        Info: Total cell delay = 2.818 ns ( 51.07 % )
        Info: Total interconnect delay = 2.700 ns ( 48.93 % )
Info: Quartus II Classic Timing Analyzer was successful. 0 errors, 1 warning
    Info: Peak virtual memory: 173 megabytes
    Info: Processing ended: Tue Sep 13 08:46:41 2022
    Info: Elapsed time: 00:00:00
    Info: Total CPU time (on all processors): 00:00:00


