Classic Timing Analyzer report for PWM
Tue Sep 20 09:47:47 2022
Quartus II Version 9.0 Build 235 06/17/2009 Service Pack 2 SJ Web Edition


---------------------
; Table of Contents ;
---------------------
  1. Legal Notice
  2. Timing Analyzer Summary
  3. Timing Analyzer Settings
  4. Clock Settings Summary
  5. Parallel Compilation
  6. Clock Setup: 'clk'
  7. tsu
  8. tco
  9. th
 10. Timing Analyzer Messages



----------------
; Legal Notice ;
----------------
Copyright (C) 1991-2009 Altera Corporation
Your use of Altera Corporation's design tools, logic functions 
and other software and tools, and its AMPP partner logic 
functions, and any output files from any of the foregoing 
(including device programming or simulation files), and any 
associated documentation or information are expressly subject 
to the terms and conditions of the Altera Program License 
Subscription Agreement, Altera MegaCore Function License 
Agreement, or other applicable license agreement, including, 
without limitation, that your use is for the sole purpose of 
programming logic devices manufactured by Altera and sold by 
Altera or its authorized distributors.  Please refer to the 
applicable agreement for further details.



+--------------------------------------------------------------------------------------------------------------------------------------------------------------------------------+
; Timing Analyzer Summary                                                                                                                                                        ;
+------------------------------+-------+---------------+----------------------------------+-----------------------+-----------------------+------------+----------+--------------+
; Type                         ; Slack ; Required Time ; Actual Time                      ; From                  ; To                    ; From Clock ; To Clock ; Failed Paths ;
+------------------------------+-------+---------------+----------------------------------+-----------------------+-----------------------+------------+----------+--------------+
; Worst-case tsu               ; N/A   ; None          ; 1.730 ns                         ; freq[3]               ; counter:inst1|cnt[0]  ; --         ; clk      ; 0            ;
; Worst-case tco               ; N/A   ; None          ; 12.002 ns                        ; comparateur:inst2|tmp ; pwm_out               ; clk        ; --       ; 0            ;
; Worst-case th                ; N/A   ; None          ; 2.450 ns                         ; duty[6]               ; comparateur:inst2|tmp ; --         ; clk      ; 0            ;
; Clock Setup: 'clk'           ; N/A   ; None          ; 252.27 MHz ( period = 3.964 ns ) ; frq:inst|cnt[0]       ; frq:inst|cnt[31]      ; clk        ; clk      ; 0            ;
; Total number of failed paths ;       ;               ;                                  ;                       ;                       ;            ;          ; 0            ;
+------------------------------+-------+---------------+----------------------------------+-----------------------+-----------------------+------------+----------+--------------+


+--------------------------------------------------------------------------------------------------------------------+
; Timing Analyzer Settings                                                                                           ;
+---------------------------------------------------------------------+--------------------+------+----+-------------+
; Option                                                              ; Setting            ; From ; To ; Entity Name ;
+---------------------------------------------------------------------+--------------------+------+----+-------------+
; Device Name                                                         ; EP2C35F672C6       ;      ;    ;             ;
; Timing Models                                                       ; Final              ;      ;    ;             ;
; Default hold multicycle                                             ; Same as Multicycle ;      ;    ;             ;
; Cut paths between unrelated clock domains                           ; On                 ;      ;    ;             ;
; Cut off read during write signal paths                              ; On                 ;      ;    ;             ;
; Cut off feedback from I/O pins                                      ; On                 ;      ;    ;             ;
; Report Combined Fast/Slow Timing                                    ; Off                ;      ;    ;             ;
; Ignore Clock Settings                                               ; Off                ;      ;    ;             ;
; Analyze latches as synchronous elements                             ; On                 ;      ;    ;             ;
; Enable Recovery/Removal analysis                                    ; Off                ;      ;    ;             ;
; Enable Clock Latency                                                ; Off                ;      ;    ;             ;
; Use TimeQuest Timing Analyzer                                       ; Off                ;      ;    ;             ;
; Minimum Core Junction Temperature                                   ; 0                  ;      ;    ;             ;
; Maximum Core Junction Temperature                                   ; 85                 ;      ;    ;             ;
; Number of source nodes to report per destination node               ; 10                 ;      ;    ;             ;
; Number of destination nodes to report                               ; 10                 ;      ;    ;             ;
; Number of paths to report                                           ; 200                ;      ;    ;             ;
; Report Minimum Timing Checks                                        ; Off                ;      ;    ;             ;
; Use Fast Timing Models                                              ; Off                ;      ;    ;             ;
; Report IO Paths Separately                                          ; Off                ;      ;    ;             ;
; Perform Multicorner Analysis                                        ; On                 ;      ;    ;             ;
; Reports the worst-case path for each clock domain and analysis      ; Off                ;      ;    ;             ;
; Removes common clock path pessimism (CCPP) during slack computation ; Off                ;      ;    ;             ;
; Output I/O Timing Endpoint                                          ; Near End           ;      ;    ;             ;
+---------------------------------------------------------------------+--------------------+------+----+-------------+


+------------------------------------------------------------------------------------------------------------------------------------------------------------------------------------+
; Clock Settings Summary                                                                                                                                                             ;
+-----------------+--------------------+----------+------------------+---------------+--------------+----------+-----------------------+---------------------+--------+--------------+
; Clock Node Name ; Clock Setting Name ; Type     ; Fmax Requirement ; Early Latency ; Late Latency ; Based on ; Multiply Base Fmax by ; Divide Base Fmax by ; Offset ; Phase offset ;
+-----------------+--------------------+----------+------------------+---------------+--------------+----------+-----------------------+---------------------+--------+--------------+
; clk             ;                    ; User Pin ; None             ; 0.000 ns      ; 0.000 ns     ; --       ; N/A                   ; N/A                 ; N/A    ;              ;
+-----------------+--------------------+----------+------------------+---------------+--------------+----------+-----------------------+---------------------+--------+--------------+


Parallel compilation was disabled, but you have multiple processors available. Enable parallel compilation to reduce compilation time.
+-------------------------------------+
; Parallel Compilation                ;
+----------------------------+--------+
; Processors                 ; Number ;
+----------------------------+--------+
; Number detected on machine ; 4      ;
; Maximum allowed            ; 1      ;
+----------------------------+--------+


+-------------------------------------------------------------------------------------------------------------------------------------------------------------------------------------------------------------------------------------------------+
; Clock Setup: 'clk'                                                                                                                                                                                                                              ;
+-----------------------------------------+-----------------------------------------------------+------------------+------------------+------------+----------+-----------------------------+---------------------------+-------------------------+
; Slack                                   ; Actual fmax (period)                                ; From             ; To               ; From Clock ; To Clock ; Required Setup Relationship ; Required Longest P2P Time ; Actual Longest P2P Time ;
+-----------------------------------------+-----------------------------------------------------+------------------+------------------+------------+----------+-----------------------------+---------------------------+-------------------------+
; N/A                                     ; 252.27 MHz ( period = 3.964 ns )                    ; frq:inst|cnt[0]  ; frq:inst|cnt[31] ; clk        ; clk      ; None                        ; None                      ; 3.754 ns                ;
; N/A                                     ; 255.95 MHz ( period = 3.907 ns )                    ; frq:inst|cnt[1]  ; frq:inst|cnt[31] ; clk        ; clk      ; None                        ; None                      ; 3.697 ns                ;
; N/A                                     ; 256.87 MHz ( period = 3.893 ns )                    ; frq:inst|cnt[0]  ; frq:inst|cnt[30] ; clk        ; clk      ; None                        ; None                      ; 3.683 ns                ;
; N/A                                     ; 260.69 MHz ( period = 3.836 ns )                    ; frq:inst|cnt[1]  ; frq:inst|cnt[30] ; clk        ; clk      ; None                        ; None                      ; 3.626 ns                ;
; N/A                                     ; 261.64 MHz ( period = 3.822 ns )                    ; frq:inst|cnt[0]  ; frq:inst|cnt[29] ; clk        ; clk      ; None                        ; None                      ; 3.612 ns                ;
; N/A                                     ; 265.46 MHz ( period = 3.767 ns )                    ; frq:inst|cnt[3]  ; frq:inst|cnt[31] ; clk        ; clk      ; None                        ; None                      ; 3.557 ns                ;
; N/A                                     ; 265.60 MHz ( period = 3.765 ns )                    ; frq:inst|cnt[1]  ; frq:inst|cnt[29] ; clk        ; clk      ; None                        ; None                      ; 3.555 ns                ;
; N/A                                     ; 266.60 MHz ( period = 3.751 ns )                    ; frq:inst|cnt[0]  ; frq:inst|cnt[28] ; clk        ; clk      ; None                        ; None                      ; 3.541 ns                ;
; N/A                                     ; 270.56 MHz ( period = 3.696 ns )                    ; frq:inst|cnt[3]  ; frq:inst|cnt[30] ; clk        ; clk      ; None                        ; None                      ; 3.486 ns                ;
; N/A                                     ; 270.71 MHz ( period = 3.694 ns )                    ; frq:inst|cnt[1]  ; frq:inst|cnt[28] ; clk        ; clk      ; None                        ; None                      ; 3.484 ns                ;
; N/A                                     ; 271.74 MHz ( period = 3.680 ns )                    ; frq:inst|cnt[0]  ; frq:inst|cnt[27] ; clk        ; clk      ; None                        ; None                      ; 3.470 ns                ;
; N/A                                     ; 273.52 MHz ( period = 3.656 ns )                    ; frq:inst|cnt[2]  ; frq:inst|cnt[31] ; clk        ; clk      ; None                        ; None                      ; 3.444 ns                ;
; N/A                                     ; 275.86 MHz ( period = 3.625 ns )                    ; frq:inst|cnt[3]  ; frq:inst|cnt[29] ; clk        ; clk      ; None                        ; None                      ; 3.415 ns                ;
; N/A                                     ; 276.01 MHz ( period = 3.623 ns )                    ; frq:inst|cnt[1]  ; frq:inst|cnt[27] ; clk        ; clk      ; None                        ; None                      ; 3.413 ns                ;
; N/A                                     ; 277.09 MHz ( period = 3.609 ns )                    ; frq:inst|cnt[0]  ; frq:inst|cnt[26] ; clk        ; clk      ; None                        ; None                      ; 3.399 ns                ;
; N/A                                     ; 278.94 MHz ( period = 3.585 ns )                    ; frq:inst|cnt[2]  ; frq:inst|cnt[30] ; clk        ; clk      ; None                        ; None                      ; 3.373 ns                ;
; N/A                                     ; 281.37 MHz ( period = 3.554 ns )                    ; frq:inst|cnt[3]  ; frq:inst|cnt[28] ; clk        ; clk      ; None                        ; None                      ; 3.344 ns                ;
; N/A                                     ; 281.53 MHz ( period = 3.552 ns )                    ; frq:inst|cnt[1]  ; frq:inst|cnt[26] ; clk        ; clk      ; None                        ; None                      ; 3.342 ns                ;
; N/A                                     ; 282.65 MHz ( period = 3.538 ns )                    ; frq:inst|cnt[0]  ; frq:inst|cnt[25] ; clk        ; clk      ; None                        ; None                      ; 3.328 ns                ;
; N/A                                     ; 284.58 MHz ( period = 3.514 ns )                    ; frq:inst|cnt[4]  ; frq:inst|cnt[31] ; clk        ; clk      ; None                        ; None                      ; 3.302 ns                ;
; N/A                                     ; 284.58 MHz ( period = 3.514 ns )                    ; frq:inst|cnt[2]  ; frq:inst|cnt[29] ; clk        ; clk      ; None                        ; None                      ; 3.302 ns                ;
; N/A                                     ; 287.11 MHz ( period = 3.483 ns )                    ; frq:inst|cnt[3]  ; frq:inst|cnt[27] ; clk        ; clk      ; None                        ; None                      ; 3.273 ns                ;
; N/A                                     ; 287.27 MHz ( period = 3.481 ns )                    ; frq:inst|cnt[1]  ; frq:inst|cnt[25] ; clk        ; clk      ; None                        ; None                      ; 3.271 ns                ;
; N/A                                     ; 287.77 MHz ( period = 3.475 ns )                    ; frq:inst|cnt[5]  ; frq:inst|cnt[31] ; clk        ; clk      ; None                        ; None                      ; 3.263 ns                ;
; N/A                                     ; 288.43 MHz ( period = 3.467 ns )                    ; frq:inst|cnt[0]  ; frq:inst|cnt[24] ; clk        ; clk      ; None                        ; None                      ; 3.257 ns                ;
; N/A                                     ; 290.44 MHz ( period = 3.443 ns )                    ; frq:inst|cnt[4]  ; frq:inst|cnt[30] ; clk        ; clk      ; None                        ; None                      ; 3.231 ns                ;
; N/A                                     ; 290.44 MHz ( period = 3.443 ns )                    ; frq:inst|cnt[2]  ; frq:inst|cnt[28] ; clk        ; clk      ; None                        ; None                      ; 3.231 ns                ;
; N/A                                     ; 293.08 MHz ( period = 3.412 ns )                    ; frq:inst|cnt[3]  ; frq:inst|cnt[26] ; clk        ; clk      ; None                        ; None                      ; 3.202 ns                ;
; N/A                                     ; 293.26 MHz ( period = 3.410 ns )                    ; frq:inst|cnt[1]  ; frq:inst|cnt[24] ; clk        ; clk      ; None                        ; None                      ; 3.200 ns                ;
; N/A                                     ; 293.77 MHz ( period = 3.404 ns )                    ; frq:inst|cnt[6]  ; frq:inst|cnt[31] ; clk        ; clk      ; None                        ; None                      ; 3.192 ns                ;
; N/A                                     ; 293.77 MHz ( period = 3.404 ns )                    ; frq:inst|cnt[5]  ; frq:inst|cnt[30] ; clk        ; clk      ; None                        ; None                      ; 3.192 ns                ;
; N/A                                     ; 296.56 MHz ( period = 3.372 ns )                    ; frq:inst|cnt[4]  ; frq:inst|cnt[29] ; clk        ; clk      ; None                        ; None                      ; 3.160 ns                ;
; N/A                                     ; 296.56 MHz ( period = 3.372 ns )                    ; frq:inst|cnt[2]  ; frq:inst|cnt[27] ; clk        ; clk      ; None                        ; None                      ; 3.160 ns                ;
; N/A                                     ; 299.31 MHz ( period = 3.341 ns )                    ; frq:inst|cnt[3]  ; frq:inst|cnt[25] ; clk        ; clk      ; None                        ; None                      ; 3.131 ns                ;
; N/A                                     ; 300.03 MHz ( period = 3.333 ns )                    ; frq:inst|cnt[6]  ; frq:inst|cnt[30] ; clk        ; clk      ; None                        ; None                      ; 3.121 ns                ;
; N/A                                     ; 300.03 MHz ( period = 3.333 ns )                    ; frq:inst|cnt[5]  ; frq:inst|cnt[29] ; clk        ; clk      ; None                        ; None                      ; 3.121 ns                ;
; N/A                                     ; 302.30 MHz ( period = 3.308 ns )                    ; frq:inst|cnt[0]  ; frq:inst|cnt[23] ; clk        ; clk      ; None                        ; None                      ; 3.098 ns                ;
; N/A                                     ; 302.57 MHz ( period = 3.305 ns )                    ; frq:inst|cnt[7]  ; frq:inst|cnt[31] ; clk        ; clk      ; None                        ; None                      ; 3.093 ns                ;
; N/A                                     ; 302.94 MHz ( period = 3.301 ns )                    ; frq:inst|cnt[4]  ; frq:inst|cnt[28] ; clk        ; clk      ; None                        ; None                      ; 3.089 ns                ;
; N/A                                     ; 302.94 MHz ( period = 3.301 ns )                    ; frq:inst|cnt[2]  ; frq:inst|cnt[26] ; clk        ; clk      ; None                        ; None                      ; 3.089 ns                ;
; N/A                                     ; 305.81 MHz ( period = 3.270 ns )                    ; frq:inst|cnt[3]  ; frq:inst|cnt[24] ; clk        ; clk      ; None                        ; None                      ; 3.060 ns                ;
; N/A                                     ; 306.56 MHz ( period = 3.262 ns )                    ; frq:inst|cnt[5]  ; frq:inst|cnt[28] ; clk        ; clk      ; None                        ; None                      ; 3.050 ns                ;
; N/A                                     ; 306.56 MHz ( period = 3.262 ns )                    ; frq:inst|cnt[6]  ; frq:inst|cnt[29] ; clk        ; clk      ; None                        ; None                      ; 3.050 ns                ;
; N/A                                     ; 307.60 MHz ( period = 3.251 ns )                    ; frq:inst|cnt[1]  ; frq:inst|cnt[23] ; clk        ; clk      ; None                        ; None                      ; 3.041 ns                ;
; N/A                                     ; 308.93 MHz ( period = 3.237 ns )                    ; frq:inst|cnt[0]  ; frq:inst|cnt[22] ; clk        ; clk      ; None                        ; None                      ; 3.027 ns                ;
; N/A                                     ; 309.21 MHz ( period = 3.234 ns )                    ; frq:inst|cnt[7]  ; frq:inst|cnt[30] ; clk        ; clk      ; None                        ; None                      ; 3.022 ns                ;
; N/A                                     ; 309.60 MHz ( period = 3.230 ns )                    ; frq:inst|cnt[2]  ; frq:inst|cnt[25] ; clk        ; clk      ; None                        ; None                      ; 3.018 ns                ;
; N/A                                     ; 309.60 MHz ( period = 3.230 ns )                    ; frq:inst|cnt[4]  ; frq:inst|cnt[27] ; clk        ; clk      ; None                        ; None                      ; 3.018 ns                ;
; N/A                                     ; 313.38 MHz ( period = 3.191 ns )                    ; frq:inst|cnt[6]  ; frq:inst|cnt[28] ; clk        ; clk      ; None                        ; None                      ; 2.979 ns                ;
; N/A                                     ; 313.38 MHz ( period = 3.191 ns )                    ; frq:inst|cnt[5]  ; frq:inst|cnt[27] ; clk        ; clk      ; None                        ; None                      ; 2.979 ns                ;
; N/A                                     ; 314.47 MHz ( period = 3.180 ns )                    ; frq:inst|cnt[1]  ; frq:inst|cnt[22] ; clk        ; clk      ; None                        ; None                      ; 2.970 ns                ;
; N/A                                     ; 314.76 MHz ( period = 3.177 ns )                    ; frq:inst|cnt[8]  ; frq:inst|cnt[31] ; clk        ; clk      ; None                        ; None                      ; 2.965 ns                ;
; N/A                                     ; 315.86 MHz ( period = 3.166 ns )                    ; frq:inst|cnt[0]  ; frq:inst|cnt[21] ; clk        ; clk      ; None                        ; None                      ; 2.956 ns                ;
; N/A                                     ; 316.16 MHz ( period = 3.163 ns )                    ; frq:inst|cnt[7]  ; frq:inst|cnt[29] ; clk        ; clk      ; None                        ; None                      ; 2.951 ns                ;
; N/A                                     ; 316.56 MHz ( period = 3.159 ns )                    ; frq:inst|cnt[2]  ; frq:inst|cnt[24] ; clk        ; clk      ; None                        ; None                      ; 2.947 ns                ;
; N/A                                     ; 316.56 MHz ( period = 3.159 ns )                    ; frq:inst|cnt[4]  ; frq:inst|cnt[26] ; clk        ; clk      ; None                        ; None                      ; 2.947 ns                ;
; N/A                                     ; 320.51 MHz ( period = 3.120 ns )                    ; frq:inst|cnt[6]  ; frq:inst|cnt[27] ; clk        ; clk      ; None                        ; None                      ; 2.908 ns                ;
; N/A                                     ; 320.51 MHz ( period = 3.120 ns )                    ; frq:inst|cnt[5]  ; frq:inst|cnt[26] ; clk        ; clk      ; None                        ; None                      ; 2.908 ns                ;
; N/A                                     ; 321.44 MHz ( period = 3.111 ns )                    ; frq:inst|cnt[3]  ; frq:inst|cnt[23] ; clk        ; clk      ; None                        ; None                      ; 2.901 ns                ;
; N/A                                     ; 321.65 MHz ( period = 3.109 ns )                    ; frq:inst|cnt[1]  ; frq:inst|cnt[21] ; clk        ; clk      ; None                        ; None                      ; 2.899 ns                ;
; N/A                                     ; 321.96 MHz ( period = 3.106 ns )                    ; frq:inst|cnt[8]  ; frq:inst|cnt[30] ; clk        ; clk      ; None                        ; None                      ; 2.894 ns                ;
; N/A                                     ; 323.10 MHz ( period = 3.095 ns )                    ; frq:inst|cnt[0]  ; frq:inst|cnt[20] ; clk        ; clk      ; None                        ; None                      ; 2.885 ns                ;
; N/A                                     ; 323.42 MHz ( period = 3.092 ns )                    ; frq:inst|cnt[7]  ; frq:inst|cnt[28] ; clk        ; clk      ; None                        ; None                      ; 2.880 ns                ;
; N/A                                     ; 323.83 MHz ( period = 3.088 ns )                    ; frq:inst|cnt[4]  ; frq:inst|cnt[25] ; clk        ; clk      ; None                        ; None                      ; 2.876 ns                ;
; N/A                                     ; 326.16 MHz ( period = 3.066 ns )                    ; frq:inst|cnt[9]  ; frq:inst|cnt[31] ; clk        ; clk      ; None                        ; None                      ; 2.854 ns                ;
; N/A                                     ; 327.98 MHz ( period = 3.049 ns )                    ; frq:inst|cnt[5]  ; frq:inst|cnt[25] ; clk        ; clk      ; None                        ; None                      ; 2.837 ns                ;
; N/A                                     ; 327.98 MHz ( period = 3.049 ns )                    ; frq:inst|cnt[6]  ; frq:inst|cnt[26] ; clk        ; clk      ; None                        ; None                      ; 2.837 ns                ;
; N/A                                     ; 328.95 MHz ( period = 3.040 ns )                    ; frq:inst|cnt[3]  ; frq:inst|cnt[22] ; clk        ; clk      ; None                        ; None                      ; 2.830 ns                ;
; N/A                                     ; 329.16 MHz ( period = 3.038 ns )                    ; frq:inst|cnt[1]  ; frq:inst|cnt[20] ; clk        ; clk      ; None                        ; None                      ; 2.828 ns                ;
; N/A                                     ; 329.49 MHz ( period = 3.035 ns )                    ; frq:inst|cnt[10] ; frq:inst|cnt[31] ; clk        ; clk      ; None                        ; None                      ; 2.823 ns                ;
; N/A                                     ; 329.49 MHz ( period = 3.035 ns )                    ; frq:inst|cnt[8]  ; frq:inst|cnt[29] ; clk        ; clk      ; None                        ; None                      ; 2.823 ns                ;
; N/A                                     ; 330.69 MHz ( period = 3.024 ns )                    ; frq:inst|cnt[0]  ; frq:inst|cnt[19] ; clk        ; clk      ; None                        ; None                      ; 2.814 ns                ;
; N/A                                     ; 331.02 MHz ( period = 3.021 ns )                    ; frq:inst|cnt[7]  ; frq:inst|cnt[27] ; clk        ; clk      ; None                        ; None                      ; 2.809 ns                ;
; N/A                                     ; 331.46 MHz ( period = 3.017 ns )                    ; frq:inst|cnt[4]  ; frq:inst|cnt[24] ; clk        ; clk      ; None                        ; None                      ; 2.805 ns                ;
; N/A                                     ; 333.33 MHz ( period = 3.000 ns )                    ; frq:inst|cnt[2]  ; frq:inst|cnt[23] ; clk        ; clk      ; None                        ; None                      ; 2.788 ns                ;
; N/A                                     ; 333.89 MHz ( period = 2.995 ns )                    ; frq:inst|cnt[9]  ; frq:inst|cnt[30] ; clk        ; clk      ; None                        ; None                      ; 2.783 ns                ;
; N/A                                     ; 335.80 MHz ( period = 2.978 ns )                    ; frq:inst|cnt[5]  ; frq:inst|cnt[24] ; clk        ; clk      ; None                        ; None                      ; 2.766 ns                ;
; N/A                                     ; 335.80 MHz ( period = 2.978 ns )                    ; frq:inst|cnt[6]  ; frq:inst|cnt[25] ; clk        ; clk      ; None                        ; None                      ; 2.766 ns                ;
; N/A                                     ; 336.81 MHz ( period = 2.969 ns )                    ; frq:inst|cnt[3]  ; frq:inst|cnt[21] ; clk        ; clk      ; None                        ; None                      ; 2.759 ns                ;
; N/A                                     ; 337.04 MHz ( period = 2.967 ns )                    ; frq:inst|cnt[1]  ; frq:inst|cnt[19] ; clk        ; clk      ; None                        ; None                      ; 2.757 ns                ;
; N/A                                     ; 337.38 MHz ( period = 2.964 ns )                    ; frq:inst|cnt[10] ; frq:inst|cnt[30] ; clk        ; clk      ; None                        ; None                      ; 2.752 ns                ;
; N/A                                     ; 337.38 MHz ( period = 2.964 ns )                    ; frq:inst|cnt[8]  ; frq:inst|cnt[28] ; clk        ; clk      ; None                        ; None                      ; 2.752 ns                ;
; N/A                                     ; 338.64 MHz ( period = 2.953 ns )                    ; frq:inst|cnt[0]  ; frq:inst|cnt[18] ; clk        ; clk      ; None                        ; None                      ; 2.743 ns                ;
; N/A                                     ; 338.98 MHz ( period = 2.950 ns )                    ; frq:inst|cnt[7]  ; frq:inst|cnt[26] ; clk        ; clk      ; None                        ; None                      ; 2.738 ns                ;
; N/A                                     ; 339.67 MHz ( period = 2.944 ns )                    ; frq:inst|cnt[4]  ; frq:inst|tmp     ; clk        ; clk      ; None                        ; None                      ; 2.642 ns                ;
; N/A                                     ; 341.41 MHz ( period = 2.929 ns )                    ; frq:inst|cnt[23] ; frq:inst|tmp     ; clk        ; clk      ; None                        ; None                      ; 2.625 ns                ;
; N/A                                     ; 341.41 MHz ( period = 2.929 ns )                    ; frq:inst|cnt[2]  ; frq:inst|cnt[22] ; clk        ; clk      ; None                        ; None                      ; 2.717 ns                ;
; N/A                                     ; 341.88 MHz ( period = 2.925 ns )                    ; frq:inst|cnt[11] ; frq:inst|cnt[31] ; clk        ; clk      ; None                        ; None                      ; 2.713 ns                ;
; N/A                                     ; 342.00 MHz ( period = 2.924 ns )                    ; frq:inst|cnt[9]  ; frq:inst|cnt[29] ; clk        ; clk      ; None                        ; None                      ; 2.712 ns                ;
; N/A                                     ; 342.23 MHz ( period = 2.922 ns )                    ; frq:inst|cnt[15] ; frq:inst|tmp     ; clk        ; clk      ; None                        ; None                      ; 2.620 ns                ;
; N/A                                     ; 344.00 MHz ( period = 2.907 ns )                    ; frq:inst|cnt[6]  ; frq:inst|cnt[24] ; clk        ; clk      ; None                        ; None                      ; 2.695 ns                ;
; N/A                                     ; 345.07 MHz ( period = 2.898 ns )                    ; frq:inst|cnt[3]  ; frq:inst|cnt[20] ; clk        ; clk      ; None                        ; None                      ; 2.688 ns                ;
; N/A                                     ; 345.30 MHz ( period = 2.896 ns )                    ; frq:inst|cnt[1]  ; frq:inst|cnt[18] ; clk        ; clk      ; None                        ; None                      ; 2.686 ns                ;
; N/A                                     ; 345.66 MHz ( period = 2.893 ns )                    ; frq:inst|cnt[12] ; frq:inst|cnt[31] ; clk        ; clk      ; None                        ; None                      ; 2.681 ns                ;
; N/A                                     ; 345.66 MHz ( period = 2.893 ns )                    ; frq:inst|cnt[10] ; frq:inst|cnt[29] ; clk        ; clk      ; None                        ; None                      ; 2.681 ns                ;
; N/A                                     ; 345.66 MHz ( period = 2.893 ns )                    ; frq:inst|cnt[8]  ; frq:inst|cnt[27] ; clk        ; clk      ; None                        ; None                      ; 2.681 ns                ;
; N/A                                     ; 346.98 MHz ( period = 2.882 ns )                    ; frq:inst|cnt[0]  ; frq:inst|cnt[17] ; clk        ; clk      ; None                        ; None                      ; 2.672 ns                ;
; N/A                                     ; 347.34 MHz ( period = 2.879 ns )                    ; frq:inst|cnt[7]  ; frq:inst|cnt[25] ; clk        ; clk      ; None                        ; None                      ; 2.667 ns                ;
; N/A                                     ; 349.28 MHz ( period = 2.863 ns )                    ; frq:inst|cnt[9]  ; frq:inst|tmp     ; clk        ; clk      ; None                        ; None                      ; 2.561 ns                ;
; N/A                                     ; 349.77 MHz ( period = 2.859 ns )                    ; frq:inst|cnt[4]  ; frq:inst|cnt[1]  ; clk        ; clk      ; None                        ; None                      ; 2.643 ns                ;
; N/A                                     ; 349.77 MHz ( period = 2.859 ns )                    ; frq:inst|cnt[4]  ; frq:inst|cnt[0]  ; clk        ; clk      ; None                        ; None                      ; 2.643 ns                ;
; N/A                                     ; 349.90 MHz ( period = 2.858 ns )                    ; frq:inst|cnt[4]  ; frq:inst|cnt[3]  ; clk        ; clk      ; None                        ; None                      ; 2.642 ns                ;
; N/A                                     ; 349.90 MHz ( period = 2.858 ns )                    ; frq:inst|cnt[4]  ; frq:inst|cnt[23] ; clk        ; clk      ; None                        ; None                      ; 2.646 ns                ;
; N/A                                     ; 349.90 MHz ( period = 2.858 ns )                    ; frq:inst|cnt[2]  ; frq:inst|cnt[21] ; clk        ; clk      ; None                        ; None                      ; 2.646 ns                ;
; N/A                                     ; 350.39 MHz ( period = 2.854 ns )                    ; frq:inst|cnt[11] ; frq:inst|cnt[30] ; clk        ; clk      ; None                        ; None                      ; 2.642 ns                ;
; N/A                                     ; 350.51 MHz ( period = 2.853 ns )                    ; frq:inst|cnt[9]  ; frq:inst|cnt[28] ; clk        ; clk      ; None                        ; None                      ; 2.641 ns                ;
; N/A                                     ; 351.49 MHz ( period = 2.845 ns )                    ; frq:inst|cnt[22] ; frq:inst|tmp     ; clk        ; clk      ; None                        ; None                      ; 2.541 ns                ;
; N/A                                     ; 351.74 MHz ( period = 2.843 ns )                    ; frq:inst|cnt[23] ; frq:inst|cnt[1]  ; clk        ; clk      ; None                        ; None                      ; 2.625 ns                ;
; N/A                                     ; 351.74 MHz ( period = 2.843 ns )                    ; frq:inst|cnt[23] ; frq:inst|cnt[3]  ; clk        ; clk      ; None                        ; None                      ; 2.625 ns                ;
; N/A                                     ; 352.24 MHz ( period = 2.839 ns )                    ; frq:inst|cnt[23] ; frq:inst|cnt[0]  ; clk        ; clk      ; None                        ; None                      ; 2.621 ns                ;
; N/A                                     ; 352.49 MHz ( period = 2.837 ns )                    ; frq:inst|cnt[15] ; frq:inst|cnt[1]  ; clk        ; clk      ; None                        ; None                      ; 2.621 ns                ;
; N/A                                     ; 352.49 MHz ( period = 2.837 ns )                    ; frq:inst|cnt[15] ; frq:inst|cnt[0]  ; clk        ; clk      ; None                        ; None                      ; 2.621 ns                ;
; N/A                                     ; 352.61 MHz ( period = 2.836 ns )                    ; frq:inst|cnt[15] ; frq:inst|cnt[3]  ; clk        ; clk      ; None                        ; None                      ; 2.620 ns                ;
; N/A                                     ; 353.73 MHz ( period = 2.827 ns )                    ; frq:inst|cnt[3]  ; frq:inst|cnt[19] ; clk        ; clk      ; None                        ; None                      ; 2.617 ns                ;
; N/A                                     ; 353.98 MHz ( period = 2.825 ns )                    ; frq:inst|cnt[1]  ; frq:inst|cnt[17] ; clk        ; clk      ; None                        ; None                      ; 2.615 ns                ;
; N/A                                     ; 354.36 MHz ( period = 2.822 ns )                    ; frq:inst|cnt[12] ; frq:inst|cnt[30] ; clk        ; clk      ; None                        ; None                      ; 2.610 ns                ;
; N/A                                     ; 354.36 MHz ( period = 2.822 ns )                    ; frq:inst|cnt[10] ; frq:inst|cnt[28] ; clk        ; clk      ; None                        ; None                      ; 2.610 ns                ;
; N/A                                     ; 354.36 MHz ( period = 2.822 ns )                    ; frq:inst|cnt[8]  ; frq:inst|cnt[26] ; clk        ; clk      ; None                        ; None                      ; 2.610 ns                ;
; N/A                                     ; 354.74 MHz ( period = 2.819 ns )                    ; frq:inst|cnt[5]  ; frq:inst|cnt[23] ; clk        ; clk      ; None                        ; None                      ; 2.607 ns                ;
; N/A                                     ; 355.75 MHz ( period = 2.811 ns )                    ; frq:inst|cnt[0]  ; frq:inst|cnt[16] ; clk        ; clk      ; None                        ; None                      ; 2.601 ns                ;
; N/A                                     ; 356.13 MHz ( period = 2.808 ns )                    ; frq:inst|cnt[7]  ; frq:inst|cnt[24] ; clk        ; clk      ; None                        ; None                      ; 2.596 ns                ;
; N/A                                     ; 356.51 MHz ( period = 2.805 ns )                    ; frq:inst|cnt[31] ; frq:inst|tmp     ; clk        ; clk      ; None                        ; None                      ; 2.501 ns                ;
; N/A                                     ; 358.81 MHz ( period = 2.787 ns )                    ; frq:inst|cnt[4]  ; frq:inst|cnt[22] ; clk        ; clk      ; None                        ; None                      ; 2.575 ns                ;
; N/A                                     ; 358.81 MHz ( period = 2.787 ns )                    ; frq:inst|cnt[2]  ; frq:inst|cnt[20] ; clk        ; clk      ; None                        ; None                      ; 2.575 ns                ;
; N/A                                     ; 358.81 MHz ( period = 2.787 ns )                    ; frq:inst|cnt[13] ; frq:inst|cnt[31] ; clk        ; clk      ; None                        ; None                      ; 2.575 ns                ;
; N/A                                     ; 359.32 MHz ( period = 2.783 ns )                    ; frq:inst|cnt[11] ; frq:inst|cnt[29] ; clk        ; clk      ; None                        ; None                      ; 2.571 ns                ;
; N/A                                     ; 359.45 MHz ( period = 2.782 ns )                    ; frq:inst|cnt[9]  ; frq:inst|cnt[27] ; clk        ; clk      ; None                        ; None                      ; 2.570 ns                ;
; N/A                                     ; 359.97 MHz ( period = 2.778 ns )                    ; frq:inst|cnt[9]  ; frq:inst|cnt[1]  ; clk        ; clk      ; None                        ; None                      ; 2.562 ns                ;
; N/A                                     ; 359.97 MHz ( period = 2.778 ns )                    ; frq:inst|cnt[9]  ; frq:inst|cnt[0]  ; clk        ; clk      ; None                        ; None                      ; 2.562 ns                ;
; N/A                                     ; 360.10 MHz ( period = 2.777 ns )                    ; frq:inst|cnt[9]  ; frq:inst|cnt[3]  ; clk        ; clk      ; None                        ; None                      ; 2.561 ns                ;
; N/A                                     ; 362.45 MHz ( period = 2.759 ns )                    ; frq:inst|cnt[22] ; frq:inst|cnt[1]  ; clk        ; clk      ; None                        ; None                      ; 2.541 ns                ;
; N/A                                     ; 362.45 MHz ( period = 2.759 ns )                    ; frq:inst|cnt[22] ; frq:inst|cnt[3]  ; clk        ; clk      ; None                        ; None                      ; 2.541 ns                ;
; N/A                                     ; 362.71 MHz ( period = 2.757 ns )                    ; frq:inst|cnt[5]  ; frq:inst|tmp     ; clk        ; clk      ; None                        ; None                      ; 2.455 ns                ;
; N/A                                     ; 362.84 MHz ( period = 2.756 ns )                    ; frq:inst|cnt[3]  ; frq:inst|cnt[18] ; clk        ; clk      ; None                        ; None                      ; 2.546 ns                ;
; N/A                                     ; 362.98 MHz ( period = 2.755 ns )                    ; frq:inst|cnt[22] ; frq:inst|cnt[0]  ; clk        ; clk      ; None                        ; None                      ; 2.537 ns                ;
; N/A                                     ; 363.11 MHz ( period = 2.754 ns )                    ; frq:inst|cnt[1]  ; frq:inst|cnt[16] ; clk        ; clk      ; None                        ; None                      ; 2.544 ns                ;
; N/A                                     ; 363.50 MHz ( period = 2.751 ns )                    ; frq:inst|cnt[12] ; frq:inst|cnt[29] ; clk        ; clk      ; None                        ; None                      ; 2.539 ns                ;
; N/A                                     ; 363.50 MHz ( period = 2.751 ns )                    ; frq:inst|cnt[8]  ; frq:inst|cnt[25] ; clk        ; clk      ; None                        ; None                      ; 2.539 ns                ;
; N/A                                     ; 363.50 MHz ( period = 2.751 ns )                    ; frq:inst|cnt[10] ; frq:inst|cnt[27] ; clk        ; clk      ; None                        ; None                      ; 2.539 ns                ;
; N/A                                     ; 363.90 MHz ( period = 2.748 ns )                    ; frq:inst|cnt[6]  ; frq:inst|cnt[23] ; clk        ; clk      ; None                        ; None                      ; 2.536 ns                ;
; N/A                                     ; 363.90 MHz ( period = 2.748 ns )                    ; frq:inst|cnt[5]  ; frq:inst|cnt[22] ; clk        ; clk      ; None                        ; None                      ; 2.536 ns                ;
; N/A                                     ; 367.78 MHz ( period = 2.719 ns )                    ; frq:inst|cnt[31] ; frq:inst|cnt[1]  ; clk        ; clk      ; None                        ; None                      ; 2.501 ns                ;
; N/A                                     ; 367.78 MHz ( period = 2.719 ns )                    ; frq:inst|cnt[31] ; frq:inst|cnt[3]  ; clk        ; clk      ; None                        ; None                      ; 2.501 ns                ;
; N/A                                     ; 367.92 MHz ( period = 2.718 ns )                    ; frq:inst|cnt[19] ; frq:inst|tmp     ; clk        ; clk      ; None                        ; None                      ; 2.414 ns                ;
; N/A                                     ; 368.19 MHz ( period = 2.716 ns )                    ; frq:inst|cnt[4]  ; frq:inst|cnt[21] ; clk        ; clk      ; None                        ; None                      ; 2.504 ns                ;
; N/A                                     ; 368.19 MHz ( period = 2.716 ns )                    ; frq:inst|cnt[2]  ; frq:inst|cnt[19] ; clk        ; clk      ; None                        ; None                      ; 2.504 ns                ;
; N/A                                     ; 368.19 MHz ( period = 2.716 ns )                    ; frq:inst|cnt[14] ; frq:inst|cnt[31] ; clk        ; clk      ; None                        ; None                      ; 2.504 ns                ;
; N/A                                     ; 368.19 MHz ( period = 2.716 ns )                    ; frq:inst|cnt[13] ; frq:inst|cnt[30] ; clk        ; clk      ; None                        ; None                      ; 2.504 ns                ;
; N/A                                     ; 368.32 MHz ( period = 2.715 ns )                    ; frq:inst|cnt[31] ; frq:inst|cnt[0]  ; clk        ; clk      ; None                        ; None                      ; 2.497 ns                ;
; N/A                                     ; 368.73 MHz ( period = 2.712 ns )                    ; frq:inst|cnt[11] ; frq:inst|cnt[28] ; clk        ; clk      ; None                        ; None                      ; 2.500 ns                ;
; N/A                                     ; 368.87 MHz ( period = 2.711 ns )                    ; frq:inst|cnt[9]  ; frq:inst|cnt[26] ; clk        ; clk      ; None                        ; None                      ; 2.499 ns                ;
; N/A                                     ; 372.44 MHz ( period = 2.685 ns )                    ; frq:inst|cnt[3]  ; frq:inst|cnt[17] ; clk        ; clk      ; None                        ; None                      ; 2.475 ns                ;
; N/A                                     ; 373.13 MHz ( period = 2.680 ns )                    ; frq:inst|cnt[12] ; frq:inst|cnt[28] ; clk        ; clk      ; None                        ; None                      ; 2.468 ns                ;
; N/A                                     ; 373.13 MHz ( period = 2.680 ns )                    ; frq:inst|cnt[8]  ; frq:inst|cnt[24] ; clk        ; clk      ; None                        ; None                      ; 2.468 ns                ;
; N/A                                     ; 373.13 MHz ( period = 2.680 ns )                    ; frq:inst|cnt[10] ; frq:inst|cnt[26] ; clk        ; clk      ; None                        ; None                      ; 2.468 ns                ;
; N/A                                     ; 373.55 MHz ( period = 2.677 ns )                    ; frq:inst|cnt[6]  ; frq:inst|cnt[22] ; clk        ; clk      ; None                        ; None                      ; 2.465 ns                ;
; N/A                                     ; 373.55 MHz ( period = 2.677 ns )                    ; frq:inst|cnt[5]  ; frq:inst|cnt[21] ; clk        ; clk      ; None                        ; None                      ; 2.465 ns                ;
; N/A                                     ; 374.25 MHz ( period = 2.672 ns )                    ; frq:inst|cnt[5]  ; frq:inst|cnt[1]  ; clk        ; clk      ; None                        ; None                      ; 2.456 ns                ;
; N/A                                     ; 374.25 MHz ( period = 2.672 ns )                    ; frq:inst|cnt[5]  ; frq:inst|cnt[0]  ; clk        ; clk      ; None                        ; None                      ; 2.456 ns                ;
; N/A                                     ; 374.39 MHz ( period = 2.671 ns )                    ; frq:inst|cnt[5]  ; frq:inst|cnt[3]  ; clk        ; clk      ; None                        ; None                      ; 2.455 ns                ;
; N/A                                     ; 374.53 MHz ( period = 2.670 ns )                    ; frq:inst|cnt[0]  ; frq:inst|cnt[3]  ; clk        ; clk      ; None                        ; None                      ; 2.456 ns                ;
; N/A                                     ; 374.95 MHz ( period = 2.667 ns )                    ; frq:inst|cnt[0]  ; frq:inst|cnt[15] ; clk        ; clk      ; None                        ; None                      ; 2.455 ns                ;
; N/A                                     ; 375.52 MHz ( period = 2.663 ns )                    ; frq:inst|cnt[7]  ; frq:inst|tmp     ; clk        ; clk      ; None                        ; None                      ; 2.361 ns                ;
; N/A                                     ; 375.66 MHz ( period = 2.662 ns )                    ; frq:inst|cnt[15] ; frq:inst|cnt[31] ; clk        ; clk      ; None                        ; None                      ; 2.450 ns                ;
; N/A                                     ; 377.50 MHz ( period = 2.649 ns )                    ; frq:inst|cnt[7]  ; frq:inst|cnt[23] ; clk        ; clk      ; None                        ; None                      ; 2.437 ns                ;
; N/A                                     ; 377.79 MHz ( period = 2.647 ns )                    ; frq:inst|cnt[24] ; frq:inst|tmp     ; clk        ; clk      ; None                        ; None                      ; 2.343 ns                ;
; N/A                                     ; 378.07 MHz ( period = 2.645 ns )                    ; frq:inst|cnt[4]  ; frq:inst|cnt[20] ; clk        ; clk      ; None                        ; None                      ; 2.433 ns                ;
; N/A                                     ; 378.07 MHz ( period = 2.645 ns )                    ; frq:inst|cnt[2]  ; frq:inst|cnt[18] ; clk        ; clk      ; None                        ; None                      ; 2.433 ns                ;
; N/A                                     ; 378.07 MHz ( period = 2.645 ns )                    ; frq:inst|cnt[14] ; frq:inst|cnt[30] ; clk        ; clk      ; None                        ; None                      ; 2.433 ns                ;
; N/A                                     ; 378.07 MHz ( period = 2.645 ns )                    ; frq:inst|cnt[13] ; frq:inst|cnt[29] ; clk        ; clk      ; None                        ; None                      ; 2.433 ns                ;
; N/A                                     ; 378.64 MHz ( period = 2.641 ns )                    ; frq:inst|cnt[11] ; frq:inst|cnt[27] ; clk        ; clk      ; None                        ; None                      ; 2.429 ns                ;
; N/A                                     ; 378.79 MHz ( period = 2.640 ns )                    ; frq:inst|cnt[9]  ; frq:inst|cnt[25] ; clk        ; clk      ; None                        ; None                      ; 2.428 ns                ;
; N/A                                     ; 379.94 MHz ( period = 2.632 ns )                    ; frq:inst|cnt[19] ; frq:inst|cnt[1]  ; clk        ; clk      ; None                        ; None                      ; 2.414 ns                ;
; N/A                                     ; 379.94 MHz ( period = 2.632 ns )                    ; frq:inst|cnt[19] ; frq:inst|cnt[3]  ; clk        ; clk      ; None                        ; None                      ; 2.414 ns                ;
; N/A                                     ; 380.52 MHz ( period = 2.628 ns )                    ; frq:inst|cnt[19] ; frq:inst|cnt[0]  ; clk        ; clk      ; None                        ; None                      ; 2.410 ns                ;
; N/A                                     ; 380.81 MHz ( period = 2.626 ns )                    ; frq:inst|cnt[21] ; frq:inst|tmp     ; clk        ; clk      ; None                        ; None                      ; 2.322 ns                ;
; N/A                                     ; 381.24 MHz ( period = 2.623 ns )                    ; frq:inst|cnt[14] ; frq:inst|tmp     ; clk        ; clk      ; None                        ; None                      ; 2.321 ns                ;
; N/A                                     ; 382.56 MHz ( period = 2.614 ns )                    ; frq:inst|cnt[3]  ; frq:inst|cnt[16] ; clk        ; clk      ; None                        ; None                      ; 2.404 ns                ;
; N/A                                     ; 382.70 MHz ( period = 2.613 ns )                    ; frq:inst|cnt[1]  ; frq:inst|cnt[3]  ; clk        ; clk      ; None                        ; None                      ; 2.399 ns                ;
; N/A                                     ; 383.14 MHz ( period = 2.610 ns )                    ; frq:inst|cnt[1]  ; frq:inst|cnt[15] ; clk        ; clk      ; None                        ; None                      ; 2.398 ns                ;
; N/A                                     ; 383.29 MHz ( period = 2.609 ns )                    ; frq:inst|cnt[10] ; frq:inst|cnt[25] ; clk        ; clk      ; None                        ; None                      ; 2.397 ns                ;
; N/A                                     ; 383.29 MHz ( period = 2.609 ns )                    ; frq:inst|cnt[12] ; frq:inst|cnt[27] ; clk        ; clk      ; None                        ; None                      ; 2.397 ns                ;
; N/A                                     ; 383.73 MHz ( period = 2.606 ns )                    ; frq:inst|cnt[5]  ; frq:inst|cnt[20] ; clk        ; clk      ; None                        ; None                      ; 2.394 ns                ;
; N/A                                     ; 383.73 MHz ( period = 2.606 ns )                    ; frq:inst|cnt[6]  ; frq:inst|cnt[21] ; clk        ; clk      ; None                        ; None                      ; 2.394 ns                ;
; N/A                                     ; 384.02 MHz ( period = 2.604 ns )                    ; frq:inst|cnt[11] ; frq:inst|tmp     ; clk        ; clk      ; None                        ; None                      ; 2.302 ns                ;
; N/A                                     ; 384.62 MHz ( period = 2.600 ns )                    ; frq:inst|cnt[10] ; frq:inst|tmp     ; clk        ; clk      ; None                        ; None                      ; 2.298 ns                ;
; N/A                                     ; 384.76 MHz ( period = 2.599 ns )                    ; frq:inst|cnt[25] ; frq:inst|tmp     ; clk        ; clk      ; None                        ; None                      ; 2.295 ns                ;
; N/A                                     ; 385.21 MHz ( period = 2.596 ns )                    ; frq:inst|cnt[0]  ; frq:inst|cnt[14] ; clk        ; clk      ; None                        ; None                      ; 2.384 ns                ;
; N/A                                     ; 385.95 MHz ( period = 2.591 ns )                    ; frq:inst|cnt[15] ; frq:inst|cnt[30] ; clk        ; clk      ; None                        ; None                      ; 2.379 ns                ;
; N/A                                     ; 387.90 MHz ( period = 2.578 ns )                    ; frq:inst|cnt[7]  ; frq:inst|cnt[1]  ; clk        ; clk      ; None                        ; None                      ; 2.362 ns                ;
; N/A                                     ; 387.90 MHz ( period = 2.578 ns )                    ; frq:inst|cnt[7]  ; frq:inst|cnt[0]  ; clk        ; clk      ; None                        ; None                      ; 2.362 ns                ;
; N/A                                     ; 387.90 MHz ( period = 2.578 ns )                    ; frq:inst|cnt[7]  ; frq:inst|cnt[22] ; clk        ; clk      ; None                        ; None                      ; 2.366 ns                ;
; N/A                                     ; 388.05 MHz ( period = 2.577 ns )                    ; frq:inst|cnt[7]  ; frq:inst|cnt[3]  ; clk        ; clk      ; None                        ; None                      ; 2.361 ns                ;
; N/A                                     ; 388.50 MHz ( period = 2.574 ns )                    ; frq:inst|cnt[4]  ; frq:inst|cnt[19] ; clk        ; clk      ; None                        ; None                      ; 2.362 ns                ;
; N/A                                     ; 388.50 MHz ( period = 2.574 ns )                    ; frq:inst|cnt[2]  ; frq:inst|cnt[17] ; clk        ; clk      ; None                        ; None                      ; 2.362 ns                ;
; N/A                                     ; 388.50 MHz ( period = 2.574 ns )                    ; frq:inst|cnt[13] ; frq:inst|cnt[28] ; clk        ; clk      ; None                        ; None                      ; 2.362 ns                ;
; N/A                                     ; 388.50 MHz ( period = 2.574 ns )                    ; frq:inst|cnt[14] ; frq:inst|cnt[29] ; clk        ; clk      ; None                        ; None                      ; 2.362 ns                ;
; N/A                                     ; 389.11 MHz ( period = 2.570 ns )                    ; frq:inst|cnt[11] ; frq:inst|cnt[26] ; clk        ; clk      ; None                        ; None                      ; 2.358 ns                ;
; N/A                                     ; 389.26 MHz ( period = 2.569 ns )                    ; frq:inst|cnt[9]  ; frq:inst|cnt[24] ; clk        ; clk      ; None                        ; None                      ; 2.357 ns                ;
; N/A                                     ; 390.47 MHz ( period = 2.561 ns )                    ; frq:inst|cnt[24] ; frq:inst|cnt[1]  ; clk        ; clk      ; None                        ; None                      ; 2.343 ns                ;
; Timing analysis restricted to 200 rows. ; To change the limit use Settings (Assignments menu) ;                  ;                  ;            ;          ;                             ;                           ;                         ;
+-----------------------------------------+-----------------------------------------------------+------------------+------------------+------------+----------+-----------------------------+---------------------------+-------------------------+


+--------------------------------------------------------------------------------+
; tsu                                                                            ;
+-------+--------------+------------+---------+-----------------------+----------+
; Slack ; Required tsu ; Actual tsu ; From    ; To                    ; To Clock ;
+-------+--------------+------------+---------+-----------------------+----------+
; N/A   ; None         ; 1.730 ns   ; freq[3] ; counter:inst1|cnt[7]  ; clk      ;
; N/A   ; None         ; 1.730 ns   ; freq[3] ; counter:inst1|cnt[6]  ; clk      ;
; N/A   ; None         ; 1.730 ns   ; freq[3] ; counter:inst1|cnt[5]  ; clk      ;
; N/A   ; None         ; 1.730 ns   ; freq[3] ; counter:inst1|cnt[4]  ; clk      ;
; N/A   ; None         ; 1.730 ns   ; freq[3] ; counter:inst1|cnt[3]  ; clk      ;
; N/A   ; None         ; 1.730 ns   ; freq[3] ; counter:inst1|cnt[2]  ; clk      ;
; N/A   ; None         ; 1.730 ns   ; freq[3] ; counter:inst1|cnt[1]  ; clk      ;
; N/A   ; None         ; 1.730 ns   ; freq[3] ; counter:inst1|cnt[0]  ; clk      ;
; N/A   ; None         ; 1.727 ns   ; freq[4] ; counter:inst1|cnt[7]  ; clk      ;
; N/A   ; None         ; 1.727 ns   ; freq[4] ; counter:inst1|cnt[6]  ; clk      ;
; N/A   ; None         ; 1.727 ns   ; freq[4] ; counter:inst1|cnt[5]  ; clk      ;
; N/A   ; None         ; 1.727 ns   ; freq[4] ; counter:inst1|cnt[4]  ; clk      ;
; N/A   ; None         ; 1.727 ns   ; freq[4] ; counter:inst1|cnt[3]  ; clk      ;
; N/A   ; None         ; 1.727 ns   ; freq[4] ; counter:inst1|cnt[2]  ; clk      ;
; N/A   ; None         ; 1.727 ns   ; freq[4] ; counter:inst1|cnt[1]  ; clk      ;
; N/A   ; None         ; 1.727 ns   ; freq[4] ; counter:inst1|cnt[0]  ; clk      ;
; N/A   ; None         ; 1.570 ns   ; freq[5] ; counter:inst1|cnt[7]  ; clk      ;
; N/A   ; None         ; 1.570 ns   ; freq[5] ; counter:inst1|cnt[6]  ; clk      ;
; N/A   ; None         ; 1.570 ns   ; freq[5] ; counter:inst1|cnt[5]  ; clk      ;
; N/A   ; None         ; 1.570 ns   ; freq[5] ; counter:inst1|cnt[4]  ; clk      ;
; N/A   ; None         ; 1.570 ns   ; freq[5] ; counter:inst1|cnt[3]  ; clk      ;
; N/A   ; None         ; 1.570 ns   ; freq[5] ; counter:inst1|cnt[2]  ; clk      ;
; N/A   ; None         ; 1.570 ns   ; freq[5] ; counter:inst1|cnt[1]  ; clk      ;
; N/A   ; None         ; 1.570 ns   ; freq[5] ; counter:inst1|cnt[0]  ; clk      ;
; N/A   ; None         ; 1.547 ns   ; freq[6] ; counter:inst1|cnt[7]  ; clk      ;
; N/A   ; None         ; 1.547 ns   ; freq[6] ; counter:inst1|cnt[6]  ; clk      ;
; N/A   ; None         ; 1.547 ns   ; freq[6] ; counter:inst1|cnt[5]  ; clk      ;
; N/A   ; None         ; 1.547 ns   ; freq[6] ; counter:inst1|cnt[4]  ; clk      ;
; N/A   ; None         ; 1.547 ns   ; freq[6] ; counter:inst1|cnt[3]  ; clk      ;
; N/A   ; None         ; 1.547 ns   ; freq[6] ; counter:inst1|cnt[2]  ; clk      ;
; N/A   ; None         ; 1.547 ns   ; freq[6] ; counter:inst1|cnt[1]  ; clk      ;
; N/A   ; None         ; 1.547 ns   ; freq[6] ; counter:inst1|cnt[0]  ; clk      ;
; N/A   ; None         ; 1.126 ns   ; freq[7] ; counter:inst1|cnt[7]  ; clk      ;
; N/A   ; None         ; 1.126 ns   ; freq[7] ; counter:inst1|cnt[6]  ; clk      ;
; N/A   ; None         ; 1.126 ns   ; freq[7] ; counter:inst1|cnt[5]  ; clk      ;
; N/A   ; None         ; 1.126 ns   ; freq[7] ; counter:inst1|cnt[4]  ; clk      ;
; N/A   ; None         ; 1.126 ns   ; freq[7] ; counter:inst1|cnt[3]  ; clk      ;
; N/A   ; None         ; 1.126 ns   ; freq[7] ; counter:inst1|cnt[2]  ; clk      ;
; N/A   ; None         ; 1.126 ns   ; freq[7] ; counter:inst1|cnt[1]  ; clk      ;
; N/A   ; None         ; 1.126 ns   ; freq[7] ; counter:inst1|cnt[0]  ; clk      ;
; N/A   ; None         ; -0.554 ns  ; duty[0] ; comparateur:inst2|tmp ; clk      ;
; N/A   ; None         ; -0.743 ns  ; duty[1] ; comparateur:inst2|tmp ; clk      ;
; N/A   ; None         ; -0.784 ns  ; duty[2] ; comparateur:inst2|tmp ; clk      ;
; N/A   ; None         ; -1.566 ns  ; freq[0] ; counter:inst1|cnt[7]  ; clk      ;
; N/A   ; None         ; -1.566 ns  ; freq[0] ; counter:inst1|cnt[6]  ; clk      ;
; N/A   ; None         ; -1.566 ns  ; freq[0] ; counter:inst1|cnt[5]  ; clk      ;
; N/A   ; None         ; -1.566 ns  ; freq[0] ; counter:inst1|cnt[4]  ; clk      ;
; N/A   ; None         ; -1.566 ns  ; freq[0] ; counter:inst1|cnt[3]  ; clk      ;
; N/A   ; None         ; -1.566 ns  ; freq[0] ; counter:inst1|cnt[2]  ; clk      ;
; N/A   ; None         ; -1.566 ns  ; freq[0] ; counter:inst1|cnt[1]  ; clk      ;
; N/A   ; None         ; -1.566 ns  ; freq[0] ; counter:inst1|cnt[0]  ; clk      ;
; N/A   ; None         ; -1.734 ns  ; duty[3] ; comparateur:inst2|tmp ; clk      ;
; N/A   ; None         ; -1.758 ns  ; freq[2] ; counter:inst1|cnt[7]  ; clk      ;
; N/A   ; None         ; -1.758 ns  ; freq[2] ; counter:inst1|cnt[6]  ; clk      ;
; N/A   ; None         ; -1.758 ns  ; freq[2] ; counter:inst1|cnt[5]  ; clk      ;
; N/A   ; None         ; -1.758 ns  ; freq[2] ; counter:inst1|cnt[4]  ; clk      ;
; N/A   ; None         ; -1.758 ns  ; freq[2] ; counter:inst1|cnt[3]  ; clk      ;
; N/A   ; None         ; -1.758 ns  ; freq[2] ; counter:inst1|cnt[2]  ; clk      ;
; N/A   ; None         ; -1.758 ns  ; freq[2] ; counter:inst1|cnt[1]  ; clk      ;
; N/A   ; None         ; -1.758 ns  ; freq[2] ; counter:inst1|cnt[0]  ; clk      ;
; N/A   ; None         ; -1.799 ns  ; freq[1] ; counter:inst1|cnt[7]  ; clk      ;
; N/A   ; None         ; -1.799 ns  ; freq[1] ; counter:inst1|cnt[6]  ; clk      ;
; N/A   ; None         ; -1.799 ns  ; freq[1] ; counter:inst1|cnt[5]  ; clk      ;
; N/A   ; None         ; -1.799 ns  ; freq[1] ; counter:inst1|cnt[4]  ; clk      ;
; N/A   ; None         ; -1.799 ns  ; freq[1] ; counter:inst1|cnt[3]  ; clk      ;
; N/A   ; None         ; -1.799 ns  ; freq[1] ; counter:inst1|cnt[2]  ; clk      ;
; N/A   ; None         ; -1.799 ns  ; freq[1] ; counter:inst1|cnt[1]  ; clk      ;
; N/A   ; None         ; -1.799 ns  ; freq[1] ; counter:inst1|cnt[0]  ; clk      ;
; N/A   ; None         ; -1.985 ns  ; duty[4] ; comparateur:inst2|tmp ; clk      ;
; N/A   ; None         ; -2.029 ns  ; duty[5] ; comparateur:inst2|tmp ; clk      ;
; N/A   ; None         ; -2.158 ns  ; duty[7] ; comparateur:inst2|tmp ; clk      ;
; N/A   ; None         ; -2.220 ns  ; duty[6] ; comparateur:inst2|tmp ; clk      ;
+-------+--------------+------------+---------+-----------------------+----------+


+----------------------------------------------------------------------------------+
; tco                                                                              ;
+-------+--------------+------------+-----------------------+---------+------------+
; Slack ; Required tco ; Actual tco ; From                  ; To      ; From Clock ;
+-------+--------------+------------+-----------------------+---------+------------+
; N/A   ; None         ; 12.002 ns  ; comparateur:inst2|tmp ; pwm_out ; clk        ;
+-------+--------------+------------+-----------------------+---------+------------+


+--------------------------------------------------------------------------------------+
; th                                                                                   ;
+---------------+-------------+-----------+---------+-----------------------+----------+
; Minimum Slack ; Required th ; Actual th ; From    ; To                    ; To Clock ;
+---------------+-------------+-----------+---------+-----------------------+----------+
; N/A           ; None        ; 2.450 ns  ; duty[6] ; comparateur:inst2|tmp ; clk      ;
; N/A           ; None        ; 2.388 ns  ; duty[7] ; comparateur:inst2|tmp ; clk      ;
; N/A           ; None        ; 2.259 ns  ; duty[5] ; comparateur:inst2|tmp ; clk      ;
; N/A           ; None        ; 2.215 ns  ; duty[4] ; comparateur:inst2|tmp ; clk      ;
; N/A           ; None        ; 2.029 ns  ; freq[1] ; counter:inst1|cnt[7]  ; clk      ;
; N/A           ; None        ; 2.029 ns  ; freq[1] ; counter:inst1|cnt[6]  ; clk      ;
; N/A           ; None        ; 2.029 ns  ; freq[1] ; counter:inst1|cnt[5]  ; clk      ;
; N/A           ; None        ; 2.029 ns  ; freq[1] ; counter:inst1|cnt[4]  ; clk      ;
; N/A           ; None        ; 2.029 ns  ; freq[1] ; counter:inst1|cnt[3]  ; clk      ;
; N/A           ; None        ; 2.029 ns  ; freq[1] ; counter:inst1|cnt[2]  ; clk      ;
; N/A           ; None        ; 2.029 ns  ; freq[1] ; counter:inst1|cnt[1]  ; clk      ;
; N/A           ; None        ; 2.029 ns  ; freq[1] ; counter:inst1|cnt[0]  ; clk      ;
; N/A           ; None        ; 1.988 ns  ; freq[2] ; counter:inst1|cnt[7]  ; clk      ;
; N/A           ; None        ; 1.988 ns  ; freq[2] ; counter:inst1|cnt[6]  ; clk      ;
; N/A           ; None        ; 1.988 ns  ; freq[2] ; counter:inst1|cnt[5]  ; clk      ;
; N/A           ; None        ; 1.988 ns  ; freq[2] ; counter:inst1|cnt[4]  ; clk      ;
; N/A           ; None        ; 1.988 ns  ; freq[2] ; counter:inst1|cnt[3]  ; clk      ;
; N/A           ; None        ; 1.988 ns  ; freq[2] ; counter:inst1|cnt[2]  ; clk      ;
; N/A           ; None        ; 1.988 ns  ; freq[2] ; counter:inst1|cnt[1]  ; clk      ;
; N/A           ; None        ; 1.988 ns  ; freq[2] ; counter:inst1|cnt[0]  ; clk      ;
; N/A           ; None        ; 1.964 ns  ; duty[3] ; comparateur:inst2|tmp ; clk      ;
; N/A           ; None        ; 1.796 ns  ; freq[0] ; counter:inst1|cnt[7]  ; clk      ;
; N/A           ; None        ; 1.796 ns  ; freq[0] ; counter:inst1|cnt[6]  ; clk      ;
; N/A           ; None        ; 1.796 ns  ; freq[0] ; counter:inst1|cnt[5]  ; clk      ;
; N/A           ; None        ; 1.796 ns  ; freq[0] ; counter:inst1|cnt[4]  ; clk      ;
; N/A           ; None        ; 1.796 ns  ; freq[0] ; counter:inst1|cnt[3]  ; clk      ;
; N/A           ; None        ; 1.796 ns  ; freq[0] ; counter:inst1|cnt[2]  ; clk      ;
; N/A           ; None        ; 1.796 ns  ; freq[0] ; counter:inst1|cnt[1]  ; clk      ;
; N/A           ; None        ; 1.796 ns  ; freq[0] ; counter:inst1|cnt[0]  ; clk      ;
; N/A           ; None        ; 1.014 ns  ; duty[2] ; comparateur:inst2|tmp ; clk      ;
; N/A           ; None        ; 0.973 ns  ; duty[1] ; comparateur:inst2|tmp ; clk      ;
; N/A           ; None        ; 0.784 ns  ; duty[0] ; comparateur:inst2|tmp ; clk      ;
; N/A           ; None        ; -0.896 ns ; freq[7] ; counter:inst1|cnt[7]  ; clk      ;
; N/A           ; None        ; -0.896 ns ; freq[7] ; counter:inst1|cnt[6]  ; clk      ;
; N/A           ; None        ; -0.896 ns ; freq[7] ; counter:inst1|cnt[5]  ; clk      ;
; N/A           ; None        ; -0.896 ns ; freq[7] ; counter:inst1|cnt[4]  ; clk      ;
; N/A           ; None        ; -0.896 ns ; freq[7] ; counter:inst1|cnt[3]  ; clk      ;
; N/A           ; None        ; -0.896 ns ; freq[7] ; counter:inst1|cnt[2]  ; clk      ;
; N/A           ; None        ; -0.896 ns ; freq[7] ; counter:inst1|cnt[1]  ; clk      ;
; N/A           ; None        ; -0.896 ns ; freq[7] ; counter:inst1|cnt[0]  ; clk      ;
; N/A           ; None        ; -1.317 ns ; freq[6] ; counter:inst1|cnt[7]  ; clk      ;
; N/A           ; None        ; -1.317 ns ; freq[6] ; counter:inst1|cnt[6]  ; clk      ;
; N/A           ; None        ; -1.317 ns ; freq[6] ; counter:inst1|cnt[5]  ; clk      ;
; N/A           ; None        ; -1.317 ns ; freq[6] ; counter:inst1|cnt[4]  ; clk      ;
; N/A           ; None        ; -1.317 ns ; freq[6] ; counter:inst1|cnt[3]  ; clk      ;
; N/A           ; None        ; -1.317 ns ; freq[6] ; counter:inst1|cnt[2]  ; clk      ;
; N/A           ; None        ; -1.317 ns ; freq[6] ; counter:inst1|cnt[1]  ; clk      ;
; N/A           ; None        ; -1.317 ns ; freq[6] ; counter:inst1|cnt[0]  ; clk      ;
; N/A           ; None        ; -1.340 ns ; freq[5] ; counter:inst1|cnt[7]  ; clk      ;
; N/A           ; None        ; -1.340 ns ; freq[5] ; counter:inst1|cnt[6]  ; clk      ;
; N/A           ; None        ; -1.340 ns ; freq[5] ; counter:inst1|cnt[5]  ; clk      ;
; N/A           ; None        ; -1.340 ns ; freq[5] ; counter:inst1|cnt[4]  ; clk      ;
; N/A           ; None        ; -1.340 ns ; freq[5] ; counter:inst1|cnt[3]  ; clk      ;
; N/A           ; None        ; -1.340 ns ; freq[5] ; counter:inst1|cnt[2]  ; clk      ;
; N/A           ; None        ; -1.340 ns ; freq[5] ; counter:inst1|cnt[1]  ; clk      ;
; N/A           ; None        ; -1.340 ns ; freq[5] ; counter:inst1|cnt[0]  ; clk      ;
; N/A           ; None        ; -1.497 ns ; freq[4] ; counter:inst1|cnt[7]  ; clk      ;
; N/A           ; None        ; -1.497 ns ; freq[4] ; counter:inst1|cnt[6]  ; clk      ;
; N/A           ; None        ; -1.497 ns ; freq[4] ; counter:inst1|cnt[5]  ; clk      ;
; N/A           ; None        ; -1.497 ns ; freq[4] ; counter:inst1|cnt[4]  ; clk      ;
; N/A           ; None        ; -1.497 ns ; freq[4] ; counter:inst1|cnt[3]  ; clk      ;
; N/A           ; None        ; -1.497 ns ; freq[4] ; counter:inst1|cnt[2]  ; clk      ;
; N/A           ; None        ; -1.497 ns ; freq[4] ; counter:inst1|cnt[1]  ; clk      ;
; N/A           ; None        ; -1.497 ns ; freq[4] ; counter:inst1|cnt[0]  ; clk      ;
; N/A           ; None        ; -1.500 ns ; freq[3] ; counter:inst1|cnt[7]  ; clk      ;
; N/A           ; None        ; -1.500 ns ; freq[3] ; counter:inst1|cnt[6]  ; clk      ;
; N/A           ; None        ; -1.500 ns ; freq[3] ; counter:inst1|cnt[5]  ; clk      ;
; N/A           ; None        ; -1.500 ns ; freq[3] ; counter:inst1|cnt[4]  ; clk      ;
; N/A           ; None        ; -1.500 ns ; freq[3] ; counter:inst1|cnt[3]  ; clk      ;
; N/A           ; None        ; -1.500 ns ; freq[3] ; counter:inst1|cnt[2]  ; clk      ;
; N/A           ; None        ; -1.500 ns ; freq[3] ; counter:inst1|cnt[1]  ; clk      ;
; N/A           ; None        ; -1.500 ns ; freq[3] ; counter:inst1|cnt[0]  ; clk      ;
+---------------+-------------+-----------+---------+-----------------------+----------+


+--------------------------+
; Timing Analyzer Messages ;
+--------------------------+
Info: *******************************************************************
Info: Running Quartus II Classic Timing Analyzer
    Info: Version 9.0 Build 235 06/17/2009 Service Pack 2 SJ Web Edition
    Info: Processing started: Tue Sep 20 09:47:47 2022
Info: Command: quartus_tan --read_settings_files=off --write_settings_files=off PWM -c PWM --timing_analysis_only
Warning: Found pins functioning as undefined clocks and/or memory enables
    Info: Assuming node "clk" is an undefined clock
Warning: Found 1 node(s) in clock paths which may be acting as ripple and/or gated clocks -- node(s) analyzed as buffer(s) resulting in clock skew
    Info: Detected ripple clock "frq:inst|tmp" as buffer
Info: Clock "clk" has Internal fmax of 252.27 MHz between source register "frq:inst|cnt[0]" and destination register "frq:inst|cnt[31]" (period= 3.964 ns)
    Info: + Longest register to register delay is 3.754 ns
        Info: 1: + IC(0.000 ns) + CELL(0.000 ns) = 0.000 ns; Loc. = LCFF_X17_Y20_N15; Fanout = 3; REG Node = 'frq:inst|cnt[0]'
        Info: 2: + IC(0.465 ns) + CELL(0.414 ns) = 0.879 ns; Loc. = LCCOMB_X18_Y20_N0; Fanout = 2; COMB Node = 'frq:inst|Add0~1'
        Info: 3: + IC(0.000 ns) + CELL(0.071 ns) = 0.950 ns; Loc. = LCCOMB_X18_Y20_N2; Fanout = 2; COMB Node = 'frq:inst|Add0~3'
        Info: 4: + IC(0.000 ns) + CELL(0.071 ns) = 1.021 ns; Loc. = LCCOMB_X18_Y20_N4; Fanout = 2; COMB Node = 'frq:inst|Add0~5'
        Info: 5: + IC(0.000 ns) + CELL(0.071 ns) = 1.092 ns; Loc. = LCCOMB_X18_Y20_N6; Fanout = 2; COMB Node = 'frq:inst|Add0~7'
        Info: 6: + IC(0.000 ns) + CELL(0.071 ns) = 1.163 ns; Loc. = LCCOMB_X18_Y20_N8; Fanout = 2; COMB Node = 'frq:inst|Add0~9'
        Info: 7: + IC(0.000 ns) + CELL(0.071 ns) = 1.234 ns; Loc. = LCCOMB_X18_Y20_N10; Fanout = 2; COMB Node = 'frq:inst|Add0~11'
        Info: 8: + IC(0.000 ns) + CELL(0.071 ns) = 1.305 ns; Loc. = LCCOMB_X18_Y20_N12; Fanout = 2; COMB Node = 'frq:inst|Add0~13'
        Info: 9: + IC(0.000 ns) + CELL(0.159 ns) = 1.464 ns; Loc. = LCCOMB_X18_Y20_N14; Fanout = 2; COMB Node = 'frq:inst|Add0~15'
        Info: 10: + IC(0.000 ns) + CELL(0.071 ns) = 1.535 ns; Loc. = LCCOMB_X18_Y20_N16; Fanout = 2; COMB Node = 'frq:inst|Add0~17'
        Info: 11: + IC(0.000 ns) + CELL(0.071 ns) = 1.606 ns; Loc. = LCCOMB_X18_Y20_N18; Fanout = 2; COMB Node = 'frq:inst|Add0~19'
        Info: 12: + IC(0.000 ns) + CELL(0.071 ns) = 1.677 ns; Loc. = LCCOMB_X18_Y20_N20; Fanout = 2; COMB Node = 'frq:inst|Add0~21'
        Info: 13: + IC(0.000 ns) + CELL(0.071 ns) = 1.748 ns; Loc. = LCCOMB_X18_Y20_N22; Fanout = 2; COMB Node = 'frq:inst|Add0~23'
        Info: 14: + IC(0.000 ns) + CELL(0.071 ns) = 1.819 ns; Loc. = LCCOMB_X18_Y20_N24; Fanout = 2; COMB Node = 'frq:inst|Add0~25'
        Info: 15: + IC(0.000 ns) + CELL(0.071 ns) = 1.890 ns; Loc. = LCCOMB_X18_Y20_N26; Fanout = 2; COMB Node = 'frq:inst|Add0~27'
        Info: 16: + IC(0.000 ns) + CELL(0.071 ns) = 1.961 ns; Loc. = LCCOMB_X18_Y20_N28; Fanout = 2; COMB Node = 'frq:inst|Add0~29'
        Info: 17: + IC(0.000 ns) + CELL(0.146 ns) = 2.107 ns; Loc. = LCCOMB_X18_Y20_N30; Fanout = 2; COMB Node = 'frq:inst|Add0~31'
        Info: 18: + IC(0.000 ns) + CELL(0.071 ns) = 2.178 ns; Loc. = LCCOMB_X18_Y19_N0; Fanout = 2; COMB Node = 'frq:inst|Add0~33'
        Info: 19: + IC(0.000 ns) + CELL(0.071 ns) = 2.249 ns; Loc. = LCCOMB_X18_Y19_N2; Fanout = 2; COMB Node = 'frq:inst|Add0~35'
        Info: 20: + IC(0.000 ns) + CELL(0.071 ns) = 2.320 ns; Loc. = LCCOMB_X18_Y19_N4; Fanout = 2; COMB Node = 'frq:inst|Add0~37'
        Info: 21: + IC(0.000 ns) + CELL(0.071 ns) = 2.391 ns; Loc. = LCCOMB_X18_Y19_N6; Fanout = 2; COMB Node = 'frq:inst|Add0~39'
        Info: 22: + IC(0.000 ns) + CELL(0.071 ns) = 2.462 ns; Loc. = LCCOMB_X18_Y19_N8; Fanout = 2; COMB Node = 'frq:inst|Add0~41'
        Info: 23: + IC(0.000 ns) + CELL(0.071 ns) = 2.533 ns; Loc. = LCCOMB_X18_Y19_N10; Fanout = 2; COMB Node = 'frq:inst|Add0~43'
        Info: 24: + IC(0.000 ns) + CELL(0.071 ns) = 2.604 ns; Loc. = LCCOMB_X18_Y19_N12; Fanout = 2; COMB Node = 'frq:inst|Add0~45'
        Info: 25: + IC(0.000 ns) + CELL(0.159 ns) = 2.763 ns; Loc. = LCCOMB_X18_Y19_N14; Fanout = 2; COMB Node = 'frq:inst|Add0~47'
        Info: 26: + IC(0.000 ns) + CELL(0.071 ns) = 2.834 ns; Loc. = LCCOMB_X18_Y19_N16; Fanout = 2; COMB Node = 'frq:inst|Add0~49'
        Info: 27: + IC(0.000 ns) + CELL(0.071 ns) = 2.905 ns; Loc. = LCCOMB_X18_Y19_N18; Fanout = 2; COMB Node = 'frq:inst|Add0~51'
        Info: 28: + IC(0.000 ns) + CELL(0.071 ns) = 2.976 ns; Loc. = LCCOMB_X18_Y19_N20; Fanout = 2; COMB Node = 'frq:inst|Add0~53'
        Info: 29: + IC(0.000 ns) + CELL(0.071 ns) = 3.047 ns; Loc. = LCCOMB_X18_Y19_N22; Fanout = 2; COMB Node = 'frq:inst|Add0~55'
        Info: 30: + IC(0.000 ns) + CELL(0.071 ns) = 3.118 ns; Loc. = LCCOMB_X18_Y19_N24; Fanout = 2; COMB Node = 'frq:inst|Add0~57'
        Info: 31: + IC(0.000 ns) + CELL(0.071 ns) = 3.189 ns; Loc. = LCCOMB_X18_Y19_N26; Fanout = 2; COMB Node = 'frq:inst|Add0~59'
        Info: 32: + IC(0.000 ns) + CELL(0.071 ns) = 3.260 ns; Loc. = LCCOMB_X18_Y19_N28; Fanout = 1; COMB Node = 'frq:inst|Add0~61'
        Info: 33: + IC(0.000 ns) + CELL(0.410 ns) = 3.670 ns; Loc. = LCCOMB_X18_Y19_N30; Fanout = 1; COMB Node = 'frq:inst|Add0~62'
        Info: 34: + IC(0.000 ns) + CELL(0.084 ns) = 3.754 ns; Loc. = LCFF_X18_Y19_N31; Fanout = 2; REG Node = 'frq:inst|cnt[31]'
        Info: Total cell delay = 3.289 ns ( 87.61 % )
        Info: Total interconnect delay = 0.465 ns ( 12.39 % )
    Info: - Smallest clock skew is 0.004 ns
        Info: + Shortest clock path from clock "clk" to destination register is 2.683 ns
            Info: 1: + IC(0.000 ns) + CELL(0.999 ns) = 0.999 ns; Loc. = PIN_N2; Fanout = 2; CLK Node = 'clk'
            Info: 2: + IC(0.118 ns) + CELL(0.000 ns) = 1.117 ns; Loc. = CLKCTRL_G2; Fanout = 32; COMB Node = 'clk~clkctrl'
            Info: 3: + IC(1.029 ns) + CELL(0.537 ns) = 2.683 ns; Loc. = LCFF_X18_Y19_N31; Fanout = 2; REG Node = 'frq:inst|cnt[31]'
            Info: Total cell delay = 1.536 ns ( 57.25 % )
            Info: Total interconnect delay = 1.147 ns ( 42.75 % )
        Info: - Longest clock path from clock "clk" to source register is 2.679 ns
            Info: 1: + IC(0.000 ns) + CELL(0.999 ns) = 0.999 ns; Loc. = PIN_N2; Fanout = 2; CLK Node = 'clk'
            Info: 2: + IC(0.118 ns) + CELL(0.000 ns) = 1.117 ns; Loc. = CLKCTRL_G2; Fanout = 32; COMB Node = 'clk~clkctrl'
            Info: 3: + IC(1.025 ns) + CELL(0.537 ns) = 2.679 ns; Loc. = LCFF_X17_Y20_N15; Fanout = 3; REG Node = 'frq:inst|cnt[0]'
            Info: Total cell delay = 1.536 ns ( 57.33 % )
            Info: Total interconnect delay = 1.143 ns ( 42.67 % )
    Info: + Micro clock to output delay of source is 0.250 ns
    Info: + Micro setup delay of destination is -0.036 ns
Info: tsu for register "counter:inst1|cnt[7]" (data pin = "freq[3]", clock pin = "clk") is 1.730 ns
    Info: + Longest pin to register delay is 7.736 ns
        Info: 1: + IC(0.000 ns) + CELL(0.832 ns) = 0.832 ns; Loc. = PIN_T7; Fanout = 1; PIN Node = 'freq[3]'
        Info: 2: + IC(5.156 ns) + CELL(0.393 ns) = 6.381 ns; Loc. = LCCOMB_X8_Y10_N22; Fanout = 1; COMB Node = 'counter:inst1|LessThan0~7'
        Info: 3: + IC(0.000 ns) + CELL(0.071 ns) = 6.452 ns; Loc. = LCCOMB_X8_Y10_N24; Fanout = 1; COMB Node = 'counter:inst1|LessThan0~9'
        Info: 4: + IC(0.000 ns) + CELL(0.071 ns) = 6.523 ns; Loc. = LCCOMB_X8_Y10_N26; Fanout = 1; COMB Node = 'counter:inst1|LessThan0~11'
        Info: 5: + IC(0.000 ns) + CELL(0.071 ns) = 6.594 ns; Loc. = LCCOMB_X8_Y10_N28; Fanout = 1; COMB Node = 'counter:inst1|LessThan0~13'
        Info: 6: + IC(0.000 ns) + CELL(0.410 ns) = 7.004 ns; Loc. = LCCOMB_X8_Y10_N30; Fanout = 8; COMB Node = 'counter:inst1|LessThan0~14'
        Info: 7: + IC(0.222 ns) + CELL(0.510 ns) = 7.736 ns; Loc. = LCFF_X8_Y10_N15; Fanout = 3; REG Node = 'counter:inst1|cnt[7]'
        Info: Total cell delay = 2.358 ns ( 30.48 % )
        Info: Total interconnect delay = 5.378 ns ( 69.52 % )
    Info: + Micro setup delay of destination is -0.036 ns
    Info: - Shortest clock path from clock "clk" to destination register is 5.970 ns
        Info: 1: + IC(0.000 ns) + CELL(0.999 ns) = 0.999 ns; Loc. = PIN_N2; Fanout = 2; CLK Node = 'clk'
        Info: 2: + IC(1.057 ns) + CELL(0.787 ns) = 2.843 ns; Loc. = LCFF_X17_Y20_N23; Fanout = 2; REG Node = 'frq:inst|tmp'
        Info: 3: + IC(1.595 ns) + CELL(0.000 ns) = 4.438 ns; Loc. = CLKCTRL_G3; Fanout = 9; COMB Node = 'frq:inst|tmp~clkctrl'
        Info: 4: + IC(0.995 ns) + CELL(0.537 ns) = 5.970 ns; Loc. = LCFF_X8_Y10_N15; Fanout = 3; REG Node = 'counter:inst1|cnt[7]'
        Info: Total cell delay = 2.323 ns ( 38.91 % )
        Info: Total interconnect delay = 3.647 ns ( 61.09 % )
Info: tco from clock "clk" to destination pin "pwm_out" through register "comparateur:inst2|tmp" is 12.002 ns
    Info: + Longest clock path from clock "clk" to source register is 5.971 ns
        Info: 1: + IC(0.000 ns) + CELL(0.999 ns) = 0.999 ns; Loc. = PIN_N2; Fanout = 2; CLK Node = 'clk'
        Info: 2: + IC(1.057 ns) + CELL(0.787 ns) = 2.843 ns; Loc. = LCFF_X17_Y20_N23; Fanout = 2; REG Node = 'frq:inst|tmp'
        Info: 3: + IC(1.595 ns) + CELL(0.000 ns) = 4.438 ns; Loc. = CLKCTRL_G3; Fanout = 9; COMB Node = 'frq:inst|tmp~clkctrl'
        Info: 4: + IC(0.996 ns) + CELL(0.537 ns) = 5.971 ns; Loc. = LCFF_X9_Y10_N1; Fanout = 1; REG Node = 'comparateur:inst2|tmp'
        Info: Total cell delay = 2.323 ns ( 38.90 % )
        Info: Total interconnect delay = 3.648 ns ( 61.10 % )
    Info: + Micro clock to output delay of source is 0.250 ns
    Info: + Longest register to pin delay is 5.781 ns
        Info: 1: + IC(0.000 ns) + CELL(0.000 ns) = 0.000 ns; Loc. = LCFF_X9_Y10_N1; Fanout = 1; REG Node = 'comparateur:inst2|tmp'
        Info: 2: + IC(3.119 ns) + CELL(2.662 ns) = 5.781 ns; Loc. = PIN_D25; Fanout = 0; PIN Node = 'pwm_out'
        Info: Total cell delay = 2.662 ns ( 46.05 % )
        Info: Total interconnect delay = 3.119 ns ( 53.95 % )
Info: th for register "comparateur:inst2|tmp" (data pin = "duty[6]", clock pin = "clk") is 2.450 ns
    Info: + Longest clock path from clock "clk" to destination register is 5.971 ns
        Info: 1: + IC(0.000 ns) + CELL(0.999 ns) = 0.999 ns; Loc. = PIN_N2; Fanout = 2; CLK Node = 'clk'
        Info: 2: + IC(1.057 ns) + CELL(0.787 ns) = 2.843 ns; Loc. = LCFF_X17_Y20_N23; Fanout = 2; REG Node = 'frq:inst|tmp'
        Info: 3: + IC(1.595 ns) + CELL(0.000 ns) = 4.438 ns; Loc. = CLKCTRL_G3; Fanout = 9; COMB Node = 'frq:inst|tmp~clkctrl'
        Info: 4: + IC(0.996 ns) + CELL(0.537 ns) = 5.971 ns; Loc. = LCFF_X9_Y10_N1; Fanout = 1; REG Node = 'comparateur:inst2|tmp'
        Info: Total cell delay = 2.323 ns ( 38.90 % )
        Info: Total interconnect delay = 3.648 ns ( 61.10 % )
    Info: + Micro hold delay of destination is 0.266 ns
    Info: - Shortest pin to register delay is 3.787 ns
        Info: 1: + IC(0.000 ns) + CELL(0.989 ns) = 0.989 ns; Loc. = PIN_AC13; Fanout = 1; PIN Node = 'duty[6]'
        Info: 2: + IC(1.520 ns) + CELL(0.393 ns) = 2.902 ns; Loc. = LCCOMB_X9_Y10_N20; Fanout = 1; COMB Node = 'comparateur:inst2|LessThan0~13'
        Info: 3: + IC(0.000 ns) + CELL(0.410 ns) = 3.312 ns; Loc. = LCCOMB_X9_Y10_N22; Fanout = 1; COMB Node = 'comparateur:inst2|LessThan0~14'
        Info: 4: + IC(0.241 ns) + CELL(0.150 ns) = 3.703 ns; Loc. = LCCOMB_X9_Y10_N0; Fanout = 1; COMB Node = 'comparateur:inst2|tmp~0'
        Info: 5: + IC(0.000 ns) + CELL(0.084 ns) = 3.787 ns; Loc. = LCFF_X9_Y10_N1; Fanout = 1; REG Node = 'comparateur:inst2|tmp'
        Info: Total cell delay = 2.026 ns ( 53.50 % )
        Info: Total interconnect delay = 1.761 ns ( 46.50 % )
Info: Quartus II Classic Timing Analyzer was successful. 0 errors, 2 warnings
    Info: Peak virtual memory: 173 megabytes
    Info: Processing ended: Tue Sep 20 09:47:47 2022
    Info: Elapsed time: 00:00:00
    Info: Total CPU time (on all processors): 00:00:00


