Info: Starting: Create block symbol file (.bsf)
Info: qsys-generate C:\BE\SOPC2\button.qsys --block-symbol-file --output-directory=C:\BE\SOPC2\button --family="Cyclone IV E" --part=EP4CE22F17C6
Progress: Loading SOPC2/button.qsys
Progress: Reading input file
Progress: Adding Button [altera_avalon_pio 18.1]
Progress: Parameterizing module Button
Progress: Adding LED [altera_avalon_pio 18.1]
Progress: Parameterizing module LED
Progress: Adding clk_0 [clock_source 18.1]
Progress: Parameterizing module clk_0
Progress: Adding cpu [altera_nios2_gen2 18.1]
Progress: Parameterizing module cpu
Progress: Adding jtag [altera_avalon_jtag_uart 18.1]
Progress: Parameterizing module jtag
Progress: Adding ram [altera_avalon_onchip_memory2 18.1]
Progress: Parameterizing module ram
Progress: Building connections
Progress: Parameterizing connections
Progress: Validating
Progress: Done reading input file
Info: button.Button: PIO inputs are not hardwired in test bench. Undefined values will be read from PIO inputs during simulation.
Info: button.jtag: JTAG UART IP input clock need to be at least double (2x) the operating frequency of JTAG TCK on board
Info: qsys-generate succeeded.
Info: Finished: Create block symbol file (.bsf)
Info: 
Info: Starting: Create HDL design files for synthesis
Info: qsys-generate C:\BE\SOPC2\button.qsys --synthesis=VHDL --output-directory=C:\BE\SOPC2\button\synthesis --family="Cyclone IV E" --part=EP4CE22F17C6
Progress: Loading SOPC2/button.qsys
Progress: Reading input file
Progress: Adding Button [altera_avalon_pio 18.1]
Progress: Parameterizing module Button
Progress: Adding LED [altera_avalon_pio 18.1]
Progress: Parameterizing module LED
Progress: Adding clk_0 [clock_source 18.1]
Progress: Parameterizing module clk_0
Progress: Adding cpu [altera_nios2_gen2 18.1]
Progress: Parameterizing module cpu
Progress: Adding jtag [altera_avalon_jtag_uart 18.1]
Progress: Parameterizing module jtag
Progress: Adding ram [altera_avalon_onchip_memory2 18.1]
Progress: Parameterizing module ram
Progress: Building connections
Progress: Parameterizing connections
Progress: Validating
Progress: Done reading input file
Info: button.Button: PIO inputs are not hardwired in test bench. Undefined values will be read from PIO inputs during simulation.
Info: button.jtag: JTAG UART IP input clock need to be at least double (2x) the operating frequency of JTAG TCK on board
Info: button: Generating button "button" for QUARTUS_SYNTH
Info: Button: Starting RTL generation for module 'button_Button'
Info: Button:   Generation command is [exec C:/intelfpga_lite/18.1/quartus/bin64/perl/bin/perl.exe -I C:/intelfpga_lite/18.1/quartus/bin64/perl/lib -I C:/intelfpga_lite/18.1/quartus/sopc_builder/bin/europa -I C:/intelfpga_lite/18.1/quartus/sopc_builder/bin/perl_lib -I C:/intelfpga_lite/18.1/quartus/sopc_builder/bin -I C:/intelfpga_lite/18.1/quartus/../ip/altera/sopc_builder_ip/common -I C:/intelfpga_lite/18.1/quartus/../ip/altera/sopc_builder_ip/altera_avalon_pio -- C:/intelfpga_lite/18.1/quartus/../ip/altera/sopc_builder_ip/altera_avalon_pio/generate_rtl.pl --name=button_Button --dir=C:/Users/Etudiant/AppData/Local/Temp/alt9269_5527943702209457830.dir/0002_Button_gen/ --quartus_dir=C:/intelfpga_lite/18.1/quartus --verilog --config=C:/Users/Etudiant/AppData/Local/Temp/alt9269_5527943702209457830.dir/0002_Button_gen//button_Button_component_configuration.pl  --do_build_sim=0  ]
Info: Button: Done RTL generation for module 'button_Button'
Info: Button: "button" instantiated altera_avalon_pio "Button"
Info: LED: Starting RTL generation for module 'button_LED'
Info: LED:   Generation command is [exec C:/intelfpga_lite/18.1/quartus/bin64/perl/bin/perl.exe -I C:/intelfpga_lite/18.1/quartus/bin64/perl/lib -I C:/intelfpga_lite/18.1/quartus/sopc_builder/bin/europa -I C:/intelfpga_lite/18.1/quartus/sopc_builder/bin/perl_lib -I C:/intelfpga_lite/18.1/quartus/sopc_builder/bin -I C:/intelfpga_lite/18.1/quartus/../ip/altera/sopc_builder_ip/common -I C:/intelfpga_lite/18.1/quartus/../ip/altera/sopc_builder_ip/altera_avalon_pio -- C:/intelfpga_lite/18.1/quartus/../ip/altera/sopc_builder_ip/altera_avalon_pio/generate_rtl.pl --name=button_LED --dir=C:/Users/Etudiant/AppData/Local/Temp/alt9269_5527943702209457830.dir/0003_LED_gen/ --quartus_dir=C:/intelfpga_lite/18.1/quartus --verilog --config=C:/Users/Etudiant/AppData/Local/Temp/alt9269_5527943702209457830.dir/0003_LED_gen//button_LED_component_configuration.pl  --do_build_sim=0  ]
Info: LED: Done RTL generation for module 'button_LED'
Info: LED: "button" instantiated altera_avalon_pio "LED"
Info: cpu: "button" instantiated altera_nios2_gen2 "cpu"
Info: jtag: Starting RTL generation for module 'button_jtag'
Info: jtag:   Generation command is [exec C:/intelfpga_lite/18.1/quartus/bin64/perl/bin/perl.exe -I C:/intelfpga_lite/18.1/quartus/bin64/perl/lib -I C:/intelfpga_lite/18.1/quartus/sopc_builder/bin/europa -I C:/intelfpga_lite/18.1/quartus/sopc_builder/bin/perl_lib -I C:/intelfpga_lite/18.1/quartus/sopc_builder/bin -I C:/intelfpga_lite/18.1/quartus/../ip/altera/sopc_builder_ip/common -I C:/intelfpga_lite/18.1/quartus/../ip/altera/sopc_builder_ip/altera_avalon_jtag_uart -- C:/intelfpga_lite/18.1/quartus/../ip/altera/sopc_builder_ip/altera_avalon_jtag_uart/generate_rtl.pl --name=button_jtag --dir=C:/Users/Etudiant/AppData/Local/Temp/alt9269_5527943702209457830.dir/0004_jtag_gen/ --quartus_dir=C:/intelfpga_lite/18.1/quartus --verilog --config=C:/Users/Etudiant/AppData/Local/Temp/alt9269_5527943702209457830.dir/0004_jtag_gen//button_jtag_component_configuration.pl  --do_build_sim=0  ]
Info: jtag: Done RTL generation for module 'button_jtag'
Info: jtag: "button" instantiated altera_avalon_jtag_uart "jtag"
Info: ram: Starting RTL generation for module 'button_ram'
Info: ram:   Generation command is [exec C:/intelfpga_lite/18.1/quartus/bin64/perl/bin/perl.exe -I C:/intelfpga_lite/18.1/quartus/bin64/perl/lib -I C:/intelfpga_lite/18.1/quartus/sopc_builder/bin/europa -I C:/intelfpga_lite/18.1/quartus/sopc_builder/bin/perl_lib -I C:/intelfpga_lite/18.1/quartus/sopc_builder/bin -I C:/intelfpga_lite/18.1/quartus/../ip/altera/sopc_builder_ip/common -I C:/intelfpga_lite/18.1/quartus/../ip/altera/sopc_builder_ip/altera_avalon_onchip_memory2 -- C:/intelfpga_lite/18.1/quartus/../ip/altera/sopc_builder_ip/altera_avalon_onchip_memory2/generate_rtl.pl --name=button_ram --dir=C:/Users/Etudiant/AppData/Local/Temp/alt9269_5527943702209457830.dir/0005_ram_gen/ --quartus_dir=C:/intelfpga_lite/18.1/quartus --verilog --config=C:/Users/Etudiant/AppData/Local/Temp/alt9269_5527943702209457830.dir/0005_ram_gen//button_ram_component_configuration.pl  --do_build_sim=0  ]
Info: ram: Done RTL generation for module 'button_ram'
Info: ram: "button" instantiated altera_avalon_onchip_memory2 "ram"
Info: avalon_st_adapter: Inserting error_adapter: error_adapter_0
Info: avalon_st_adapter_001: Inserting error_adapter: error_adapter_0
Info: avalon_st_adapter_002: Inserting error_adapter: error_adapter_0
Info: avalon_st_adapter_003: Inserting error_adapter: error_adapter_0
Info: avalon_st_adapter_004: Inserting error_adapter: error_adapter_0
Info: mm_interconnect_0: "button" instantiated altera_mm_interconnect "mm_interconnect_0"
Info: irq_mapper: "button" instantiated altera_irq_mapper "irq_mapper"
Info: rst_controller: "button" instantiated altera_reset_controller "rst_controller"
Info: cpu: Starting RTL generation for module 'button_cpu_cpu'
Info: cpu:   Generation command is [exec C:/intelFPGA_lite/18.1/quartus/bin64//eperlcmd.exe -I C:/intelFPGA_lite/18.1/quartus/bin64//perl/lib -I C:/intelfpga_lite/18.1/quartus/sopc_builder/bin/europa -I C:/intelfpga_lite/18.1/quartus/sopc_builder/bin/perl_lib -I C:/intelfpga_lite/18.1/quartus/sopc_builder/bin -I C:/intelfpga_lite/18.1/quartus/../ip/altera/nios2_ip/altera_nios2_gen2/cpu_lib -I C:/intelfpga_lite/18.1/quartus/../ip/altera/nios2_ip/altera_nios2_gen2/nios_lib -I C:/intelfpga_lite/18.1/quartus/../ip/altera/nios2_ip/altera_nios2_gen2 -I C:/intelfpga_lite/18.1/quartus/../ip/altera/nios2_ip/altera_nios2_gen2 -- C:/intelfpga_lite/18.1/quartus/../ip/altera/nios2_ip/altera_nios2_gen2/generate_rtl.epl --name=button_cpu_cpu --dir=C:/Users/Etudiant/AppData/Local/Temp/alt9269_5527943702209457830.dir/0008_cpu_gen/ --quartus_bindir=C:/intelFPGA_lite/18.1/quartus/bin64/ --verilog --config=C:/Users/Etudiant/AppData/Local/Temp/alt9269_5527943702209457830.dir/0008_cpu_gen//button_cpu_cpu_processor_configuration.pl  --do_build_sim=0  ]
Info: cpu: # 2022.10.04 10:42:48 (*) Starting Nios II generation
Info: cpu: # 2022.10.04 10:42:48 (*)   Checking for plaintext license.
Info: cpu: # 2022.10.04 10:42:48 (*)   Couldn't query license setup in Quartus directory C:/intelFPGA_lite/18.1/quartus/bin64/
Info: cpu: # 2022.10.04 10:42:48 (*)   Defaulting to contents of LM_LICENSE_FILE environment variable
Info: cpu: # 2022.10.04 10:42:48 (*)   LM_LICENSE_FILE environment variable is empty
Info: cpu: # 2022.10.04 10:42:48 (*)   Plaintext license not found.
Info: cpu: # 2022.10.04 10:42:48 (*)   No license required to generate encrypted Nios II/e.
Info: cpu: # 2022.10.04 10:42:48 (*)   Elaborating CPU configuration settings
Info: cpu: # 2022.10.04 10:42:48 (*)   Creating all objects for CPU
Info: cpu: # 2022.10.04 10:42:49 (*)   Generating RTL from CPU objects
Info: cpu: # 2022.10.04 10:42:49 (*)   Creating plain-text RTL
Info: cpu: # 2022.10.04 10:42:49 (*) Done Nios II generation
Info: cpu: Done RTL generation for module 'button_cpu_cpu'
Info: cpu: "cpu" instantiated altera_nios2_gen2_unit "cpu"
Info: cpu_data_master_translator: "mm_interconnect_0" instantiated altera_merlin_master_translator "cpu_data_master_translator"
Info: jtag_avalon_jtag_slave_translator: "mm_interconnect_0" instantiated altera_merlin_slave_translator "jtag_avalon_jtag_slave_translator"
Info: cpu_data_master_agent: "mm_interconnect_0" instantiated altera_merlin_master_agent "cpu_data_master_agent"
Info: jtag_avalon_jtag_slave_agent: "mm_interconnect_0" instantiated altera_merlin_slave_agent "jtag_avalon_jtag_slave_agent"
Info: jtag_avalon_jtag_slave_agent_rsp_fifo: "mm_interconnect_0" instantiated altera_avalon_sc_fifo "jtag_avalon_jtag_slave_agent_rsp_fifo"
Info: router: "mm_interconnect_0" instantiated altera_merlin_router "router"
Info: router_002: "mm_interconnect_0" instantiated altera_merlin_router "router_002"
Info: cmd_demux: "mm_interconnect_0" instantiated altera_merlin_demultiplexer "cmd_demux"
Info: cmd_mux: "mm_interconnect_0" instantiated altera_merlin_multiplexer "cmd_mux"
Info: rsp_demux: "mm_interconnect_0" instantiated altera_merlin_demultiplexer "rsp_demux"
Info: rsp_mux: "mm_interconnect_0" instantiated altera_merlin_multiplexer "rsp_mux"
Info: Reusing file C:/BE/SOPC2/button/synthesis/submodules/altera_merlin_arbitrator.sv
Info: avalon_st_adapter: "mm_interconnect_0" instantiated altera_avalon_st_adapter "avalon_st_adapter"
Info: error_adapter_0: "avalon_st_adapter" instantiated error_adapter "error_adapter_0"
Info: button: Done "button" with 23 modules, 38 files
Info: qsys-generate succeeded.
Info: Finished: Create HDL design files for synthesis
